RUN	SmokeTest.getCreditLimitClient	getcreditlimitclient	1569523975003	 	3.0.2
USER	SmokeTest	1	START	1569523976799	1569523976799
USER	SmokeTest	2	START	1569523977060	1569523977060
USER	SmokeTest	3	START	1569523977257	1569523977257
USER	SmokeTest	4	START	1569523977457	1569523977457
USER	SmokeTest	5	START	1569523977666	1569523977666
REQUEST	1		SmokeTest	1569523976837	1569523979422	KO	status.find.in(200,201,202,203,204,205,206,207,208,209,304), found 400
REQUEST	2		SmokeTest	1569523977061	1569523979422	KO	status.find.in(200,201,202,203,204,205,206,207,208,209,304), found 400
REQUEST	3		SmokeTest	1569523977258	1569523979422	KO	status.find.in(200,201,202,203,204,205,206,207,208,209,304), found 400
USER	SmokeTest	1	END	1569523976799	1569523979470
USER	SmokeTest	6	START	1569523979472	1569523979472
USER	SmokeTest	3	END	1569523977257	1569523979470
USER	SmokeTest	7	START	1569523979473	1569523979473
USER	SmokeTest	2	END	1569523977060	1569523979470
USER	SmokeTest	8	START	1569523979475	1569523979475
REQUEST	5		SmokeTest	1569523977667	1569523980111	KO	status.find.in(200,201,202,203,204,205,206,207,208,209,304), found 400
USER	SmokeTest	5	END	1569523977666	1569523980113
USER	SmokeTest	9	START	1569523980114	1569523980114
REQUEST	4		SmokeTest	1569523977458	1569523980115	KO	status.find.in(200,201,202,203,204,205,206,207,208,209,304), found 400
USER	SmokeTest	4	END	1569523977457	1569523980117
USER	SmokeTest	10	START	1569523980118	1569523980118
REQUEST	8		SmokeTest	1569523979475	1569523981415	KO	status.find.in(200,201,202,203,204,205,206,207,208,209,304), found 400
REQUEST	7		SmokeTest	1569523979474	1569523981415	KO	status.find.in(200,201,202,203,204,205,206,207,208,209,304), found 400
USER	SmokeTest	7	END	1569523979473	1569523981417
USER	SmokeTest	11	START	1569523981418	1569523981418
USER	SmokeTest	8	END	1569523979475	1569523981417
USER	SmokeTest	12	START	1569523981419	1569523981419
USER	SmokeTest	13	START	1569523981809	1569523981809
REQUEST	6		SmokeTest	1569523979472	1569523981833	KO	status.find.in(200,201,202,203,204,205,206,207,208,209,304), found 400
USER	SmokeTest	6	END	1569523979472	1569523981835
USER	SmokeTest	14	START	1569523981835	1569523981835
REQUEST	10		SmokeTest	1569523980119	1569523982530	KO	status.find.in(200,201,202,203,204,205,206,207,208,209,304), found 400
REQUEST	9		SmokeTest	1569523980115	1569523982530	KO	status.find.in(200,201,202,203,204,205,206,207,208,209,304), found 400
USER	SmokeTest	10	END	1569523980118	1569523982531
USER	SmokeTest	15	START	1569523982532	1569523982532
USER	SmokeTest	9	END	1569523980114	1569523982531
USER	SmokeTest	16	START	1569523982533	1569523982533
REQUEST	12		SmokeTest	1569523981420	1569523983814	KO	status.find.in(200,201,202,203,204,205,206,207,208,209,304), found 400
REQUEST	14		SmokeTest	1569523981836	1569523983815	KO	status.find.in(200,201,202,203,204,205,206,207,208,209,304), found 400
REQUEST	13		SmokeTest	1569523981810	1569523983817	KO	status.find.in(200,201,202,203,204,205,206,207,208,209,304), found 400
USER	SmokeTest	13	END	1569523981809	1569523983821
USER	SmokeTest	17	START	1569523983822	1569523983822
USER	SmokeTest	12	END	1569523981419	1569523983824
USER	SmokeTest	18	START	1569523983825	1569523983825
USER	SmokeTest	14	END	1569523981835	1569523983848
USER	SmokeTest	19	START	1569523983848	1569523983848
REQUEST	11		SmokeTest	1569523981419	1569523984403	KO	status.find.in(200,201,202,203,204,205,206,207,208,209,304), found 400
USER	SmokeTest	11	END	1569523981418	1569523984410
USER	SmokeTest	20	START	1569523984411	1569523984411
REQUEST	15		SmokeTest	1569523982532	1569523985714	KO	status.find.in(200,201,202,203,204,205,206,207,208,209,304), found 400
REQUEST	16		SmokeTest	1569523982534	1569523985718	KO	status.find.in(200,201,202,203,204,205,206,207,208,209,304), found 400
REQUEST	17		SmokeTest	1569523983824	1569523985723	KO	status.find.in(200,201,202,203,204,205,206,207,208,209,304), found 400
USER	SmokeTest	16	END	1569523982533	1569523985723
USER	SmokeTest	21	START	1569523985727	1569523985727
USER	SmokeTest	15	END	1569523982532	1569523985726
USER	SmokeTest	22	START	1569523985730	1569523985730
USER	SmokeTest	17	END	1569523983822	1569523985728
USER	SmokeTest	23	START	1569523985733	1569523985733
REQUEST	19		SmokeTest	1569523983849	1569523986804	KO	status.find.in(200,201,202,203,204,205,206,207,208,209,304), found 400
USER	SmokeTest	19	END	1569523983848	1569523986805
USER	SmokeTest	24	START	1569523986806	1569523986806
REQUEST	18		SmokeTest	1569523983827	1569523987010	KO	status.find.in(200,201,202,203,204,205,206,207,208,209,304), found 400
USER	SmokeTest	18	END	1569523983825	1569523987012
USER	SmokeTest	25	START	1569523987012	1569523987012
REQUEST	20		SmokeTest	1569523984414	1569523987118	KO	status.find.in(200,201,202,203,204,205,206,207,208,209,304), found 400
USER	SmokeTest	20	END	1569523984411	1569523987125
USER	SmokeTest	26	START	1569523987126	1569523987126
REQUEST	23		SmokeTest	1569523985734	1569523988011	KO	status.find.in(200,201,202,203,204,205,206,207,208,209,304), found 400
USER	SmokeTest	23	END	1569523985733	1569523988016
USER	SmokeTest	27	START	1569523988017	1569523988017
REQUEST	21		SmokeTest	1569523985729	1569523989116	KO	status.find.in(200,201,202,203,204,205,206,207,208,209,304), found 400
USER	SmokeTest	21	END	1569523985727	1569523989121
USER	SmokeTest	28	START	1569523989122	1569523989122
REQUEST	24		SmokeTest	1569523986806	1569523989809	KO	status.find.in(200,201,202,203,204,205,206,207,208,209,304), found 400
USER	SmokeTest	24	END	1569523986806	1569523989815
USER	SmokeTest	29	START	1569523989816	1569523989816
REQUEST	25		SmokeTest	1569523987013	1569523990210	KO	status.find.in(200,201,202,203,204,205,206,207,208,209,304), found 400
USER	SmokeTest	25	END	1569523987012	1569523990212
USER	SmokeTest	30	START	1569523990212	1569523990212
REQUEST	22		SmokeTest	1569523985731	1569523990215	KO	status.find.in(200,201,202,203,204,205,206,207,208,209,304), found 400
USER	SmokeTest	22	END	1569523985730	1569523990216
USER	SmokeTest	31	START	1569523990216	1569523990216
REQUEST	26		SmokeTest	1569523987128	1569523990316	KO	status.find.in(200,201,202,203,204,205,206,207,208,209,304), found 400
USER	SmokeTest	26	END	1569523987126	1569523990318
USER	SmokeTest	32	START	1569523990318	1569523990318
REQUEST	27		SmokeTest	1569523988018	1569523990807	KO	status.find.in(200,201,202,203,204,205,206,207,208,209,304), found 400
USER	SmokeTest	27	END	1569523988017	1569523990811
USER	SmokeTest	33	START	1569523990811	1569523990811
REQUEST	28		SmokeTest	1569523989125	1569523992205	KO	status.find.in(200,201,202,203,204,205,206,207,208,209,304), found 400
USER	SmokeTest	28	END	1569523989122	1569523992208
USER	SmokeTest	34	START	1569523992208	1569523992208
REQUEST	32		SmokeTest	1569523990319	1569523993306	KO	status.find.in(200,201,202,203,204,205,206,207,208,209,304), found 400
USER	SmokeTest	32	END	1569523990318	1569523993339
USER	SmokeTest	35	START	1569523993339	1569523993339
REQUEST	30		SmokeTest	1569523990213	1569523993406	KO	status.find.in(200,201,202,203,204,205,206,207,208,209,304), found 400
REQUEST	31		SmokeTest	1569523990217	1569523993407	KO	status.find.in(200,201,202,203,204,205,206,207,208,209,304), found 400
USER	SmokeTest	30	END	1569523990212	1569523993408
USER	SmokeTest	36	START	1569523993409	1569523993409
USER	SmokeTest	31	END	1569523990216	1569523993409
USER	SmokeTest	37	START	1569523993410	1569523993410
REQUEST	29		SmokeTest	1569523989818	1569523993612	KO	status.find.in(200,201,202,203,204,205,206,207,208,209,304), found 400
USER	SmokeTest	29	END	1569523989816	1569523993614
USER	SmokeTest	38	START	1569523993614	1569523993614
USER	SmokeTest	39	START	1569523993809	1569523993809
REQUEST	33		SmokeTest	1569523990812	1569523993902	KO	status.find.in(200,201,202,203,204,205,206,207,208,209,304), found 400
USER	SmokeTest	33	END	1569523990811	1569523993904
USER	SmokeTest	40	START	1569523993904	1569523993904
REQUEST	34		SmokeTest	1569523992209	1569523995414	KO	status.find.in(200,201,202,203,204,205,206,207,208,209,304), found 400
USER	SmokeTest	34	END	1569523992208	1569523995416
USER	SmokeTest	41	START	1569523995416	1569523995416
REQUEST	36		SmokeTest	1569523993410	1569523995809	KO	status.find.in(200,201,202,203,204,205,206,207,208,209,304), found 400
USER	SmokeTest	36	END	1569523993409	1569523995810
USER	SmokeTest	42	START	1569523995810	1569523995810
REQUEST	35		SmokeTest	1569523993340	1569523996008	KO	status.find.in(200,201,202,203,204,205,206,207,208,209,304), found 400
USER	SmokeTest	35	END	1569523993339	1569523996010
USER	SmokeTest	43	START	1569523996010	1569523996010
REQUEST	37		SmokeTest	1569523993411	1569523996603	KO	status.find.in(200,201,202,203,204,205,206,207,208,209,304), found 400
USER	SmokeTest	37	END	1569523993410	1569523996605
USER	SmokeTest	44	START	1569523996605	1569523996605
REQUEST	39		SmokeTest	1569523993810	1569523997911	KO	status.find.in(200,201,202,203,204,205,206,207,208,209,304), found 400
USER	SmokeTest	39	END	1569523993809	1569523997916
USER	SmokeTest	45	START	1569523997917	1569523997917
REQUEST	40		SmokeTest	1569523993905	1569523998745	KO	status.find.in(200,201,202,203,204,205,206,207,208,209,304), found 400
USER	SmokeTest	40	END	1569523993904	1569523998747
USER	SmokeTest	46	START	1569523998747	1569523998747
REQUEST	44		SmokeTest	1569523996606	1569523999345	KO	status.find.in(200,201,202,203,204,205,206,207,208,209,304), found 400
USER	SmokeTest	44	END	1569523996605	1569523999347
USER	SmokeTest	47	START	1569523999347	1569523999347
REQUEST	42		SmokeTest	1569523995811	1569523999406	KO	status.find.in(200,201,202,203,204,205,206,207,208,209,304), found 400
USER	SmokeTest	42	END	1569523995810	1569523999408
USER	SmokeTest	48	START	1569523999408	1569523999408
REQUEST	41		SmokeTest	1569523995417	1569523999413	KO	status.find.in(200,201,202,203,204,205,206,207,208,209,304), found 400
USER	SmokeTest	41	END	1569523995416	1569523999415
USER	SmokeTest	49	START	1569523999415	1569523999415
REQUEST	38		SmokeTest	1569523993615	1569523999515	KO	status.find.in(200,201,202,203,204,205,206,207,208,209,304), found 400
USER	SmokeTest	38	END	1569523993614	1569523999521
USER	SmokeTest	50	START	1569523999521	1569523999521
REQUEST	43		SmokeTest	1569523996012	1569523999709	KO	status.find.in(200,201,202,203,204,205,206,207,208,209,304), found 400
USER	SmokeTest	43	END	1569523996010	1569523999710
USER	SmokeTest	51	START	1569523999711	1569523999711
REQUEST	45		SmokeTest	1569523997919	1569524000405	KO	status.find.in(200,201,202,203,204,205,206,207,208,209,304), found 400
USER	SmokeTest	45	END	1569523997917	1569524000409
USER	SmokeTest	52	START	1569524000409	1569524000409
REQUEST	46		SmokeTest	1569523998748	1569524001811	KO	status.find.in(200,201,202,203,204,205,206,207,208,209,304), found 400
USER	SmokeTest	46	END	1569523998747	1569524001814
USER	SmokeTest	53	START	1569524001814	1569524001814
REQUEST	47		SmokeTest	1569523999348	1569524002805	KO	status.find.in(200,201,202,203,204,205,206,207,208,209,304), found 400
USER	SmokeTest	47	END	1569523999347	1569524002807
USER	SmokeTest	54	START	1569524002808	1569524002808
REQUEST	48		SmokeTest	1569523999408	1569524003221	KO	status.find.in(200,201,202,203,204,205,206,207,208,209,304), found 400
USER	SmokeTest	48	END	1569523999408	1569524003222
USER	SmokeTest	55	START	1569524003222	1569524003222
REQUEST	49		SmokeTest	1569523999415	1569524003313	KO	status.find.in(200,201,202,203,204,205,206,207,208,209,304), found 400
USER	SmokeTest	49	END	1569523999415	1569524003315
USER	SmokeTest	56	START	1569524003316	1569524003316
REQUEST	50		SmokeTest	1569523999525	1569524003512	KO	status.find.in(200,201,202,203,204,205,206,207,208,209,304), found 400
USER	SmokeTest	50	END	1569523999521	1569524003513
USER	SmokeTest	57	START	1569524003513	1569524003513
REQUEST	51		SmokeTest	1569523999711	1569524003903	KO	status.find.in(200,201,202,203,204,205,206,207,208,209,304), found 400
USER	SmokeTest	51	END	1569523999711	1569524003904
USER	SmokeTest	58	START	1569524003905	1569524003905
REQUEST	52		SmokeTest	1569524000410	1569524004111	KO	status.find.in(200,201,202,203,204,205,206,207,208,209,304), found 400
USER	SmokeTest	52	END	1569524000409	1569524004114
USER	SmokeTest	59	START	1569524004115	1569524004115
USER	SmokeTest	60	START	1569524005808	1569524005808
REQUEST	54		SmokeTest	1569524002809	1569524005905	KO	status.find.in(200,201,202,203,204,205,206,207,208,209,304), found 400
REQUEST	53		SmokeTest	1569524001815	1569524005904	KO	status.find.in(200,201,202,203,204,205,206,207,208,209,304), found 400
USER	SmokeTest	54	END	1569524002808	1569524005909
USER	SmokeTest	61	START	1569524005912	1569524005912
USER	SmokeTest	53	END	1569524001814	1569524005909
USER	SmokeTest	62	START	1569524005917	1569524005917
REQUEST	55		SmokeTest	1569524003223	1569524006408	KO	status.find.in(200,201,202,203,204,205,206,207,208,209,304), found 400
USER	SmokeTest	55	END	1569524003222	1569524006410
USER	SmokeTest	63	START	1569524006415	1569524006415
REQUEST	56		SmokeTest	1569524003317	1569524008007	KO	status.find.in(200,201,202,203,204,205,206,207,208,209,304), found 400
USER	SmokeTest	56	END	1569524003316	1569524008009
USER	SmokeTest	64	START	1569524008010	1569524008010
REQUEST	57		SmokeTest	1569524003514	1569524009005	KO	status.find.in(200,201,202,203,204,205,206,207,208,209,304), found 400
USER	SmokeTest	57	END	1569524003513	1569524009006
USER	SmokeTest	65	START	1569524009006	1569524009006
REQUEST	58		SmokeTest	1569524003905	1569524009610	KO	status.find.in(200,201,202,203,204,205,206,207,208,209,304), found 400
USER	SmokeTest	58	END	1569524003905	1569524009612
USER	SmokeTest	66	START	1569524009612	1569524009612
REQUEST	62		SmokeTest	1569524005918	1569524009724	KO	status.find.in(200,201,202,203,204,205,206,207,208,209,304), found 400
USER	SmokeTest	62	END	1569524005917	1569524009730
USER	SmokeTest	67	START	1569524009730	1569524009730
REQUEST	60		SmokeTest	1569524005809	1569524009806	KO	status.find.in(200,201,202,203,204,205,206,207,208,209,304), found 400
USER	SmokeTest	60	END	1569524005808	1569524009808
USER	SmokeTest	68	START	1569524009808	1569524009808
REQUEST	59		SmokeTest	1569524004116	1569524010013	KO	status.find.in(200,201,202,203,204,205,206,207,208,209,304), found 400
USER	SmokeTest	59	END	1569524004115	1569524010015
USER	SmokeTest	69	START	1569524010015	1569524010015
REQUEST	61		SmokeTest	1569524005914	1569524010605	KO	status.find.in(200,201,202,203,204,205,206,207,208,209,304), found 400
USER	SmokeTest	61	END	1569524005912	1569524010606
USER	SmokeTest	70	START	1569524010606	1569524010606
REQUEST	63		SmokeTest	1569524006418	1569524010610	KO	status.find.in(200,201,202,203,204,205,206,207,208,209,304), found 400
USER	SmokeTest	63	END	1569524006415	1569524010612
USER	SmokeTest	71	START	1569524010612	1569524010612
REQUEST	64		SmokeTest	1569524008012	1569524012610	KO	status.find.in(200,201,202,203,204,205,206,207,208,209,304), found 400
USER	SmokeTest	64	END	1569524008010	1569524012612
USER	SmokeTest	72	START	1569524012613	1569524012613
REQUEST	65		SmokeTest	1569524009007	1569524012807	KO	status.find.in(200,201,202,203,204,205,206,207,208,209,304), found 400
USER	SmokeTest	65	END	1569524009006	1569524012808
USER	SmokeTest	73	START	1569524012808	1569524012808
REQUEST	66		SmokeTest	1569524009613	1569524013000	KO	status.find.in(200,201,202,203,204,205,206,207,208,209,304), found 400
USER	SmokeTest	66	END	1569524009612	1569524013001
USER	SmokeTest	74	START	1569524013001	1569524013001
REQUEST	68		SmokeTest	1569524009809	1569524013907	KO	status.find.in(200,201,202,203,204,205,206,207,208,209,304), found 400
USER	SmokeTest	68	END	1569524009808	1569524013908
USER	SmokeTest	75	START	1569524013908	1569524013908
REQUEST	70		SmokeTest	1569524010607	1569524014410	KO	status.find.in(200,201,202,203,204,205,206,207,208,209,304), found 400
USER	SmokeTest	70	END	1569524010606	1569524014411
USER	SmokeTest	76	START	1569524014411	1569524014411
REQUEST	69		SmokeTest	1569524010015	1569524014810	KO	status.find.in(200,201,202,203,204,205,206,207,208,209,304), found 400
REQUEST	67		SmokeTest	1569524009732	1569524014810	KO	status.find.in(200,201,202,203,204,205,206,207,208,209,304), found 400
USER	SmokeTest	67	END	1569524009730	1569524014812
USER	SmokeTest	77	START	1569524014813	1569524014813
USER	SmokeTest	69	END	1569524010015	1569524014812
USER	SmokeTest	78	START	1569524014814	1569524014814
REQUEST	71		SmokeTest	1569524010613	1569524014903	KO	status.find.in(200,201,202,203,204,205,206,207,208,209,304), found 400
USER	SmokeTest	71	END	1569524010612	1569524014904
USER	SmokeTest	79	START	1569524014905	1569524014905
REQUEST	72		SmokeTest	1569524012614	1569524016406	KO	status.find.in(200,201,202,203,204,205,206,207,208,209,304), found 400
USER	SmokeTest	72	END	1569524012613	1569524016407
USER	SmokeTest	80	START	1569524016407	1569524016407
USER	SmokeTest	81	START	1569524017808	1569524017808
REQUEST	73		SmokeTest	1569524012809	1569524018013	KO	status.find.in(200,201,202,203,204,205,206,207,208,209,304), found 400
USER	SmokeTest	73	END	1569524012808	1569524018015
USER	SmokeTest	82	START	1569524018015	1569524018015
REQUEST	77		SmokeTest	1569524014814	1569524019010	KO	status.find.in(200,201,202,203,204,205,206,207,208,209,304), found 400
USER	SmokeTest	77	END	1569524014813	1569524019015
USER	SmokeTest	83	START	1569524019015	1569524019015
REQUEST	75		SmokeTest	1569524013909	1569524019110	KO	status.find.in(200,201,202,203,204,205,206,207,208,209,304), found 400
USER	SmokeTest	75	END	1569524013908	1569524019113
USER	SmokeTest	84	START	1569524019114	1569524019114
REQUEST	78		SmokeTest	1569524014815	1569524019204	KO	status.find.in(200,201,202,203,204,205,206,207,208,209,304), found 400
USER	SmokeTest	78	END	1569524014814	1569524019205
USER	SmokeTest	85	START	1569524019206	1569524019206
REQUEST	79		SmokeTest	1569524014906	1569524019605	KO	status.find.in(200,201,202,203,204,205,206,207,208,209,304), found 400
USER	SmokeTest	79	END	1569524014905	1569524019607
REQUEST	76		SmokeTest	1569524014411	1569524019607	KO	status.find.in(200,201,202,203,204,205,206,207,208,209,304), found 400
USER	SmokeTest	86	START	1569524019607	1569524019607
USER	SmokeTest	76	END	1569524014411	1569524019608
USER	SmokeTest	87	START	1569524019608	1569524019608
REQUEST	74		SmokeTest	1569524013002	1569524019617	KO	status.find.in(200,201,202,203,204,205,206,207,208,209,304), found 400
USER	SmokeTest	74	END	1569524013001	1569524019618
USER	SmokeTest	88	START	1569524019618	1569524019618
REQUEST	80		SmokeTest	1569524016408	1569524020205	KO	status.find.in(200,201,202,203,204,205,206,207,208,209,304), found 400
USER	SmokeTest	80	END	1569524016407	1569524020207
USER	SmokeTest	89	START	1569524020208	1569524020208
REQUEST	81		SmokeTest	1569524017811	1569524021506	KO	status.find.in(200,201,202,203,204,205,206,207,208,209,304), found 400
USER	SmokeTest	81	END	1569524017808	1569524021509
USER	SmokeTest	90	START	1569524021510	1569524021510
REQUEST	82		SmokeTest	1569524018017	1569524021520	KO	status.find.in(200,201,202,203,204,205,206,207,208,209,304), found 400
USER	SmokeTest	82	END	1569524018015	1569524021522
USER	SmokeTest	91	START	1569524021522	1569524021522
REQUEST	84		SmokeTest	1569524019115	1569524023223	KO	status.find.in(200,201,202,203,204,205,206,207,208,209,304), found 400
USER	SmokeTest	84	END	1569524019114	1569524023224
USER	SmokeTest	92	START	1569524023224	1569524023224
REQUEST	85		SmokeTest	1569524019206	1569524023415	KO	status.find.in(200,201,202,203,204,205,206,207,208,209,304), found 400
USER	SmokeTest	85	END	1569524019206	1569524023416
USER	SmokeTest	93	START	1569524023416	1569524023416
REQUEST	87		SmokeTest	1569524019609	1569524025111	KO	status.find.in(200,201,202,203,204,205,206,207,208,209,304), found 400
REQUEST	83		SmokeTest	1569524019017	1569524025111	KO	status.find.in(200,201,202,203,204,205,206,207,208,209,304), found 400
USER	SmokeTest	87	END	1569524019608	1569524025112
USER	SmokeTest	94	START	1569524025113	1569524025113
USER	SmokeTest	83	END	1569524019015	1569524025113
USER	SmokeTest	95	START	1569524025115	1569524025115
REQUEST	89		SmokeTest	1569524020209	1569524025302	KO	status.find.in(200,201,202,203,204,205,206,207,208,209,304), found 400
USER	SmokeTest	89	END	1569524020208	1569524025303
USER	SmokeTest	96	START	1569524025303	1569524025303
REQUEST	86		SmokeTest	1569524019608	1569524026916	KO	status.find.in(200,201,202,203,204,205,206,207,208,209,304), found 400
USER	SmokeTest	86	END	1569524019607	1569524026920
USER	SmokeTest	97	START	1569524026920	1569524026920
REQUEST	91		SmokeTest	1569524021522	1569524027405	KO	status.find.in(200,201,202,203,204,205,206,207,208,209,304), found 400
USER	SmokeTest	91	END	1569524021522	1569524027408
USER	SmokeTest	98	START	1569524027408	1569524027408
REQUEST	88		SmokeTest	1569524019619	1569524027809	KO	status.find.in(200,201,202,203,204,205,206,207,208,209,304), found 400
USER	SmokeTest	88	END	1569524019618	1569524027810
USER	SmokeTest	99	START	1569524027810	1569524027810
REQUEST	90		SmokeTest	1569524021512	1569524027911	KO	status.find.in(200,201,202,203,204,205,206,207,208,209,304), found 400
USER	SmokeTest	90	END	1569524021510	1569524027914
USER	SmokeTest	100	START	1569524027915	1569524027915
REQUEST	92		SmokeTest	1569524023225	1569524028612	KO	status.find.in(200,201,202,203,204,205,206,207,208,209,304), found 400
USER	SmokeTest	92	END	1569524023224	1569524028617
USER	SmokeTest	101	START	1569524028618	1569524028618
REQUEST	96		SmokeTest	1569524025304	1569524029406	KO	status.find.in(200,201,202,203,204,205,206,207,208,209,304), found 400
REQUEST	94		SmokeTest	1569524025114	1569524029408	KO	status.find.in(200,201,202,203,204,205,206,207,208,209,304), found 400
USER	SmokeTest	96	END	1569524025303	1569524029409
USER	SmokeTest	102	START	1569524029409	1569524029409
USER	SmokeTest	94	END	1569524025113	1569524029409
USER	SmokeTest	103	START	1569524029410	1569524029410
REQUEST	93		SmokeTest	1569524023416	1569524029414	KO	status.find.in(200,201,202,203,204,205,206,207,208,209,304), found 400
USER	SmokeTest	93	END	1569524023416	1569524029415
USER	SmokeTest	104	START	1569524029415	1569524029415
REQUEST	97		SmokeTest	1569524026920	1569524029608	KO	status.find.in(200,201,202,203,204,205,206,207,208,209,304), found 400
REQUEST	95		SmokeTest	1569524025116	1569524029608	KO	status.find.in(200,201,202,203,204,205,206,207,208,209,304), found 400
USER	SmokeTest	95	END	1569524025115	1569524029609
USER	SmokeTest	105	START	1569524029610	1569524029610
USER	SmokeTest	97	END	1569524026920	1569524029609
USER	SmokeTest	106	START	1569524029610	1569524029610
USER	SmokeTest	107	START	1569524029789	1569524029789
REQUEST	98		SmokeTest	1569524027408	1569524032203	KO	status.find.in(200,201,202,203,204,205,206,207,208,209,304), found 400
USER	SmokeTest	98	END	1569524027408	1569524032205
USER	SmokeTest	108	START	1569524032205	1569524032205
REQUEST	100		SmokeTest	1569524027916	1569524032211	KO	status.find.in(200,201,202,203,204,205,206,207,208,209,304), found 400
USER	SmokeTest	100	END	1569524027915	1569524032212
USER	SmokeTest	109	START	1569524032212	1569524032212
REQUEST	99		SmokeTest	1569524027811	1569524032213	KO	status.find.in(200,201,202,203,204,205,206,207,208,209,304), found 400
USER	SmokeTest	99	END	1569524027810	1569524032214
USER	SmokeTest	110	START	1569524032215	1569524032215
REQUEST	101		SmokeTest	1569524028620	1569524032411	KO	status.find.in(200,201,202,203,204,205,206,207,208,209,304), found 400
USER	SmokeTest	101	END	1569524028618	1569524032412
USER	SmokeTest	111	START	1569524032412	1569524032412
REQUEST	102		SmokeTest	1569524029410	1569524033202	KO	status.find.in(200,201,202,203,204,205,206,207,208,209,304), found 400
USER	SmokeTest	102	END	1569524029409	1569524033203
USER	SmokeTest	112	START	1569524033203	1569524033203
REQUEST	104		SmokeTest	1569524029415	1569524034018	KO	status.find.in(200,201,202,203,204,205,206,207,208,209,304), found 400
USER	SmokeTest	104	END	1569524029415	1569524034020
USER	SmokeTest	113	START	1569524034020	1569524034020
REQUEST	107		SmokeTest	1569524029790	1569524034513	KO	status.find.in(200,201,202,203,204,205,206,207,208,209,304), found 400
USER	SmokeTest	107	END	1569524029789	1569524034514
USER	SmokeTest	114	START	1569524034515	1569524034515
REQUEST	103		SmokeTest	1569524029411	1569524034919	KO	status.find.in(200,201,202,203,204,205,206,207,208,209,304), found 400
USER	SmokeTest	103	END	1569524029410	1569524034920
USER	SmokeTest	115	START	1569524034920	1569524034920
REQUEST	106		SmokeTest	1569524029612	1569524036412	KO	status.find.in(200,201,202,203,204,205,206,207,208,209,304), found 400
USER	SmokeTest	106	END	1569524029610	1569524036413
USER	SmokeTest	116	START	1569524036414	1569524036414
REQUEST	105		SmokeTest	1569524029610	1569524036813	KO	status.find.in(200,201,202,203,204,205,206,207,208,209,304), found 400
USER	SmokeTest	105	END	1569524029610	1569524036814
REQUEST	109		SmokeTest	1569524032213	1569524037504	KO	status.find.in(200,201,202,203,204,205,206,207,208,209,304), found 400
USER	SmokeTest	109	END	1569524032212	1569524037510
REQUEST	108		SmokeTest	1569524032206	1569524037713	KO	status.find.in(200,201,202,203,204,205,206,207,208,209,304), found 400
USER	SmokeTest	108	END	1569524032205	1569524037714
REQUEST	111		SmokeTest	1569524032413	1569524038010	KO	status.find.in(200,201,202,203,204,205,206,207,208,209,304), found 400
USER	SmokeTest	111	END	1569524032412	1569524038012
REQUEST	110		SmokeTest	1569524032215	1569524038604	KO	status.find.in(200,201,202,203,204,205,206,207,208,209,304), found 400
USER	SmokeTest	110	END	1569524032215	1569524038606
REQUEST	115		SmokeTest	1569524034921	1569524038912	KO	status.find.in(200,201,202,203,204,205,206,207,208,209,304), found 400
USER	SmokeTest	115	END	1569524034920	1569524038915
REQUEST	112		SmokeTest	1569524033204	1569524039203	KO	status.find.in(200,201,202,203,204,205,206,207,208,209,304), found 400
USER	SmokeTest	112	END	1569524033203	1569524039205
REQUEST	114		SmokeTest	1569524034516	1569524039415	KO	status.find.in(200,201,202,203,204,205,206,207,208,209,304), found 400
USER	SmokeTest	114	END	1569524034515	1569524039418
REQUEST	113		SmokeTest	1569524034021	1569524039809	KO	status.find.in(200,201,202,203,204,205,206,207,208,209,304), found 400
USER	SmokeTest	113	END	1569524034020	1569524039810
REQUEST	116		SmokeTest	1569524036414	1569524040008	KO	status.find.in(200,201,202,203,204,205,206,207,208,209,304), found 400
USER	SmokeTest	116	END	1569524036414	1569524040010
