RUN	SmokeTest.getActiveCredits	getactivecredits	1570476159164	 	3.0.2
USER	SmokeTest	1	START	1570476162389	1570476162389
USER	SmokeTest	2	START	1570476162756	1570476162756
USER	SmokeTest	3	START	1570476163088	1570476163088
REQUEST	2		SmokeTest	1570476162757	1570476165661	OK	 
REQUEST	1		SmokeTest	1570476162426	1570476165667	OK	 
USER	SmokeTest	2	END	1570476162756	1570476165720
USER	SmokeTest	4	START	1570476165721	1570476165721
USER	SmokeTest	1	END	1570476162389	1570476165720
USER	SmokeTest	5	START	1570476165723	1570476165723
REQUEST	3		SmokeTest	1570476163090	1570476166791	OK	 
USER	SmokeTest	3	END	1570476163088	1570476166795
USER	SmokeTest	6	START	1570476166796	1570476166796
REQUEST	4		SmokeTest	1570476165723	1570476168089	KO	status.find.in(200,201,202,203,204,205,206,207,208,209,304), found 400
USER	SmokeTest	4	END	1570476165721	1570476168103
USER	SmokeTest	7	START	1570476168103	1570476168103
REQUEST	5		SmokeTest	1570476165725	1570476168368	OK	 
USER	SmokeTest	5	END	1570476165723	1570476168370
USER	SmokeTest	8	START	1570476168371	1570476168371
REQUEST	6		SmokeTest	1570476166798	1570476169363	OK	 
USER	SmokeTest	6	END	1570476166796	1570476169365
USER	SmokeTest	9	START	1570476169366	1570476169366
REQUEST	8		SmokeTest	1570476168372	1570476170471	KO	status.find.in(200,201,202,203,204,205,206,207,208,209,304), found 400
USER	SmokeTest	8	END	1570476168371	1570476170473
USER	SmokeTest	10	START	1570476170473	1570476170473
REQUEST	7		SmokeTest	1570476168105	1570476170646	KO	status.find.in(200,201,202,203,204,205,206,207,208,209,304), found 400
USER	SmokeTest	7	END	1570476168103	1570476170650
USER	SmokeTest	11	START	1570476170650	1570476170650
REQUEST	9		SmokeTest	1570476169367	1570476171660	OK	 
USER	SmokeTest	9	END	1570476169366	1570476171665
USER	SmokeTest	12	START	1570476171665	1570476171665
REQUEST	10		SmokeTest	1570476170475	1570476173370	OK	 
USER	SmokeTest	10	END	1570476170473	1570476173373
USER	SmokeTest	13	START	1570476173374	1570476173374
REQUEST	11		SmokeTest	1570476170652	1570476173386	OK	 
USER	SmokeTest	11	END	1570476170650	1570476173388
USER	SmokeTest	14	START	1570476173389	1570476173389
REQUEST	12		SmokeTest	1570476171667	1570476174586	OK	 
USER	SmokeTest	12	END	1570476171665	1570476174588
USER	SmokeTest	15	START	1570476174589	1570476174589
REQUEST	13		SmokeTest	1570476173376	1570476176176	OK	 
USER	SmokeTest	13	END	1570476173374	1570476176179
USER	SmokeTest	16	START	1570476176179	1570476176179
REQUEST	14		SmokeTest	1570476173390	1570476176365	OK	 
USER	SmokeTest	14	END	1570476173389	1570476176367
USER	SmokeTest	17	START	1570476176367	1570476176367
REQUEST	15		SmokeTest	1570476174589	1570476177288	OK	 
USER	SmokeTest	15	END	1570476174589	1570476177291
USER	SmokeTest	18	START	1570476177292	1570476177292
REQUEST	16		SmokeTest	1570476176180	1570476179180	OK	 
USER	SmokeTest	16	END	1570476176179	1570476179184
REQUEST	17		SmokeTest	1570476176369	1570476179186	OK	 
USER	SmokeTest	19	START	1570476179186	1570476179186
USER	SmokeTest	17	END	1570476176367	1570476179190
USER	SmokeTest	20	START	1570476179191	1570476179191
REQUEST	18		SmokeTest	1570476177293	1570476180161	OK	 
USER	SmokeTest	18	END	1570476177292	1570476180164
USER	SmokeTest	21	START	1570476180165	1570476180165
REQUEST	19		SmokeTest	1570476179192	1570476182181	OK	 
REQUEST	20		SmokeTest	1570476179194	1570476182182	OK	 
USER	SmokeTest	19	END	1570476179186	1570476182186
USER	SmokeTest	22	START	1570476182187	1570476182187
USER	SmokeTest	20	END	1570476179191	1570476182186
USER	SmokeTest	23	START	1570476182189	1570476182189
REQUEST	21		SmokeTest	1570476180166	1570476183160	OK	 
USER	SmokeTest	21	END	1570476180165	1570476183162
USER	SmokeTest	24	START	1570476183163	1570476183163
REQUEST	23		SmokeTest	1570476182192	1570476184775	OK	 
USER	SmokeTest	23	END	1570476182189	1570476184780
USER	SmokeTest	25	START	1570476184780	1570476184780
REQUEST	22		SmokeTest	1570476182190	1570476185587	OK	 
USER	SmokeTest	22	END	1570476182187	1570476185591
USER	SmokeTest	26	START	1570476185591	1570476185591
REQUEST	24		SmokeTest	1570476183164	1570476187649	OK	 
USER	SmokeTest	24	END	1570476183163	1570476187653
USER	SmokeTest	27	START	1570476187655	1570476187655
REQUEST	25		SmokeTest	1570476184782	1570476188159	OK	 
USER	SmokeTest	25	END	1570476184780	1570476188162
USER	SmokeTest	28	START	1570476188162	1570476188162
REQUEST	26		SmokeTest	1570476185593	1570476188558	OK	 
USER	SmokeTest	26	END	1570476185591	1570476188560
USER	SmokeTest	29	START	1570476188560	1570476188560
REQUEST	27		SmokeTest	1570476187657	1570476191261	OK	 
USER	SmokeTest	27	END	1570476187655	1570476191263
USER	SmokeTest	30	START	1570476191263	1570476191263
REQUEST	29		SmokeTest	1570476188561	1570476191664	KO	status.find.in(200,201,202,203,204,205,206,207,208,209,304), found 400
USER	SmokeTest	29	END	1570476188560	1570476191668
USER	SmokeTest	31	START	1570476191668	1570476191668
REQUEST	28		SmokeTest	1570476188164	1570476191779	OK	 
USER	SmokeTest	28	END	1570476188162	1570476191783
USER	SmokeTest	32	START	1570476191784	1570476191784
REQUEST	30		SmokeTest	1570476191265	1570476194660	OK	 
USER	SmokeTest	30	END	1570476191263	1570476194661
USER	SmokeTest	33	START	1570476194662	1570476194662
REQUEST	32		SmokeTest	1570476191786	1570476195458	OK	 
REQUEST	31		SmokeTest	1570476191670	1570476195458	OK	 
USER	SmokeTest	32	END	1570476191784	1570476195461
USER	SmokeTest	34	START	1570476195461	1570476195461
USER	SmokeTest	31	END	1570476191668	1570476195461
USER	SmokeTest	35	START	1570476195462	1570476195462
REQUEST	33		SmokeTest	1570476194663	1570476197449	OK	 
USER	SmokeTest	33	END	1570476194662	1570476197453
USER	SmokeTest	36	START	1570476197453	1570476197453
REQUEST	34		SmokeTest	1570476195463	1570476199565	OK	 
REQUEST	35		SmokeTest	1570476195464	1570476199583	OK	 
USER	SmokeTest	34	END	1570476195461	1570476199584
USER	SmokeTest	37	START	1570476199585	1570476199585
USER	SmokeTest	35	END	1570476195462	1570476199585
USER	SmokeTest	38	START	1570476199585	1570476199585
REQUEST	36		SmokeTest	1570476197455	1570476200075	OK	 
USER	SmokeTest	36	END	1570476197453	1570476200077
USER	SmokeTest	39	START	1570476200078	1570476200078
REQUEST	38		SmokeTest	1570476199587	1570476202276	KO	status.find.in(200,201,202,203,204,205,206,207,208,209,304), found 400
REQUEST	37		SmokeTest	1570476199586	1570476202278	KO	status.find.in(200,201,202,203,204,205,206,207,208,209,304), found 400
USER	SmokeTest	38	END	1570476199585	1570476202280
USER	SmokeTest	40	START	1570476202281	1570476202281
USER	SmokeTest	37	END	1570476199585	1570476202281
USER	SmokeTest	41	START	1570476202282	1570476202282
REQUEST	39		SmokeTest	1570476200079	1570476202873	OK	 
USER	SmokeTest	39	END	1570476200078	1570476202875
USER	SmokeTest	42	START	1570476202875	1570476202875
REQUEST	41		SmokeTest	1570476202286	1570476204861	KO	status.find.in(200,201,202,203,204,205,206,207,208,209,304), found 400
USER	SmokeTest	41	END	1570476202282	1570476204863
USER	SmokeTest	43	START	1570476204864	1570476204864
REQUEST	40		SmokeTest	1570476202284	1570476205063	KO	status.find.in(200,201,202,203,204,205,206,207,208,209,304), found 400
USER	SmokeTest	40	END	1570476202281	1570476205066
USER	SmokeTest	44	START	1570476205066	1570476205066
REQUEST	42		SmokeTest	1570476202877	1570476205366	KO	status.find.in(200,201,202,203,204,205,206,207,208,209,304), found 400
USER	SmokeTest	42	END	1570476202875	1570476205368
USER	SmokeTest	45	START	1570476205368	1570476205368
REQUEST	43		SmokeTest	1570476204865	1570476206546	KO	status.find.in(200,201,202,203,204,205,206,207,208,209,304), found 400
USER	SmokeTest	43	END	1570476204864	1570476206550
USER	SmokeTest	46	START	1570476206550	1570476206550
REQUEST	45		SmokeTest	1570476205369	1570476208248	KO	status.find.in(200,201,202,203,204,205,206,207,208,209,304), found 400
USER	SmokeTest	45	END	1570476205368	1570476208252
USER	SmokeTest	47	START	1570476208253	1570476208253
REQUEST	44		SmokeTest	1570476205068	1570476208254	KO	status.find.in(200,201,202,203,204,205,206,207,208,209,304), found 400
USER	SmokeTest	44	END	1570476205066	1570476208257
USER	SmokeTest	48	START	1570476208258	1570476208258
REQUEST	46		SmokeTest	1570476206552	1570476208652	KO	status.find.in(200,201,202,203,204,205,206,207,208,209,304), found 400
USER	SmokeTest	46	END	1570476206550	1570476208654
USER	SmokeTest	49	START	1570476208654	1570476208654
REQUEST	47		SmokeTest	1570476208255	1570476210459	KO	status.find.in(200,201,202,203,204,205,206,207,208,209,304), found 400
USER	SmokeTest	47	END	1570476208253	1570476210462
USER	SmokeTest	50	START	1570476210462	1570476210462
REQUEST	48		SmokeTest	1570476208260	1570476210561	KO	status.find.in(200,201,202,203,204,205,206,207,208,209,304), found 400
USER	SmokeTest	48	END	1570476208258	1570476210564
USER	SmokeTest	51	START	1570476210564	1570476210564
REQUEST	49		SmokeTest	1570476208656	1570476211155	KO	status.find.in(200,201,202,203,204,205,206,207,208,209,304), found 400
USER	SmokeTest	49	END	1570476208654	1570476211158
USER	SmokeTest	52	START	1570476211158	1570476211158
REQUEST	51		SmokeTest	1570476210566	1570476212764	KO	status.find.in(200,201,202,203,204,205,206,207,208,209,304), found 400
USER	SmokeTest	51	END	1570476210564	1570476212767
USER	SmokeTest	53	START	1570476212767	1570476212767
REQUEST	50		SmokeTest	1570476210464	1570476212856	KO	status.find.in(200,201,202,203,204,205,206,207,208,209,304), found 400
USER	SmokeTest	50	END	1570476210462	1570476212858
USER	SmokeTest	54	START	1570476212858	1570476212858
REQUEST	52		SmokeTest	1570476211160	1570476213680	KO	status.find.in(200,201,202,203,204,205,206,207,208,209,304), found 400
USER	SmokeTest	52	END	1570476211158	1570476213683
USER	SmokeTest	55	START	1570476213684	1570476213684
REQUEST	54		SmokeTest	1570476212859	1570476215756	KO	status.find.in(200,201,202,203,204,205,206,207,208,209,304), found 400
USER	SmokeTest	54	END	1570476212858	1570476215758
USER	SmokeTest	56	START	1570476215758	1570476215758
REQUEST	53		SmokeTest	1570476212768	1570476215766	KO	status.find.in(200,201,202,203,204,205,206,207,208,209,304), found 400
USER	SmokeTest	53	END	1570476212767	1570476215768
USER	SmokeTest	57	START	1570476215769	1570476215769
REQUEST	55		SmokeTest	1570476213686	1570476216073	KO	status.find.in(200,201,202,203,204,205,206,207,208,209,304), found 400
USER	SmokeTest	55	END	1570476213684	1570476216075
USER	SmokeTest	58	START	1570476216075	1570476216075
REQUEST	56		SmokeTest	1570476215760	1570476217759	KO	status.find.in(200,201,202,203,204,205,206,207,208,209,304), found 400
USER	SmokeTest	56	END	1570476215758	1570476217761
USER	SmokeTest	59	START	1570476217761	1570476217761
REQUEST	57		SmokeTest	1570476215770	1570476218262	KO	status.find.in(200,201,202,203,204,205,206,207,208,209,304), found 400
USER	SmokeTest	57	END	1570476215769	1570476218263
USER	SmokeTest	60	START	1570476218263	1570476218263
REQUEST	58		SmokeTest	1570476216076	1570476218679	KO	status.find.in(200,201,202,203,204,205,206,207,208,209,304), found 400
USER	SmokeTest	58	END	1570476216075	1570476218681
USER	SmokeTest	61	START	1570476218681	1570476218681
REQUEST	59		SmokeTest	1570476217762	1570476220663	KO	status.find.in(200,201,202,203,204,205,206,207,208,209,304), found 400
USER	SmokeTest	59	END	1570476217761	1570476220664
USER	SmokeTest	62	START	1570476220665	1570476220665
REQUEST	60		SmokeTest	1570476218264	1570476220958	KO	status.find.in(200,201,202,203,204,205,206,207,208,209,304), found 400
USER	SmokeTest	60	END	1570476218263	1570476220960
USER	SmokeTest	63	START	1570476220960	1570476220960
REQUEST	61		SmokeTest	1570476218682	1570476221078	KO	status.find.in(200,201,202,203,204,205,206,207,208,209,304), found 400
USER	SmokeTest	61	END	1570476218681	1570476221080
USER	SmokeTest	64	START	1570476221081	1570476221081
REQUEST	62		SmokeTest	1570476220666	1570476223351	KO	status.find.in(200,201,202,203,204,205,206,207,208,209,304), found 400
USER	SmokeTest	62	END	1570476220665	1570476223352
USER	SmokeTest	65	START	1570476223352	1570476223352
REQUEST	63		SmokeTest	1570476220961	1570476223796	KO	status.find.in(200,201,202,203,204,205,206,207,208,209,304), found 400
USER	SmokeTest	63	END	1570476220960	1570476223797
USER	SmokeTest	66	START	1570476223797	1570476223797
REQUEST	64		SmokeTest	1570476221082	1570476223872	KO	status.find.in(200,201,202,203,204,205,206,207,208,209,304), found 400
USER	SmokeTest	64	END	1570476221081	1570476223874
USER	SmokeTest	67	START	1570476223874	1570476223874
REQUEST	65		SmokeTest	1570476223353	1570476225766	KO	status.find.in(200,201,202,203,204,205,206,207,208,209,304), found 400
USER	SmokeTest	65	END	1570476223352	1570476225768
USER	SmokeTest	68	START	1570476225768	1570476225768
REQUEST	67		SmokeTest	1570476223874	1570476226167	KO	status.find.in(200,201,202,203,204,205,206,207,208,209,304), found 400
USER	SmokeTest	67	END	1570476223874	1570476226169
USER	SmokeTest	69	START	1570476226169	1570476226169
REQUEST	66		SmokeTest	1570476223798	1570476226176	KO	status.find.in(200,201,202,203,204,205,206,207,208,209,304), found 400
USER	SmokeTest	66	END	1570476223797	1570476226178
USER	SmokeTest	70	START	1570476226178	1570476226178
REQUEST	68		SmokeTest	1570476225770	1570476227553	KO	status.find.in(200,201,202,203,204,205,206,207,208,209,304), found 400
USER	SmokeTest	68	END	1570476225768	1570476227555
USER	SmokeTest	71	START	1570476227555	1570476227555
REQUEST	70		SmokeTest	1570476226179	1570476229356	KO	status.find.in(200,201,202,203,204,205,206,207,208,209,304), found 400
REQUEST	69		SmokeTest	1570476226170	1570476229356	KO	status.find.in(200,201,202,203,204,205,206,207,208,209,304), found 400
USER	SmokeTest	69	END	1570476226169	1570476229358
USER	SmokeTest	72	START	1570476229358	1570476229358
USER	SmokeTest	70	END	1570476226178	1570476229358
USER	SmokeTest	73	START	1570476229359	1570476229359
REQUEST	71		SmokeTest	1570476227557	1570476229752	KO	status.find.in(200,201,202,203,204,205,206,207,208,209,304), found 400
USER	SmokeTest	71	END	1570476227555	1570476229753
USER	SmokeTest	74	START	1570476229753	1570476229753
REQUEST	72		SmokeTest	1570476229359	1570476232068	KO	status.find.in(200,201,202,203,204,205,206,207,208,209,304), found 400
USER	SmokeTest	72	END	1570476229358	1570476232070
USER	SmokeTest	75	START	1570476232070	1570476232070
REQUEST	73		SmokeTest	1570476229360	1570476232155	KO	status.find.in(200,201,202,203,204,205,206,207,208,209,304), found 400
USER	SmokeTest	73	END	1570476229359	1570476232157
USER	SmokeTest	76	START	1570476232157	1570476232157
REQUEST	74		SmokeTest	1570476229754	1570476232372	KO	status.find.in(200,201,202,203,204,205,206,207,208,209,304), found 400
USER	SmokeTest	74	END	1570476229753	1570476232373
USER	SmokeTest	77	START	1570476232373	1570476232373
REQUEST	75		SmokeTest	1570476232071	1570476234966	KO	status.find.in(200,201,202,203,204,205,206,207,208,209,304), found 400
USER	SmokeTest	75	END	1570476232070	1570476234968
USER	SmokeTest	78	START	1570476234968	1570476234968
REQUEST	76		SmokeTest	1570476232158	1570476235250	KO	status.find.in(200,201,202,203,204,205,206,207,208,209,304), found 400
REQUEST	77		SmokeTest	1570476232374	1570476235250	KO	status.find.in(200,201,202,203,204,205,206,207,208,209,304), found 400
USER	SmokeTest	76	END	1570476232157	1570476235251
USER	SmokeTest	79	START	1570476235252	1570476235252
USER	SmokeTest	77	END	1570476232373	1570476235251
USER	SmokeTest	80	START	1570476235252	1570476235252
REQUEST	78		SmokeTest	1570476234969	1570476238167	KO	status.find.in(200,201,202,203,204,205,206,207,208,209,304), found 400
USER	SmokeTest	78	END	1570476234968	1570476238169
USER	SmokeTest	81	START	1570476238169	1570476238169
REQUEST	79		SmokeTest	1570476235252	1570476238245	KO	status.find.in(200,201,202,203,204,205,206,207,208,209,304), found 400
USER	SmokeTest	79	END	1570476235252	1570476238247
USER	SmokeTest	82	START	1570476238247	1570476238247
REQUEST	80		SmokeTest	1570476235253	1570476238277	KO	status.find.in(200,201,202,203,204,205,206,207,208,209,304), found 400
USER	SmokeTest	80	END	1570476235252	1570476238279
USER	SmokeTest	83	START	1570476238279	1570476238279
REQUEST	83		SmokeTest	1570476238280	1570476241249	KO	status.find.in(200,201,202,203,204,205,206,207,208,209,304), found 400
USER	SmokeTest	83	END	1570476238279	1570476241251
REQUEST	82		SmokeTest	1570476238248	1570476241251	KO	status.find.in(200,201,202,203,204,205,206,207,208,209,304), found 400
USER	SmokeTest	84	START	1570476241252	1570476241252
USER	SmokeTest	82	END	1570476238247	1570476241253
USER	SmokeTest	85	START	1570476241253	1570476241253
REQUEST	81		SmokeTest	1570476238170	1570476241253	KO	status.find.in(200,201,202,203,204,205,206,207,208,209,304), found 400
USER	SmokeTest	81	END	1570476238169	1570476241255
USER	SmokeTest	86	START	1570476241256	1570476241256
REQUEST	86		SmokeTest	1570476241257	1570476244366	KO	status.find.in(200,201,202,203,204,205,206,207,208,209,304), found 400
REQUEST	84		SmokeTest	1570476241254	1570476244366	KO	status.find.in(200,201,202,203,204,205,206,207,208,209,304), found 400
USER	SmokeTest	86	END	1570476241256	1570476244368
USER	SmokeTest	87	START	1570476244368	1570476244368
USER	SmokeTest	84	END	1570476241252	1570476244368
USER	SmokeTest	88	START	1570476244369	1570476244369
REQUEST	85		SmokeTest	1570476241255	1570476244466	KO	status.find.in(200,201,202,203,204,205,206,207,208,209,304), found 400
USER	SmokeTest	85	END	1570476241253	1570476244468
USER	SmokeTest	89	START	1570476244469	1570476244469
REQUEST	88		SmokeTest	1570476244370	1570476247570	KO	status.find.in(200,201,202,203,204,205,206,207,208,209,304), found 400
USER	SmokeTest	88	END	1570476244369	1570476247572
USER	SmokeTest	90	START	1570476247572	1570476247572
REQUEST	87		SmokeTest	1570476244369	1570476247644	KO	status.find.in(200,201,202,203,204,205,206,207,208,209,304), found 400
USER	SmokeTest	87	END	1570476244368	1570476247645
USER	SmokeTest	91	START	1570476247645	1570476247645
REQUEST	89		SmokeTest	1570476244470	1570476247666	KO	status.find.in(200,201,202,203,204,205,206,207,208,209,304), found 400
USER	SmokeTest	89	END	1570476244469	1570476247667
USER	SmokeTest	92	START	1570476247668	1570476247668
REQUEST	90		SmokeTest	1570476247573	1570476250565	KO	status.find.in(200,201,202,203,204,205,206,207,208,209,304), found 400
USER	SmokeTest	90	END	1570476247572	1570476250566
USER	SmokeTest	93	START	1570476250566	1570476250566
REQUEST	91		SmokeTest	1570476247646	1570476250856	KO	status.find.in(200,201,202,203,204,205,206,207,208,209,304), found 400
USER	SmokeTest	91	END	1570476247645	1570476250861
USER	SmokeTest	94	START	1570476250861	1570476250861
REQUEST	92		SmokeTest	1570476247668	1570476250863	KO	status.find.in(200,201,202,203,204,205,206,207,208,209,304), found 400
USER	SmokeTest	92	END	1570476247668	1570476250864
USER	SmokeTest	95	START	1570476250864	1570476250864
REQUEST	93		SmokeTest	1570476250567	1570476252257	KO	status.find.in(200,201,202,203,204,205,206,207,208,209,304), found 400
USER	SmokeTest	93	END	1570476250566	1570476252262
USER	SmokeTest	96	START	1570476252263	1570476252263
REQUEST	95		SmokeTest	1570476250865	1570476253856	KO	status.find.in(200,201,202,203,204,205,206,207,208,209,304), found 400
USER	SmokeTest	95	END	1570476250864	1570476253858
USER	SmokeTest	97	START	1570476253859	1570476253859
REQUEST	94		SmokeTest	1570476250863	1570476253859	KO	status.find.in(200,201,202,203,204,205,206,207,208,209,304), found 400
USER	SmokeTest	94	END	1570476250861	1570476253862
USER	SmokeTest	98	START	1570476253863	1570476253863
REQUEST	96		SmokeTest	1570476252266	1570476254376	KO	status.find.in(200,201,202,203,204,205,206,207,208,209,304), found 400
USER	SmokeTest	96	END	1570476252263	1570476254378
USER	SmokeTest	99	START	1570476254379	1570476254379
REQUEST	97		SmokeTest	1570476253864	1570476256250	KO	status.find.in(200,201,202,203,204,205,206,207,208,209,304), found 400
USER	SmokeTest	97	END	1570476253859	1570476256253
USER	SmokeTest	100	START	1570476256253	1570476256253
REQUEST	98		SmokeTest	1570476253866	1570476256552	KO	status.find.in(200,201,202,203,204,205,206,207,208,209,304), found 400
USER	SmokeTest	98	END	1570476253863	1570476256553
USER	SmokeTest	101	START	1570476256553	1570476256553
REQUEST	99		SmokeTest	1570476254381	1570476256902	KO	status.find.in(200,201,202,203,204,205,206,207,208,209,304), found 400
USER	SmokeTest	99	END	1570476254379	1570476256903
USER	SmokeTest	102	START	1570476256903	1570476256903
REQUEST	100		SmokeTest	1570476256255	1570476258557	KO	status.find.in(200,201,202,203,204,205,206,207,208,209,304), found 400
USER	SmokeTest	100	END	1570476256253	1570476258559
USER	SmokeTest	103	START	1570476258559	1570476258559
REQUEST	101		SmokeTest	1570476256555	1570476259652	KO	status.find.in(200,201,202,203,204,205,206,207,208,209,304), found 400
USER	SmokeTest	101	END	1570476256553	1570476259656
USER	SmokeTest	104	START	1570476259656	1570476259656
REQUEST	102		SmokeTest	1570476256904	1570476259798	KO	status.find.in(200,201,202,203,204,205,206,207,208,209,304), found 400
USER	SmokeTest	102	END	1570476256903	1570476259799
USER	SmokeTest	105	START	1570476259799	1570476259799
REQUEST	103		SmokeTest	1570476258560	1570476260449	KO	status.find.in(200,201,202,203,204,205,206,207,208,209,304), found 400
USER	SmokeTest	103	END	1570476258559	1570476260452
USER	SmokeTest	106	START	1570476260452	1570476260452
REQUEST	104		SmokeTest	1570476259657	1570476261167	KO	status.find.in(200,201,202,203,204,205,206,207,208,209,304), found 400
USER	SmokeTest	104	END	1570476259656	1570476261170
USER	SmokeTest	107	START	1570476261170	1570476261170
REQUEST	106		SmokeTest	1570476260453	1570476262866	KO	status.find.in(200,201,202,203,204,205,206,207,208,209,304), found 400
USER	SmokeTest	106	END	1570476260452	1570476262868
USER	SmokeTest	108	START	1570476262868	1570476262868
REQUEST	105		SmokeTest	1570476259800	1570476263659	KO	status.find.in(200,201,202,203,204,205,206,207,208,209,304), found 400
USER	SmokeTest	105	END	1570476259799	1570476263660
USER	SmokeTest	109	START	1570476263660	1570476263660
REQUEST	107		SmokeTest	1570476261171	1570476263849	KO	status.find.in(200,201,202,203,204,205,206,207,208,209,304), found 400
USER	SmokeTest	107	END	1570476261170	1570476263850
USER	SmokeTest	110	START	1570476263850	1570476263850
REQUEST	108		SmokeTest	1570476262869	1570476264945	KO	status.find.in(200,201,202,203,204,205,206,207,208,209,304), found 400
USER	SmokeTest	108	END	1570476262868	1570476264946
USER	SmokeTest	111	START	1570476264946	1570476264946
REQUEST	109		SmokeTest	1570476263661	1570476266054	KO	status.find.in(200,201,202,203,204,205,206,207,208,209,304), found 400
USER	SmokeTest	109	END	1570476263660	1570476266056
USER	SmokeTest	112	START	1570476266056	1570476266056
REQUEST	110		SmokeTest	1570476263851	1570476266756	KO	status.find.in(200,201,202,203,204,205,206,207,208,209,304), found 400
USER	SmokeTest	110	END	1570476263850	1570476266757
USER	SmokeTest	113	START	1570476266757	1570476266757
REQUEST	111		SmokeTest	1570476264947	1570476267557	KO	status.find.in(200,201,202,203,204,205,206,207,208,209,304), found 400
USER	SmokeTest	111	END	1570476264946	1570476267561
USER	SmokeTest	114	START	1570476267561	1570476267561
REQUEST	112		SmokeTest	1570476266057	1570476268651	KO	status.find.in(200,201,202,203,204,205,206,207,208,209,304), found 400
USER	SmokeTest	112	END	1570476266056	1570476268655
USER	SmokeTest	115	START	1570476268655	1570476268655
REQUEST	113		SmokeTest	1570476266758	1570476269160	KO	status.find.in(200,201,202,203,204,205,206,207,208,209,304), found 400
USER	SmokeTest	113	END	1570476266757	1570476269162
USER	SmokeTest	116	START	1570476269162	1570476269162
REQUEST	114		SmokeTest	1570476267563	1570476269977	KO	status.find.in(200,201,202,203,204,205,206,207,208,209,304), found 400
USER	SmokeTest	114	END	1570476267561	1570476269978
USER	SmokeTest	117	START	1570476269978	1570476269978
REQUEST	115		SmokeTest	1570476268658	1570476271147	KO	status.find.in(200,201,202,203,204,205,206,207,208,209,304), found 400
USER	SmokeTest	115	END	1570476268655	1570476271149
USER	SmokeTest	118	START	1570476271149	1570476271149
REQUEST	116		SmokeTest	1570476269162	1570476271752	KO	status.find.in(200,201,202,203,204,205,206,207,208,209,304), found 400
USER	SmokeTest	116	END	1570476269162	1570476271753
USER	SmokeTest	119	START	1570476271753	1570476271753
REQUEST	117		SmokeTest	1570476269979	1570476272173	KO	status.find.in(200,201,202,203,204,205,206,207,208,209,304), found 400
USER	SmokeTest	117	END	1570476269978	1570476272174
USER	SmokeTest	120	START	1570476272174	1570476272174
REQUEST	118		SmokeTest	1570476271150	1570476272958	KO	status.find.in(200,201,202,203,204,205,206,207,208,209,304), found 400
USER	SmokeTest	118	END	1570476271149	1570476272960
USER	SmokeTest	121	START	1570476272960	1570476272960
REQUEST	119		SmokeTest	1570476271754	1570476274384	KO	status.find.in(200,201,202,203,204,205,206,207,208,209,304), found 400
USER	SmokeTest	119	END	1570476271753	1570476274385
USER	SmokeTest	122	START	1570476274385	1570476274385
REQUEST	120		SmokeTest	1570476272175	1570476274389	KO	status.find.in(200,201,202,203,204,205,206,207,208,209,304), found 400
USER	SmokeTest	120	END	1570476272174	1570476274391
USER	SmokeTest	123	START	1570476274391	1570476274391
REQUEST	121		SmokeTest	1570476272961	1570476275096	KO	status.find.in(200,201,202,203,204,205,206,207,208,209,304), found 400
USER	SmokeTest	121	END	1570476272960	1570476275099
USER	SmokeTest	124	START	1570476275100	1570476275100
REQUEST	123		SmokeTest	1570476274392	1570476276590	KO	status.find.in(200,201,202,203,204,205,206,207,208,209,304), found 400
USER	SmokeTest	123	END	1570476274391	1570476276592
USER	SmokeTest	125	START	1570476276592	1570476276592
REQUEST	122		SmokeTest	1570476274386	1570476276656	KO	status.find.in(200,201,202,203,204,205,206,207,208,209,304), found 400
USER	SmokeTest	122	END	1570476274385	1570476276658
USER	SmokeTest	126	START	1570476276658	1570476276658
REQUEST	124		SmokeTest	1570476275102	1570476277462	KO	status.find.in(200,201,202,203,204,205,206,207,208,209,304), found 400
USER	SmokeTest	124	END	1570476275100	1570476277464
USER	SmokeTest	127	START	1570476277464	1570476277464
REQUEST	126		SmokeTest	1570476276701	1570476278770	KO	status.find.in(200,201,202,203,204,205,206,207,208,209,304), found 400
USER	SmokeTest	126	END	1570476276658	1570476278771
USER	SmokeTest	128	START	1570476278772	1570476278772
REQUEST	125		SmokeTest	1570476276593	1570476278782	KO	status.find.in(200,201,202,203,204,205,206,207,208,209,304), found 400
USER	SmokeTest	125	END	1570476276592	1570476278784
USER	SmokeTest	129	START	1570476278784	1570476278784
REQUEST	127		SmokeTest	1570476277465	1570476279550	KO	status.find.in(200,201,202,203,204,205,206,207,208,209,304), found 400
USER	SmokeTest	127	END	1570476277464	1570476279551
USER	SmokeTest	130	START	1570476279552	1570476279552
REQUEST	128		SmokeTest	1570476278774	1570476280866	KO	status.find.in(200,201,202,203,204,205,206,207,208,209,304), found 400
USER	SmokeTest	128	END	1570476278772	1570476280868
USER	SmokeTest	131	START	1570476280868	1570476280868
REQUEST	129		SmokeTest	1570476278785	1570476281049	KO	status.find.in(200,201,202,203,204,205,206,207,208,209,304), found 400
USER	SmokeTest	129	END	1570476278784	1570476281051
USER	SmokeTest	132	START	1570476281051	1570476281051
REQUEST	130		SmokeTest	1570476279552	1570476281858	KO	status.find.in(200,201,202,203,204,205,206,207,208,209,304), found 400
USER	SmokeTest	130	END	1570476279552	1570476281859
USER	SmokeTest	133	START	1570476281860	1570476281860
