RUN	SmokeTest.payCredit	paycredit	1570478456284	 	3.0.2
USER	SmokeTest	1	START	1570478458945	1570478458945
USER	SmokeTest	2	START	1570478459315	1570478459315
USER	SmokeTest	3	START	1570478459641	1570478459641
REQUEST	1		SmokeTest	1570478458983	1570478460921	OK	 
REQUEST	2		SmokeTest	1570478459316	1570478460895	OK	 
USER	SmokeTest	2	END	1570478459315	1570478460950
USER	SmokeTest	4	START	1570478460952	1570478460952
USER	SmokeTest	1	END	1570478458945	1570478460950
USER	SmokeTest	5	START	1570478460953	1570478460953
REQUEST	3		SmokeTest	1570478459642	1570478461094	OK	 
USER	SmokeTest	3	END	1570478459641	1570478461097
USER	SmokeTest	6	START	1570478461098	1570478461098
REQUEST	5		SmokeTest	1570478460955	1570478464325	OK	 
REQUEST	4		SmokeTest	1570478460954	1570478464330	OK	 
REQUEST	6		SmokeTest	1570478461100	1570478464332	OK	 
USER	SmokeTest	5	END	1570478460953	1570478464330
USER	SmokeTest	7	START	1570478464335	1570478464335
USER	SmokeTest	4	END	1570478460952	1570478464333
USER	SmokeTest	8	START	1570478464337	1570478464337
USER	SmokeTest	6	END	1570478461098	1570478464335
USER	SmokeTest	9	START	1570478464338	1570478464338
REQUEST	8		SmokeTest	1570478464339	1570478466036	OK	 
USER	SmokeTest	8	END	1570478464337	1570478466039
USER	SmokeTest	10	START	1570478466039	1570478466039
REQUEST	7		SmokeTest	1570478464337	1570478466098	OK	 
USER	SmokeTest	7	END	1570478464335	1570478466101
USER	SmokeTest	11	START	1570478466101	1570478466101
REQUEST	9		SmokeTest	1570478464340	1570478466106	OK	 
USER	SmokeTest	9	END	1570478464338	1570478466108
USER	SmokeTest	12	START	1570478466109	1570478466109
REQUEST	11		SmokeTest	1570478466103	1570478467732	OK	 
USER	SmokeTest	11	END	1570478466101	1570478467735
USER	SmokeTest	13	START	1570478467736	1570478467736
REQUEST	10		SmokeTest	1570478466041	1570478467779	OK	 
USER	SmokeTest	10	END	1570478466039	1570478467782
USER	SmokeTest	14	START	1570478467782	1570478467782
REQUEST	12		SmokeTest	1570478466111	1570478467885	OK	 
USER	SmokeTest	12	END	1570478466109	1570478467887
USER	SmokeTest	15	START	1570478467887	1570478467887
REQUEST	14		SmokeTest	1570478467783	1570478469412	OK	 
USER	SmokeTest	14	END	1570478467782	1570478469415
USER	SmokeTest	16	START	1570478469416	1570478469416
REQUEST	13		SmokeTest	1570478467738	1570478469416	OK	 
USER	SmokeTest	13	END	1570478467736	1570478469420
USER	SmokeTest	17	START	1570478469420	1570478469420
REQUEST	15		SmokeTest	1570478467889	1570478469460	OK	 
USER	SmokeTest	15	END	1570478467887	1570478469463
USER	SmokeTest	18	START	1570478469463	1570478469463
REQUEST	18		SmokeTest	1570478469465	1570478471117	OK	 
USER	SmokeTest	18	END	1570478469463	1570478471119
USER	SmokeTest	19	START	1570478471119	1570478471119
REQUEST	17		SmokeTest	1570478469422	1570478471194	OK	 
USER	SmokeTest	17	END	1570478469420	1570478471196
USER	SmokeTest	20	START	1570478471196	1570478471196
REQUEST	16		SmokeTest	1570478469418	1570478471273	OK	 
USER	SmokeTest	16	END	1570478469416	1570478471275
USER	SmokeTest	21	START	1570478471276	1570478471276
REQUEST	19		SmokeTest	1570478471121	1570478472757	OK	 
USER	SmokeTest	19	END	1570478471119	1570478472761
USER	SmokeTest	22	START	1570478472761	1570478472761
REQUEST	20		SmokeTest	1570478471197	1570478472801	OK	 
USER	SmokeTest	20	END	1570478471196	1570478472803
USER	SmokeTest	23	START	1570478472804	1570478472804
REQUEST	21		SmokeTest	1570478471278	1570478473552	OK	 
USER	SmokeTest	21	END	1570478471276	1570478473555
USER	SmokeTest	24	START	1570478473556	1570478473556
REQUEST	22		SmokeTest	1570478472763	1570478477500	OK	 
USER	SmokeTest	22	END	1570478472761	1570478477503
USER	SmokeTest	25	START	1570478477504	1570478477504
REQUEST	23		SmokeTest	1570478472805	1570478477634	OK	 
USER	SmokeTest	23	END	1570478472804	1570478477636
USER	SmokeTest	26	START	1570478477636	1570478477636
REQUEST	24		SmokeTest	1570478473558	1570478477839	OK	 
USER	SmokeTest	24	END	1570478473556	1570478477842
USER	SmokeTest	27	START	1570478477842	1570478477842
REQUEST	25		SmokeTest	1570478477506	1570478481322	OK	 
USER	SmokeTest	25	END	1570478477504	1570478481325
USER	SmokeTest	28	START	1570478481326	1570478481326
REQUEST	27		SmokeTest	1570478477843	1570478481354	OK	 
USER	SmokeTest	27	END	1570478477842	1570478481357
USER	SmokeTest	29	START	1570478481357	1570478481357
REQUEST	26		SmokeTest	1570478477637	1570478481368	OK	 
USER	SmokeTest	26	END	1570478477636	1570478481370
USER	SmokeTest	30	START	1570478481370	1570478481370
REQUEST	30		SmokeTest	1570478481371	1570478482479	KO	status.find.in(200,201,202,203,204,205,206,207,208,209,304), found 400
USER	SmokeTest	30	END	1570478481370	1570478482488
USER	SmokeTest	31	START	1570478482489	1570478482489
REQUEST	29		SmokeTest	1570478481359	1570478482508	KO	status.find.in(200,201,202,203,204,205,206,207,208,209,304), found 400
USER	SmokeTest	29	END	1570478481357	1570478482510
USER	SmokeTest	32	START	1570478482510	1570478482510
REQUEST	28		SmokeTest	1570478481327	1570478482884	OK	 
USER	SmokeTest	28	END	1570478481326	1570478482886
USER	SmokeTest	33	START	1570478482886	1570478482886
REQUEST	31		SmokeTest	1570478482490	1570478483977	OK	 
USER	SmokeTest	31	END	1570478482489	1570478483980
USER	SmokeTest	34	START	1570478483980	1570478483980
REQUEST	32		SmokeTest	1570478482511	1570478484316	OK	 
USER	SmokeTest	32	END	1570478482510	1570478484317
USER	SmokeTest	35	START	1570478484318	1570478484318
REQUEST	33		SmokeTest	1570478482887	1570478484440	OK	 
USER	SmokeTest	33	END	1570478482886	1570478484447
USER	SmokeTest	36	START	1570478484450	1570478484450
REQUEST	34		SmokeTest	1570478483982	1570478484996	KO	status.find.in(200,201,202,203,204,205,206,207,208,209,304), found 400
USER	SmokeTest	34	END	1570478483980	1570478484998
USER	SmokeTest	37	START	1570478484998	1570478484998
REQUEST	35		SmokeTest	1570478484319	1570478485841	OK	 
USER	SmokeTest	35	END	1570478484318	1570478485843
USER	SmokeTest	38	START	1570478485844	1570478485844
REQUEST	36		SmokeTest	1570478484453	1570478485901	OK	 
USER	SmokeTest	36	END	1570478484450	1570478485903
USER	SmokeTest	39	START	1570478485903	1570478485903
REQUEST	37		SmokeTest	1570478485000	1570478486561	OK	 
USER	SmokeTest	37	END	1570478484998	1570478486564
USER	SmokeTest	40	START	1570478486565	1570478486565
REQUEST	38		SmokeTest	1570478485845	1570478486844	KO	status.find.in(200,201,202,203,204,205,206,207,208,209,304), found 400
USER	SmokeTest	38	END	1570478485844	1570478486846
USER	SmokeTest	41	START	1570478486847	1570478486847
REQUEST	39		SmokeTest	1570478485904	1570478486932	KO	status.find.in(200,201,202,203,204,205,206,207,208,209,304), found 400
USER	SmokeTest	39	END	1570478485903	1570478486934
USER	SmokeTest	42	START	1570478486934	1570478486934
REQUEST	40		SmokeTest	1570478486567	1570478487879	OK	 
USER	SmokeTest	40	END	1570478486565	1570478487883
USER	SmokeTest	43	START	1570478487883	1570478487883
REQUEST	41		SmokeTest	1570478486847	1570478488301	OK	 
USER	SmokeTest	41	END	1570478486847	1570478488303
USER	SmokeTest	44	START	1570478488303	1570478488303
REQUEST	42		SmokeTest	1570478486935	1570478488425	OK	 
USER	SmokeTest	42	END	1570478486934	1570478488428
USER	SmokeTest	45	START	1570478488428	1570478488428
REQUEST	43		SmokeTest	1570478487885	1570478489023	KO	status.find.in(200,201,202,203,204,205,206,207,208,209,304), found 400
USER	SmokeTest	43	END	1570478487883	1570478489025
USER	SmokeTest	46	START	1570478489025	1570478489025
REQUEST	44		SmokeTest	1570478488304	1570478489778	OK	 
USER	SmokeTest	44	END	1570478488303	1570478489780
USER	SmokeTest	47	START	1570478489780	1570478489780
REQUEST	45		SmokeTest	1570478488429	1570478489850	OK	 
USER	SmokeTest	45	END	1570478488428	1570478489851
USER	SmokeTest	48	START	1570478489852	1570478489852
REQUEST	46		SmokeTest	1570478489027	1570478490403	OK	 
USER	SmokeTest	46	END	1570478489025	1570478490405
USER	SmokeTest	49	START	1570478490405	1570478490405
REQUEST	47		SmokeTest	1570478489782	1570478491024	KO	status.find.in(200,201,202,203,204,205,206,207,208,209,304), found 400
USER	SmokeTest	47	END	1570478489780	1570478491027
USER	SmokeTest	50	START	1570478491027	1570478491027
REQUEST	48		SmokeTest	1570478489853	1570478491056	KO	status.find.in(200,201,202,203,204,205,206,207,208,209,304), found 400
USER	SmokeTest	48	END	1570478489852	1570478491059
USER	SmokeTest	51	START	1570478491059	1570478491059
REQUEST	49		SmokeTest	1570478490407	1570478491800	OK	 
USER	SmokeTest	49	END	1570478490405	1570478491804
USER	SmokeTest	52	START	1570478491805	1570478491805
REQUEST	51		SmokeTest	1570478491061	1570478492535	OK	 
USER	SmokeTest	51	END	1570478491059	1570478492540
USER	SmokeTest	53	START	1570478492541	1570478492541
REQUEST	50		SmokeTest	1570478491028	1570478492550	OK	 
USER	SmokeTest	50	END	1570478491027	1570478492557
USER	SmokeTest	54	START	1570478492558	1570478492558
REQUEST	52		SmokeTest	1570478491807	1570478492777	KO	status.find.in(200,201,202,203,204,205,206,207,208,209,304), found 400
USER	SmokeTest	52	END	1570478491805	1570478492782
USER	SmokeTest	55	START	1570478492783	1570478492783
REQUEST	54		SmokeTest	1570478492562	1570478494123	OK	 
USER	SmokeTest	54	END	1570478492558	1570478494125
USER	SmokeTest	56	START	1570478494125	1570478494125
REQUEST	53		SmokeTest	1570478492545	1570478494147	OK	 
USER	SmokeTest	53	END	1570478492541	1570478494148
USER	SmokeTest	57	START	1570478494148	1570478494148
REQUEST	55		SmokeTest	1570478492786	1570478494206	OK	 
USER	SmokeTest	55	END	1570478492783	1570478494208
USER	SmokeTest	58	START	1570478494208	1570478494208
REQUEST	56		SmokeTest	1570478494126	1570478495214	KO	status.find.in(200,201,202,203,204,205,206,207,208,209,304), found 400
USER	SmokeTest	56	END	1570478494125	1570478495216
USER	SmokeTest	59	START	1570478495217	1570478495217
REQUEST	57		SmokeTest	1570478494149	1570478495220	KO	status.find.in(200,201,202,203,204,205,206,207,208,209,304), found 400
USER	SmokeTest	57	END	1570478494148	1570478495231
USER	SmokeTest	60	START	1570478495231	1570478495231
REQUEST	58		SmokeTest	1570478494209	1570478495690	OK	 
USER	SmokeTest	58	END	1570478494208	1570478495692
USER	SmokeTest	61	START	1570478495692	1570478495692
REQUEST	60		SmokeTest	1570478495232	1570478496234	KO	status.find.in(200,201,202,203,204,205,206,207,208,209,304), found 400
USER	SmokeTest	60	END	1570478495231	1570478496236
USER	SmokeTest	62	START	1570478496236	1570478496236
REQUEST	59		SmokeTest	1570478495218	1570478496553	OK	 
USER	SmokeTest	59	END	1570478495217	1570478496554
USER	SmokeTest	63	START	1570478496554	1570478496554
REQUEST	61		SmokeTest	1570478495694	1570478496642	KO	status.find.in(200,201,202,203,204,205,206,207,208,209,304), found 400
USER	SmokeTest	61	END	1570478495692	1570478496644
USER	SmokeTest	64	START	1570478496644	1570478496644
REQUEST	62		SmokeTest	1570478496238	1570478497597	OK	 
USER	SmokeTest	62	END	1570478496236	1570478497600
USER	SmokeTest	65	START	1570478497600	1570478497600
REQUEST	63		SmokeTest	1570478496555	1570478497969	OK	 
USER	SmokeTest	63	END	1570478496554	1570478497970
USER	SmokeTest	66	START	1570478497971	1570478497971
REQUEST	64		SmokeTest	1570478496645	1570478498071	OK	 
USER	SmokeTest	64	END	1570478496644	1570478498073
USER	SmokeTest	67	START	1570478498073	1570478498073
REQUEST	65		SmokeTest	1570478497602	1570478498598	KO	status.find.in(200,201,202,203,204,205,206,207,208,209,304), found 400
USER	SmokeTest	65	END	1570478497600	1570478498601
USER	SmokeTest	68	START	1570478498602	1570478498602
REQUEST	66		SmokeTest	1570478497971	1570478499028	KO	status.find.in(200,201,202,203,204,205,206,207,208,209,304), found 400
USER	SmokeTest	66	END	1570478497971	1570478499029
USER	SmokeTest	69	START	1570478499030	1570478499030
REQUEST	67		SmokeTest	1570478498074	1570478499538	OK	 
USER	SmokeTest	67	END	1570478498073	1570478499541
USER	SmokeTest	70	START	1570478499541	1570478499541
REQUEST	68		SmokeTest	1570478498604	1570478499935	OK	 
USER	SmokeTest	68	END	1570478498602	1570478499936
USER	SmokeTest	71	START	1570478499936	1570478499936
REQUEST	69		SmokeTest	1570478499030	1570478500056	KO	status.find.in(200,201,202,203,204,205,206,207,208,209,304), found 400
USER	SmokeTest	69	END	1570478499030	1570478500058
USER	SmokeTest	72	START	1570478500058	1570478500058
REQUEST	70		SmokeTest	1570478499542	1570478500534	KO	status.find.in(200,201,202,203,204,205,206,207,208,209,304), found 400
USER	SmokeTest	70	END	1570478499541	1570478500536
USER	SmokeTest	73	START	1570478500537	1570478500537
REQUEST	71		SmokeTest	1570478499937	1570478501630	OK	 
USER	SmokeTest	71	END	1570478499936	1570478501633
USER	SmokeTest	74	START	1570478501634	1570478501634
REQUEST	72		SmokeTest	1570478500059	1570478501939	OK	 
USER	SmokeTest	72	END	1570478500058	1570478501940
USER	SmokeTest	75	START	1570478501940	1570478501940
REQUEST	73		SmokeTest	1570478500538	1570478501993	OK	 
USER	SmokeTest	73	END	1570478500537	1570478501995
USER	SmokeTest	76	START	1570478501995	1570478501995
REQUEST	74		SmokeTest	1570478501635	1570478502706	KO	status.find.in(200,201,202,203,204,205,206,207,208,209,304), found 400
USER	SmokeTest	74	END	1570478501634	1570478502710
USER	SmokeTest	77	START	1570478502710	1570478502710
REQUEST	75		SmokeTest	1570478501941	1570478503390	KO	status.find.in(200,201,202,203,204,205,206,207,208,209,304), found 400
USER	SmokeTest	75	END	1570478501940	1570478503395
USER	SmokeTest	78	START	1570478503396	1570478503396
REQUEST	76		SmokeTest	1570478501995	1570478503848	OK	 
USER	SmokeTest	76	END	1570478501995	1570478503850
USER	SmokeTest	79	START	1570478503850	1570478503850
REQUEST	77		SmokeTest	1570478502713	1570478504231	OK	 
USER	SmokeTest	77	END	1570478502710	1570478504233
USER	SmokeTest	80	START	1570478504233	1570478504233
REQUEST	78		SmokeTest	1570478503400	1570478504397	KO	status.find.in(200,201,202,203,204,205,206,207,208,209,304), found 400
USER	SmokeTest	78	END	1570478503396	1570478504399
USER	SmokeTest	81	START	1570478504399	1570478504399
REQUEST	79		SmokeTest	1570478503851	1570478504875	KO	status.find.in(200,201,202,203,204,205,206,207,208,209,304), found 400
USER	SmokeTest	79	END	1570478503850	1570478504877
USER	SmokeTest	82	START	1570478504877	1570478504877
REQUEST	81		SmokeTest	1570478504400	1570478505434	KO	status.find.in(200,201,202,203,204,205,206,207,208,209,304), found 400
USER	SmokeTest	81	END	1570478504399	1570478505435
USER	SmokeTest	83	START	1570478505435	1570478505435
REQUEST	82		SmokeTest	1570478504878	1570478505840	KO	status.find.in(200,201,202,203,204,205,206,207,208,209,304), found 400
USER	SmokeTest	82	END	1570478504877	1570478505842
USER	SmokeTest	84	START	1570478505842	1570478505842
REQUEST	80		SmokeTest	1570478504234	1570478505942	OK	 
USER	SmokeTest	80	END	1570478504233	1570478505944
USER	SmokeTest	85	START	1570478505944	1570478505944
REQUEST	83		SmokeTest	1570478505436	1570478506585	KO	status.find.in(200,201,202,203,204,205,206,207,208,209,304), found 400
USER	SmokeTest	83	END	1570478505435	1570478506587
USER	SmokeTest	86	START	1570478506587	1570478506587
REQUEST	84		SmokeTest	1570478505843	1570478506868	KO	status.find.in(200,201,202,203,204,205,206,207,208,209,304), found 400
USER	SmokeTest	84	END	1570478505842	1570478506870
USER	SmokeTest	87	START	1570478506870	1570478506870
REQUEST	85		SmokeTest	1570478505945	1570478507359	OK	 
USER	SmokeTest	85	END	1570478505944	1570478507360
USER	SmokeTest	88	START	1570478507360	1570478507360
REQUEST	87		SmokeTest	1570478506871	1570478507892	KO	status.find.in(200,201,202,203,204,205,206,207,208,209,304), found 400
USER	SmokeTest	87	END	1570478506870	1570478507895
USER	SmokeTest	89	START	1570478507895	1570478507895
REQUEST	86		SmokeTest	1570478506589	1570478507975	OK	 
USER	SmokeTest	86	END	1570478506587	1570478507978
USER	SmokeTest	90	START	1570478507978	1570478507978
REQUEST	88		SmokeTest	1570478507361	1570478508304	KO	status.find.in(200,201,202,203,204,205,206,207,208,209,304), found 400
USER	SmokeTest	88	END	1570478507360	1570478508306
USER	SmokeTest	91	START	1570478508307	1570478508307
REQUEST	90		SmokeTest	1570478507979	1570478508988	KO	status.find.in(200,201,202,203,204,205,206,207,208,209,304), found 400
USER	SmokeTest	90	END	1570478507978	1570478508990
USER	SmokeTest	92	START	1570478508990	1570478508990
REQUEST	91		SmokeTest	1570478508308	1570478509273	KO	status.find.in(200,201,202,203,204,205,206,207,208,209,304), found 400
USER	SmokeTest	91	END	1570478508307	1570478509274
USER	SmokeTest	93	START	1570478509274	1570478509274
REQUEST	89		SmokeTest	1570478507897	1570478509510	OK	 
USER	SmokeTest	89	END	1570478507895	1570478509511
USER	SmokeTest	94	START	1570478509511	1570478509511
REQUEST	92		SmokeTest	1570478508991	1570478509976	KO	status.find.in(200,201,202,203,204,205,206,207,208,209,304), found 400
USER	SmokeTest	92	END	1570478508990	1570478509978
USER	SmokeTest	95	START	1570478509978	1570478509978
REQUEST	93		SmokeTest	1570478509275	1570478510335	KO	status.find.in(200,201,202,203,204,205,206,207,208,209,304), found 400
USER	SmokeTest	93	END	1570478509274	1570478510336
USER	SmokeTest	96	START	1570478510336	1570478510336
REQUEST	94		SmokeTest	1570478509512	1570478510600	KO	status.find.in(200,201,202,203,204,205,206,207,208,209,304), found 400
USER	SmokeTest	94	END	1570478509511	1570478510602
USER	SmokeTest	97	START	1570478510602	1570478510602
REQUEST	96		SmokeTest	1570478510337	1570478511350	KO	status.find.in(200,201,202,203,204,205,206,207,208,209,304), found 400
USER	SmokeTest	96	END	1570478510336	1570478511353
USER	SmokeTest	98	START	1570478511353	1570478511353
REQUEST	95		SmokeTest	1570478509979	1570478511373	OK	 
USER	SmokeTest	95	END	1570478509978	1570478511375
USER	SmokeTest	99	START	1570478511375	1570478511375
REQUEST	97		SmokeTest	1570478510603	1570478511623	KO	status.find.in(200,201,202,203,204,205,206,207,208,209,304), found 400
USER	SmokeTest	97	END	1570478510602	1570478511625
USER	SmokeTest	100	START	1570478511626	1570478511626
REQUEST	99		SmokeTest	1570478511376	1570478512513	KO	status.find.in(200,201,202,203,204,205,206,207,208,209,304), found 400
USER	SmokeTest	99	END	1570478511375	1570478512515
USER	SmokeTest	101	START	1570478512515	1570478512515
REQUEST	100		SmokeTest	1570478511626	1570478512699	KO	status.find.in(200,201,202,203,204,205,206,207,208,209,304), found 400
USER	SmokeTest	100	END	1570478511626	1570478512700
USER	SmokeTest	102	START	1570478512700	1570478512700
REQUEST	98		SmokeTest	1570478511355	1570478512949	OK	 
USER	SmokeTest	98	END	1570478511353	1570478512950
USER	SmokeTest	103	START	1570478512950	1570478512950
REQUEST	101		SmokeTest	1570478512517	1570478513610	KO	status.find.in(200,201,202,203,204,205,206,207,208,209,304), found 400
USER	SmokeTest	101	END	1570478512515	1570478513612
USER	SmokeTest	104	START	1570478513612	1570478513612
REQUEST	102		SmokeTest	1570478512701	1570478513802	KO	status.find.in(200,201,202,203,204,205,206,207,208,209,304), found 400
USER	SmokeTest	102	END	1570478512700	1570478513803
USER	SmokeTest	105	START	1570478513803	1570478513803
REQUEST	103		SmokeTest	1570478512951	1570478513947	KO	status.find.in(200,201,202,203,204,205,206,207,208,209,304), found 400
USER	SmokeTest	103	END	1570478512950	1570478513948
USER	SmokeTest	106	START	1570478513948	1570478513948
REQUEST	105		SmokeTest	1570478513804	1570478514901	KO	status.find.in(200,201,202,203,204,205,206,207,208,209,304), found 400
USER	SmokeTest	105	END	1570478513803	1570478514902
USER	SmokeTest	107	START	1570478514902	1570478514902
REQUEST	106		SmokeTest	1570478513949	1570478514987	KO	status.find.in(200,201,202,203,204,205,206,207,208,209,304), found 400
USER	SmokeTest	106	END	1570478513948	1570478514989
USER	SmokeTest	108	START	1570478514990	1570478514990
REQUEST	104		SmokeTest	1570478513613	1570478515144	OK	 
USER	SmokeTest	104	END	1570478513612	1570478515145
USER	SmokeTest	109	START	1570478515145	1570478515145
REQUEST	108		SmokeTest	1570478514991	1570478516089	KO	status.find.in(200,201,202,203,204,205,206,207,208,209,304), found 400
USER	SmokeTest	108	END	1570478514990	1570478516091
USER	SmokeTest	110	START	1570478516091	1570478516091
REQUEST	109		SmokeTest	1570478515146	1570478516223	KO	status.find.in(200,201,202,203,204,205,206,207,208,209,304), found 400
USER	SmokeTest	109	END	1570478515145	1570478516224
USER	SmokeTest	111	START	1570478516224	1570478516224
REQUEST	107		SmokeTest	1570478514903	1570478516468	OK	 
USER	SmokeTest	107	END	1570478514902	1570478516469
USER	SmokeTest	112	START	1570478516469	1570478516469
REQUEST	110		SmokeTest	1570478516092	1570478517095	KO	status.find.in(200,201,202,203,204,205,206,207,208,209,304), found 400
USER	SmokeTest	110	END	1570478516091	1570478517097
USER	SmokeTest	113	START	1570478517097	1570478517097
REQUEST	111		SmokeTest	1570478516225	1570478517246	KO	status.find.in(200,201,202,203,204,205,206,207,208,209,304), found 400
USER	SmokeTest	111	END	1570478516224	1570478517247
USER	SmokeTest	114	START	1570478517247	1570478517247
REQUEST	112		SmokeTest	1570478516470	1570478517436	KO	status.find.in(200,201,202,203,204,205,206,207,208,209,304), found 400
USER	SmokeTest	112	END	1570478516469	1570478517437
USER	SmokeTest	115	START	1570478517437	1570478517437
REQUEST	114		SmokeTest	1570478517248	1570478518499	KO	status.find.in(200,201,202,203,204,205,206,207,208,209,304), found 400
USER	SmokeTest	114	END	1570478517247	1570478518500
USER	SmokeTest	116	START	1570478518500	1570478518500
REQUEST	115		SmokeTest	1570478517438	1570478518565	KO	status.find.in(200,201,202,203,204,205,206,207,208,209,304), found 400
USER	SmokeTest	115	END	1570478517437	1570478518566
USER	SmokeTest	117	START	1570478518567	1570478518567
REQUEST	113		SmokeTest	1570478517098	1570478518666	OK	 
USER	SmokeTest	113	END	1570478517097	1570478518668
USER	SmokeTest	118	START	1570478518668	1570478518668
REQUEST	116		SmokeTest	1570478518501	1570478519710	KO	status.find.in(200,201,202,203,204,205,206,207,208,209,304), found 400
USER	SmokeTest	116	END	1570478518500	1570478519712
USER	SmokeTest	119	START	1570478519712	1570478519712
REQUEST	117		SmokeTest	1570478518568	1570478519820	KO	status.find.in(200,201,202,203,204,205,206,207,208,209,304), found 400
USER	SmokeTest	117	END	1570478518567	1570478519821
USER	SmokeTest	120	START	1570478519822	1570478519822
REQUEST	118		SmokeTest	1570478518669	1570478519866	KO	status.find.in(200,201,202,203,204,205,206,207,208,209,304), found 400
USER	SmokeTest	118	END	1570478518668	1570478519867
USER	SmokeTest	121	START	1570478519867	1570478519867
REQUEST	119		SmokeTest	1570478519713	1570478521145	KO	status.find.in(200,201,202,203,204,205,206,207,208,209,304), found 400
USER	SmokeTest	119	END	1570478519712	1570478521147
USER	SmokeTest	122	START	1570478521148	1570478521148
REQUEST	121		SmokeTest	1570478519868	1570478521269	KO	status.find.in(200,201,202,203,204,205,206,207,208,209,304), found 400
USER	SmokeTest	121	END	1570478519867	1570478521271
USER	SmokeTest	123	START	1570478521271	1570478521271
REQUEST	120		SmokeTest	1570478519823	1570478521306	KO	status.find.in(200,201,202,203,204,205,206,207,208,209,304), found 400
USER	SmokeTest	120	END	1570478519822	1570478521308
USER	SmokeTest	124	START	1570478521308	1570478521308
REQUEST	124		SmokeTest	1570478521309	1570478522736	KO	status.find.in(200,201,202,203,204,205,206,207,208,209,304), found 400
USER	SmokeTest	124	END	1570478521308	1570478522738
USER	SmokeTest	125	START	1570478522738	1570478522738
REQUEST	123		SmokeTest	1570478521272	1570478522767	KO	status.find.in(200,201,202,203,204,205,206,207,208,209,304), found 400
USER	SmokeTest	123	END	1570478521271	1570478522768
USER	SmokeTest	126	START	1570478522768	1570478522768
REQUEST	122		SmokeTest	1570478521149	1570478523021	OK	 
USER	SmokeTest	122	END	1570478521148	1570478523022
USER	SmokeTest	127	START	1570478523022	1570478523022
REQUEST	125		SmokeTest	1570478522739	1570478523786	KO	status.find.in(200,201,202,203,204,205,206,207,208,209,304), found 400
USER	SmokeTest	125	END	1570478522738	1570478523787
USER	SmokeTest	128	START	1570478523788	1570478523788
REQUEST	126		SmokeTest	1570478522810	1570478523955	KO	status.find.in(200,201,202,203,204,205,206,207,208,209,304), found 400
USER	SmokeTest	126	END	1570478522768	1570478523956
USER	SmokeTest	129	START	1570478523956	1570478523956
REQUEST	127		SmokeTest	1570478523023	1570478524062	KO	status.find.in(200,201,202,203,204,205,206,207,208,209,304), found 400
USER	SmokeTest	127	END	1570478523022	1570478524064
USER	SmokeTest	130	START	1570478524064	1570478524064
REQUEST	128		SmokeTest	1570478523790	1570478524748	KO	status.find.in(200,201,202,203,204,205,206,207,208,209,304), found 400
USER	SmokeTest	128	END	1570478523788	1570478524752
USER	SmokeTest	131	START	1570478524752	1570478524752
REQUEST	129		SmokeTest	1570478523957	1570478525083	KO	status.find.in(200,201,202,203,204,205,206,207,208,209,304), found 400
REQUEST	130		SmokeTest	1570478524065	1570478525087	KO	status.find.in(200,201,202,203,204,205,206,207,208,209,304), found 400
USER	SmokeTest	130	END	1570478524064	1570478525089
USER	SmokeTest	132	START	1570478525089	1570478525089
USER	SmokeTest	129	END	1570478523956	1570478525107
USER	SmokeTest	133	START	1570478525108	1570478525108
REQUEST	131		SmokeTest	1570478524753	1570478526052	OK	 
USER	SmokeTest	131	END	1570478524752	1570478526053
USER	SmokeTest	134	START	1570478526054	1570478526054
REQUEST	133		SmokeTest	1570478525108	1570478526164	KO	status.find.in(200,201,202,203,204,205,206,207,208,209,304), found 400
USER	SmokeTest	133	END	1570478525108	1570478526166
USER	SmokeTest	135	START	1570478526166	1570478526166
REQUEST	132		SmokeTest	1570478525090	1570478526201	KO	status.find.in(200,201,202,203,204,205,206,207,208,209,304), found 400
USER	SmokeTest	132	END	1570478525089	1570478526203
USER	SmokeTest	136	START	1570478526203	1570478526203
REQUEST	134		SmokeTest	1570478526055	1570478527190	KO	status.find.in(200,201,202,203,204,205,206,207,208,209,304), found 400
USER	SmokeTest	134	END	1570478526054	1570478527199
USER	SmokeTest	137	START	1570478527199	1570478527199
REQUEST	135		SmokeTest	1570478526167	1570478527299	KO	status.find.in(200,201,202,203,204,205,206,207,208,209,304), found 400
USER	SmokeTest	135	END	1570478526166	1570478527301
USER	SmokeTest	138	START	1570478527301	1570478527301
REQUEST	136		SmokeTest	1570478526204	1570478527310	KO	status.find.in(200,201,202,203,204,205,206,207,208,209,304), found 400
USER	SmokeTest	136	END	1570478526203	1570478527312
USER	SmokeTest	139	START	1570478527312	1570478527312
REQUEST	137		SmokeTest	1570478527200	1570478528151	KO	status.find.in(200,201,202,203,204,205,206,207,208,209,304), found 400
USER	SmokeTest	137	END	1570478527199	1570478528153
USER	SmokeTest	140	START	1570478528153	1570478528153
REQUEST	139		SmokeTest	1570478527313	1570478528523	KO	status.find.in(200,201,202,203,204,205,206,207,208,209,304), found 400
USER	SmokeTest	139	END	1570478527312	1570478528524
USER	SmokeTest	141	START	1570478528524	1570478528524
REQUEST	138		SmokeTest	1570478527302	1570478528528	KO	status.find.in(200,201,202,203,204,205,206,207,208,209,304), found 400
USER	SmokeTest	138	END	1570478527301	1570478528529
USER	SmokeTest	142	START	1570478528529	1570478528529
REQUEST	141		SmokeTest	1570478528525	1570478529646	KO	status.find.in(200,201,202,203,204,205,206,207,208,209,304), found 400
USER	SmokeTest	141	END	1570478528524	1570478529648
USER	SmokeTest	143	START	1570478529648	1570478529648
REQUEST	140		SmokeTest	1570478528155	1570478529648	OK	 
USER	SmokeTest	140	END	1570478528153	1570478529650
USER	SmokeTest	144	START	1570478529650	1570478529650
REQUEST	142		SmokeTest	1570478528529	1570478529659	KO	status.find.in(200,201,202,203,204,205,206,207,208,209,304), found 400
USER	SmokeTest	142	END	1570478528529	1570478529661
USER	SmokeTest	145	START	1570478529661	1570478529661
REQUEST	143		SmokeTest	1570478529649	1570478530797	KO	status.find.in(200,201,202,203,204,205,206,207,208,209,304), found 400
USER	SmokeTest	143	END	1570478529648	1570478530799
REQUEST	144		SmokeTest	1570478529652	1570478530799	KO	status.find.in(200,201,202,203,204,205,206,207,208,209,304), found 400
USER	SmokeTest	146	START	1570478530800	1570478530800
USER	SmokeTest	144	END	1570478529650	1570478530800
USER	SmokeTest	147	START	1570478530801	1570478530801
REQUEST	145		SmokeTest	1570478529662	1570478530848	KO	status.find.in(200,201,202,203,204,205,206,207,208,209,304), found 400
USER	SmokeTest	145	END	1570478529661	1570478530849
USER	SmokeTest	148	START	1570478530849	1570478530849
REQUEST	146		SmokeTest	1570478530801	1570478532130	KO	status.find.in(200,201,202,203,204,205,206,207,208,209,304), found 400
REQUEST	147		SmokeTest	1570478530802	1570478532133	KO	status.find.in(200,201,202,203,204,205,206,207,208,209,304), found 400
USER	SmokeTest	146	END	1570478530800	1570478532133
USER	SmokeTest	149	START	1570478532134	1570478532134
USER	SmokeTest	147	END	1570478530801	1570478532135
USER	SmokeTest	150	START	1570478532135	1570478532135
REQUEST	148		SmokeTest	1570478530850	1570478532142	KO	status.find.in(200,201,202,203,204,205,206,207,208,209,304), found 400
USER	SmokeTest	148	END	1570478530849	1570478532143
USER	SmokeTest	151	START	1570478532144	1570478532144
REQUEST	150		SmokeTest	1570478532137	1570478533439	KO	status.find.in(200,201,202,203,204,205,206,207,208,209,304), found 400
USER	SmokeTest	150	END	1570478532135	1570478533441
USER	SmokeTest	152	START	1570478533441	1570478533441
REQUEST	151		SmokeTest	1570478532144	1570478533478	KO	status.find.in(200,201,202,203,204,205,206,207,208,209,304), found 400
USER	SmokeTest	151	END	1570478532144	1570478533479
USER	SmokeTest	153	START	1570478533479	1570478533479
REQUEST	149		SmokeTest	1570478532136	1570478534168	OK	 
USER	SmokeTest	149	END	1570478532134	1570478534170
USER	SmokeTest	154	START	1570478534171	1570478534171
REQUEST	152		SmokeTest	1570478533442	1570478534518	KO	status.find.in(200,201,202,203,204,205,206,207,208,209,304), found 400
USER	SmokeTest	152	END	1570478533441	1570478534519
USER	SmokeTest	155	START	1570478534519	1570478534519
REQUEST	153		SmokeTest	1570478533480	1570478534558	KO	status.find.in(200,201,202,203,204,205,206,207,208,209,304), found 400
USER	SmokeTest	153	END	1570478533479	1570478534559
USER	SmokeTest	156	START	1570478534559	1570478534559
REQUEST	154		SmokeTest	1570478534172	1570478535166	KO	status.find.in(200,201,202,203,204,205,206,207,208,209,304), found 400
USER	SmokeTest	154	END	1570478534171	1570478535168
USER	SmokeTest	157	START	1570478535168	1570478535168
REQUEST	156		SmokeTest	1570478534560	1570478535653	KO	status.find.in(200,201,202,203,204,205,206,207,208,209,304), found 400
USER	SmokeTest	156	END	1570478534559	1570478535655
USER	SmokeTest	158	START	1570478535656	1570478535656
REQUEST	155		SmokeTest	1570478534520	1570478535665	KO	status.find.in(200,201,202,203,204,205,206,207,208,209,304), found 400
USER	SmokeTest	155	END	1570478534519	1570478535666
USER	SmokeTest	159	START	1570478535666	1570478535666
REQUEST	157		SmokeTest	1570478535169	1570478536289	KO	status.find.in(200,201,202,203,204,205,206,207,208,209,304), found 400
USER	SmokeTest	157	END	1570478535168	1570478536290
USER	SmokeTest	160	START	1570478536290	1570478536290
REQUEST	159		SmokeTest	1570478535667	1570478536750	KO	status.find.in(200,201,202,203,204,205,206,207,208,209,304), found 400
USER	SmokeTest	159	END	1570478535666	1570478536751
USER	SmokeTest	161	START	1570478536752	1570478536752
REQUEST	158		SmokeTest	1570478535657	1570478537117	OK	 
USER	SmokeTest	158	END	1570478535656	1570478537119
USER	SmokeTest	162	START	1570478537119	1570478537119
REQUEST	160		SmokeTest	1570478536291	1570478537306	KO	status.find.in(200,201,202,203,204,205,206,207,208,209,304), found 400
USER	SmokeTest	160	END	1570478536290	1570478537307
USER	SmokeTest	163	START	1570478537307	1570478537307
REQUEST	161		SmokeTest	1570478536753	1570478537710	KO	status.find.in(200,201,202,203,204,205,206,207,208,209,304), found 400
USER	SmokeTest	161	END	1570478536752	1570478537712
USER	SmokeTest	164	START	1570478537712	1570478537712
REQUEST	162		SmokeTest	1570478537120	1570478538256	KO	status.find.in(200,201,202,203,204,205,206,207,208,209,304), found 400
USER	SmokeTest	162	END	1570478537119	1570478538260
USER	SmokeTest	165	START	1570478538260	1570478538260
REQUEST	163		SmokeTest	1570478537308	1570478538488	KO	status.find.in(200,201,202,203,204,205,206,207,208,209,304), found 400
USER	SmokeTest	163	END	1570478537307	1570478538490
USER	SmokeTest	166	START	1570478538490	1570478538490
REQUEST	164		SmokeTest	1570478537713	1570478538803	KO	status.find.in(200,201,202,203,204,205,206,207,208,209,304), found 400
USER	SmokeTest	164	END	1570478537712	1570478538804
USER	SmokeTest	167	START	1570478538804	1570478538804
REQUEST	165		SmokeTest	1570478538263	1570478539273	KO	status.find.in(200,201,202,203,204,205,206,207,208,209,304), found 400
USER	SmokeTest	165	END	1570478538260	1570478539274
USER	SmokeTest	168	START	1570478539274	1570478539274
REQUEST	166		SmokeTest	1570478538491	1570478540073	KO	status.find.in(200,201,202,203,204,205,206,207,208,209,304), found 400
USER	SmokeTest	166	END	1570478538490	1570478540074
USER	SmokeTest	169	START	1570478540074	1570478540074
REQUEST	168		SmokeTest	1570478539275	1570478540272	KO	status.find.in(200,201,202,203,204,205,206,207,208,209,304), found 400
USER	SmokeTest	168	END	1570478539274	1570478540274
USER	SmokeTest	170	START	1570478540274	1570478540274
REQUEST	167		SmokeTest	1570478538804	1570478540291	OK	 
USER	SmokeTest	167	END	1570478538804	1570478540293
USER	SmokeTest	171	START	1570478540293	1570478540293
REQUEST	169		SmokeTest	1570478540075	1570478541205	KO	status.find.in(200,201,202,203,204,205,206,207,208,209,304), found 400
USER	SmokeTest	169	END	1570478540074	1570478541206
USER	SmokeTest	172	START	1570478541206	1570478541206
REQUEST	170		SmokeTest	1570478540275	1570478541371	KO	status.find.in(200,201,202,203,204,205,206,207,208,209,304), found 400
USER	SmokeTest	170	END	1570478540274	1570478541372
USER	SmokeTest	173	START	1570478541373	1570478541373
REQUEST	171		SmokeTest	1570478540294	1570478541412	KO	status.find.in(200,201,202,203,204,205,206,207,208,209,304), found 400
USER	SmokeTest	171	END	1570478540293	1570478541414
USER	SmokeTest	174	START	1570478541415	1570478541415
REQUEST	172		SmokeTest	1570478541207	1570478542515	KO	status.find.in(200,201,202,203,204,205,206,207,208,209,304), found 400
USER	SmokeTest	172	END	1570478541206	1570478542517
USER	SmokeTest	175	START	1570478542517	1570478542517
REQUEST	174		SmokeTest	1570478541416	1570478542626	KO	status.find.in(200,201,202,203,204,205,206,207,208,209,304), found 400
USER	SmokeTest	174	END	1570478541415	1570478542628
USER	SmokeTest	176	START	1570478542628	1570478542628
REQUEST	173		SmokeTest	1570478541374	1570478542635	KO	status.find.in(200,201,202,203,204,205,206,207,208,209,304), found 400
USER	SmokeTest	173	END	1570478541373	1570478542637
USER	SmokeTest	177	START	1570478542637	1570478542637
REQUEST	175		SmokeTest	1570478542519	1570478543676	KO	status.find.in(200,201,202,203,204,205,206,207,208,209,304), found 400
USER	SmokeTest	175	END	1570478542517	1570478543678
USER	SmokeTest	178	START	1570478543679	1570478543679
REQUEST	177		SmokeTest	1570478542638	1570478543761	KO	status.find.in(200,201,202,203,204,205,206,207,208,209,304), found 400
USER	SmokeTest	177	END	1570478542637	1570478543763
USER	SmokeTest	179	START	1570478543763	1570478543763
REQUEST	176		SmokeTest	1570478542630	1570478544121	OK	 
USER	SmokeTest	176	END	1570478542628	1570478544122
USER	SmokeTest	180	START	1570478544122	1570478544122
REQUEST	178		SmokeTest	1570478543680	1570478544792	KO	status.find.in(200,201,202,203,204,205,206,207,208,209,304), found 400
USER	SmokeTest	178	END	1570478543679	1570478544794
USER	SmokeTest	181	START	1570478544794	1570478544794
REQUEST	179		SmokeTest	1570478543764	1570478544801	KO	status.find.in(200,201,202,203,204,205,206,207,208,209,304), found 400
USER	SmokeTest	179	END	1570478543763	1570478544803
USER	SmokeTest	182	START	1570478544803	1570478544803
REQUEST	180		SmokeTest	1570478544123	1570478545186	KO	status.find.in(200,201,202,203,204,205,206,207,208,209,304), found 400
USER	SmokeTest	180	END	1570478544122	1570478545187
USER	SmokeTest	183	START	1570478545187	1570478545187
REQUEST	182		SmokeTest	1570478544804	1570478545909	KO	status.find.in(200,201,202,203,204,205,206,207,208,209,304), found 400
USER	SmokeTest	182	END	1570478544803	1570478545911
USER	SmokeTest	184	START	1570478545911	1570478545911
REQUEST	181		SmokeTest	1570478544795	1570478545918	KO	status.find.in(200,201,202,203,204,205,206,207,208,209,304), found 400
USER	SmokeTest	181	END	1570478544794	1570478545919
USER	SmokeTest	185	START	1570478545920	1570478545920
REQUEST	183		SmokeTest	1570478545188	1570478546290	KO	status.find.in(200,201,202,203,204,205,206,207,208,209,304), found 400
USER	SmokeTest	183	END	1570478545187	1570478546291
USER	SmokeTest	186	START	1570478546291	1570478546291
REQUEST	184		SmokeTest	1570478545913	1570478546946	KO	status.find.in(200,201,202,203,204,205,206,207,208,209,304), found 400
USER	SmokeTest	184	END	1570478545911	1570478546947
USER	SmokeTest	187	START	1570478546948	1570478546948
REQUEST	186		SmokeTest	1570478546292	1570478547325	KO	status.find.in(200,201,202,203,204,205,206,207,208,209,304), found 400
USER	SmokeTest	186	END	1570478546291	1570478547327
USER	SmokeTest	188	START	1570478547327	1570478547327
REQUEST	185		SmokeTest	1570478545921	1570478547466	OK	 
USER	SmokeTest	185	END	1570478545920	1570478547467
USER	SmokeTest	189	START	1570478547467	1570478547467
REQUEST	187		SmokeTest	1570478546949	1570478547946	KO	status.find.in(200,201,202,203,204,205,206,207,208,209,304), found 400
USER	SmokeTest	187	END	1570478546948	1570478547948
USER	SmokeTest	190	START	1570478547948	1570478547948
REQUEST	188		SmokeTest	1570478547328	1570478548409	KO	status.find.in(200,201,202,203,204,205,206,207,208,209,304), found 400
USER	SmokeTest	188	END	1570478547327	1570478548410
USER	SmokeTest	191	START	1570478548410	1570478548410
REQUEST	189		SmokeTest	1570478547468	1570478548565	KO	status.find.in(200,201,202,203,204,205,206,207,208,209,304), found 400
USER	SmokeTest	189	END	1570478547467	1570478548566
USER	SmokeTest	192	START	1570478548567	1570478548567
REQUEST	190		SmokeTest	1570478547949	1570478548913	KO	status.find.in(200,201,202,203,204,205,206,207,208,209,304), found 400
USER	SmokeTest	190	END	1570478547948	1570478548915
USER	SmokeTest	193	START	1570478548915	1570478548915
REQUEST	191		SmokeTest	1570478548411	1570478549414	KO	status.find.in(200,201,202,203,204,205,206,207,208,209,304), found 400
USER	SmokeTest	191	END	1570478548410	1570478549415
USER	SmokeTest	194	START	1570478549416	1570478549416
REQUEST	192		SmokeTest	1570478548568	1570478549659	KO	status.find.in(200,201,202,203,204,205,206,207,208,209,304), found 400
USER	SmokeTest	192	END	1570478548567	1570478549685
USER	SmokeTest	195	START	1570478549685	1570478549685
REQUEST	193		SmokeTest	1570478548915	1570478549922	KO	status.find.in(200,201,202,203,204,205,206,207,208,209,304), found 400
USER	SmokeTest	193	END	1570478548915	1570478549924
USER	SmokeTest	196	START	1570478549924	1570478549924
REQUEST	195		SmokeTest	1570478549686	1570478550695	KO	status.find.in(200,201,202,203,204,205,206,207,208,209,304), found 400
USER	SmokeTest	195	END	1570478549685	1570478550696
USER	SmokeTest	197	START	1570478550696	1570478550696
REQUEST	194		SmokeTest	1570478549417	1570478550795	OK	 
USER	SmokeTest	194	END	1570478549416	1570478550797
USER	SmokeTest	198	START	1570478550797	1570478550797
REQUEST	196		SmokeTest	1570478549925	1570478550919	KO	status.find.in(200,201,202,203,204,205,206,207,208,209,304), found 400
USER	SmokeTest	196	END	1570478549924	1570478550920
USER	SmokeTest	199	START	1570478550920	1570478550920
REQUEST	198		SmokeTest	1570478550798	1570478551922	KO	status.find.in(200,201,202,203,204,205,206,207,208,209,304), found 400
USER	SmokeTest	198	END	1570478550797	1570478551923
USER	SmokeTest	200	START	1570478551924	1570478551924
REQUEST	197		SmokeTest	1570478550696	1570478551936	KO	status.find.in(200,201,202,203,204,205,206,207,208,209,304), found 400
USER	SmokeTest	197	END	1570478550696	1570478551937
USER	SmokeTest	201	START	1570478551938	1570478551938
REQUEST	199		SmokeTest	1570478550921	1570478552007	KO	status.find.in(200,201,202,203,204,205,206,207,208,209,304), found 400
USER	SmokeTest	199	END	1570478550920	1570478552008
USER	SmokeTest	202	START	1570478552008	1570478552008
REQUEST	201		SmokeTest	1570478551939	1570478553057	KO	status.find.in(200,201,202,203,204,205,206,207,208,209,304), found 400
USER	SmokeTest	201	END	1570478551938	1570478553058
USER	SmokeTest	203	START	1570478553058	1570478553058
REQUEST	202		SmokeTest	1570478552008	1570478553067	KO	status.find.in(200,201,202,203,204,205,206,207,208,209,304), found 400
USER	SmokeTest	202	END	1570478552008	1570478553068
USER	SmokeTest	204	START	1570478553068	1570478553068
REQUEST	200		SmokeTest	1570478551925	1570478553297	KO	status.find.in(200,201,202,203,204,205,206,207,208,209,304), found 400
USER	SmokeTest	200	END	1570478551924	1570478553299
USER	SmokeTest	205	START	1570478553299	1570478553299
REQUEST	204		SmokeTest	1570478553069	1570478554252	KO	status.find.in(200,201,202,203,204,205,206,207,208,209,304), found 400
USER	SmokeTest	204	END	1570478553068	1570478554253
USER	SmokeTest	206	START	1570478554253	1570478554253
REQUEST	205		SmokeTest	1570478553300	1570478554467	KO	status.find.in(200,201,202,203,204,205,206,207,208,209,304), found 400
USER	SmokeTest	205	END	1570478553299	1570478554469
USER	SmokeTest	207	START	1570478554469	1570478554469
REQUEST	203		SmokeTest	1570478553059	1570478554658	OK	 
USER	SmokeTest	203	END	1570478553058	1570478554659
USER	SmokeTest	208	START	1570478554659	1570478554659
REQUEST	206		SmokeTest	1570478554254	1570478555261	KO	status.find.in(200,201,202,203,204,205,206,207,208,209,304), found 400
USER	SmokeTest	206	END	1570478554253	1570478555263
USER	SmokeTest	209	START	1570478555263	1570478555263
REQUEST	207		SmokeTest	1570478554471	1570478555478	KO	status.find.in(200,201,202,203,204,205,206,207,208,209,304), found 400
USER	SmokeTest	207	END	1570478554469	1570478555480
USER	SmokeTest	210	START	1570478555480	1570478555480
REQUEST	208		SmokeTest	1570478554659	1570478555729	KO	status.find.in(200,201,202,203,204,205,206,207,208,209,304), found 400
USER	SmokeTest	208	END	1570478554659	1570478555730
USER	SmokeTest	211	START	1570478555730	1570478555730
REQUEST	209		SmokeTest	1570478555264	1570478556281	KO	status.find.in(200,201,202,203,204,205,206,207,208,209,304), found 400
USER	SmokeTest	209	END	1570478555263	1570478556283
USER	SmokeTest	212	START	1570478556284	1570478556284
REQUEST	210		SmokeTest	1570478555481	1570478556697	KO	status.find.in(200,201,202,203,204,205,206,207,208,209,304), found 400
USER	SmokeTest	210	END	1570478555480	1570478556699
USER	SmokeTest	213	START	1570478556699	1570478556699
REQUEST	211		SmokeTest	1570478555731	1570478557145	KO	status.find.in(200,201,202,203,204,205,206,207,208,209,304), found 400
USER	SmokeTest	211	END	1570478555730	1570478557146
USER	SmokeTest	214	START	1570478557146	1570478557146
REQUEST	213		SmokeTest	1570478556700	1570478557751	KO	status.find.in(200,201,202,203,204,205,206,207,208,209,304), found 400
USER	SmokeTest	213	END	1570478556699	1570478557753
USER	SmokeTest	215	START	1570478557753	1570478557753
REQUEST	212		SmokeTest	1570478556285	1570478558074	OK	 
USER	SmokeTest	212	END	1570478556284	1570478558075
USER	SmokeTest	216	START	1570478558075	1570478558075
REQUEST	214		SmokeTest	1570478557147	1570478558124	KO	status.find.in(200,201,202,203,204,205,206,207,208,209,304), found 400
USER	SmokeTest	214	END	1570478557146	1570478558125
USER	SmokeTest	217	START	1570478558125	1570478558125
REQUEST	215		SmokeTest	1570478557754	1570478558725	KO	status.find.in(200,201,202,203,204,205,206,207,208,209,304), found 400
USER	SmokeTest	215	END	1570478557753	1570478558728
USER	SmokeTest	218	START	1570478558728	1570478558728
REQUEST	216		SmokeTest	1570478558076	1570478559194	KO	status.find.in(200,201,202,203,204,205,206,207,208,209,304), found 400
USER	SmokeTest	216	END	1570478558075	1570478559196
USER	SmokeTest	219	START	1570478559196	1570478559196
REQUEST	217		SmokeTest	1570478558126	1570478559229	KO	status.find.in(200,201,202,203,204,205,206,207,208,209,304), found 400
USER	SmokeTest	217	END	1570478558125	1570478559231
USER	SmokeTest	220	START	1570478559231	1570478559231
REQUEST	218		SmokeTest	1570478558729	1570478559725	KO	status.find.in(200,201,202,203,204,205,206,207,208,209,304), found 400
USER	SmokeTest	218	END	1570478558728	1570478559727
USER	SmokeTest	221	START	1570478559727	1570478559727
REQUEST	219		SmokeTest	1570478559198	1570478560289	KO	status.find.in(200,201,202,203,204,205,206,207,208,209,304), found 400
USER	SmokeTest	219	END	1570478559196	1570478560291
USER	SmokeTest	222	START	1570478560291	1570478560291
REQUEST	220		SmokeTest	1570478559232	1570478560324	KO	status.find.in(200,201,202,203,204,205,206,207,208,209,304), found 400
USER	SmokeTest	220	END	1570478559231	1570478560325
USER	SmokeTest	223	START	1570478560325	1570478560325
REQUEST	221		SmokeTest	1570478559728	1570478561133	OK	 
USER	SmokeTest	221	END	1570478559727	1570478561134
USER	SmokeTest	224	START	1570478561134	1570478561134
REQUEST	222		SmokeTest	1570478560291	1570478561460	KO	status.find.in(200,201,202,203,204,205,206,207,208,209,304), found 400
REQUEST	223		SmokeTest	1570478560326	1570478561461	KO	status.find.in(200,201,202,203,204,205,206,207,208,209,304), found 400
USER	SmokeTest	222	END	1570478560291	1570478561461
USER	SmokeTest	225	START	1570478561462	1570478561462
USER	SmokeTest	223	END	1570478560325	1570478561462
USER	SmokeTest	226	START	1570478561462	1570478561462
REQUEST	224		SmokeTest	1570478561136	1570478562144	KO	status.find.in(200,201,202,203,204,205,206,207,208,209,304), found 400
USER	SmokeTest	224	END	1570478561134	1570478562145
USER	SmokeTest	227	START	1570478562145	1570478562145
REQUEST	226		SmokeTest	1570478561463	1570478562534	KO	status.find.in(200,201,202,203,204,205,206,207,208,209,304), found 400
USER	SmokeTest	226	END	1570478561462	1570478562536
USER	SmokeTest	228	START	1570478562536	1570478562536
REQUEST	225		SmokeTest	1570478561463	1570478562539	KO	status.find.in(200,201,202,203,204,205,206,207,208,209,304), found 400
USER	SmokeTest	225	END	1570478561462	1570478562540
USER	SmokeTest	229	START	1570478562540	1570478562540
REQUEST	227		SmokeTest	1570478562146	1570478563127	KO	status.find.in(200,201,202,203,204,205,206,207,208,209,304), found 400
USER	SmokeTest	227	END	1570478562145	1570478563129
USER	SmokeTest	230	START	1570478563129	1570478563129
REQUEST	229		SmokeTest	1570478562541	1570478563594	KO	status.find.in(200,201,202,203,204,205,206,207,208,209,304), found 400
USER	SmokeTest	229	END	1570478562540	1570478563595
USER	SmokeTest	231	START	1570478563595	1570478563595
REQUEST	228		SmokeTest	1570478562537	1570478563614	KO	status.find.in(200,201,202,203,204,205,206,207,208,209,304), found 400
USER	SmokeTest	228	END	1570478562536	1570478563616
USER	SmokeTest	232	START	1570478563616	1570478563616
REQUEST	231		SmokeTest	1570478563596	1570478564759	KO	status.find.in(200,201,202,203,204,205,206,207,208,209,304), found 400
USER	SmokeTest	231	END	1570478563595	1570478564761
USER	SmokeTest	233	START	1570478564761	1570478564761
REQUEST	232		SmokeTest	1570478563617	1570478564788	KO	status.find.in(200,201,202,203,204,205,206,207,208,209,304), found 400
USER	SmokeTest	232	END	1570478563616	1570478564790
USER	SmokeTest	234	START	1570478564790	1570478564790
REQUEST	230		SmokeTest	1570478563130	1570478564904	OK	 
USER	SmokeTest	230	END	1570478563129	1570478564905
USER	SmokeTest	235	START	1570478564906	1570478564906
REQUEST	233		SmokeTest	1570478564762	1570478565910	KO	status.find.in(200,201,202,203,204,205,206,207,208,209,304), found 400
USER	SmokeTest	233	END	1570478564761	1570478565911
USER	SmokeTest	236	START	1570478565911	1570478565911
REQUEST	234		SmokeTest	1570478564791	1570478565926	KO	status.find.in(200,201,202,203,204,205,206,207,208,209,304), found 400
USER	SmokeTest	234	END	1570478564790	1570478565927
USER	SmokeTest	237	START	1570478565927	1570478565927
REQUEST	235		SmokeTest	1570478564906	1570478566022	KO	status.find.in(200,201,202,203,204,205,206,207,208,209,304), found 400
USER	SmokeTest	235	END	1570478564906	1570478566023
USER	SmokeTest	238	START	1570478566023	1570478566023
REQUEST	236		SmokeTest	1570478565912	1570478567089	KO	status.find.in(200,201,202,203,204,205,206,207,208,209,304), found 400
USER	SmokeTest	236	END	1570478565911	1570478567090
USER	SmokeTest	239	START	1570478567090	1570478567090
REQUEST	237		SmokeTest	1570478565928	1570478567114	KO	status.find.in(200,201,202,203,204,205,206,207,208,209,304), found 400
USER	SmokeTest	237	END	1570478565927	1570478567115
USER	SmokeTest	240	START	1570478567116	1570478567116
REQUEST	238		SmokeTest	1570478566024	1570478567175	KO	status.find.in(200,201,202,203,204,205,206,207,208,209,304), found 400
USER	SmokeTest	238	END	1570478566023	1570478567177
USER	SmokeTest	241	START	1570478567177	1570478567177
REQUEST	241		SmokeTest	1570478567178	1570478568347	KO	status.find.in(200,201,202,203,204,205,206,207,208,209,304), found 400
USER	SmokeTest	241	END	1570478567177	1570478568348
USER	SmokeTest	242	START	1570478568348	1570478568348
REQUEST	240		SmokeTest	1570478567116	1570478568381	KO	status.find.in(200,201,202,203,204,205,206,207,208,209,304), found 400
USER	SmokeTest	240	END	1570478567116	1570478568382
USER	SmokeTest	243	START	1570478568382	1570478568382
REQUEST	239		SmokeTest	1570478567091	1570478568820	OK	 
USER	SmokeTest	239	END	1570478567090	1570478568822
USER	SmokeTest	244	START	1570478568822	1570478568822
REQUEST	242		SmokeTest	1570478568349	1570478569491	KO	status.find.in(200,201,202,203,204,205,206,207,208,209,304), found 400
USER	SmokeTest	242	END	1570478568348	1570478569493
USER	SmokeTest	245	START	1570478569493	1570478569493
REQUEST	243		SmokeTest	1570478568383	1570478569497	KO	status.find.in(200,201,202,203,204,205,206,207,208,209,304), found 400
USER	SmokeTest	243	END	1570478568382	1570478569498
USER	SmokeTest	246	START	1570478569498	1570478569498
REQUEST	244		SmokeTest	1570478568823	1570478569837	KO	status.find.in(200,201,202,203,204,205,206,207,208,209,304), found 400
USER	SmokeTest	244	END	1570478568822	1570478569838
USER	SmokeTest	247	START	1570478569838	1570478569838
REQUEST	245		SmokeTest	1570478569494	1570478570600	KO	status.find.in(200,201,202,203,204,205,206,207,208,209,304), found 400
USER	SmokeTest	245	END	1570478569493	1570478570602
REQUEST	246		SmokeTest	1570478569499	1570478570617	KO	status.find.in(200,201,202,203,204,205,206,207,208,209,304), found 400
USER	SmokeTest	248	START	1570478570602	1570478570602
USER	SmokeTest	246	END	1570478569498	1570478570618
USER	SmokeTest	249	START	1570478570625	1570478570625
REQUEST	247		SmokeTest	1570478569838	1570478570876	KO	status.find.in(200,201,202,203,204,205,206,207,208,209,304), found 400
USER	SmokeTest	247	END	1570478569838	1570478570877
USER	SmokeTest	250	START	1570478570877	1570478570877
REQUEST	249		SmokeTest	1570478570626	1570478571983	KO	status.find.in(200,201,202,203,204,205,206,207,208,209,304), found 400
USER	SmokeTest	249	END	1570478570625	1570478571985
USER	SmokeTest	251	START	1570478571985	1570478571985
REQUEST	250		SmokeTest	1570478570878	1570478572123	KO	status.find.in(200,201,202,203,204,205,206,207,208,209,304), found 400
USER	SmokeTest	250	END	1570478570877	1570478572124
USER	SmokeTest	252	START	1570478572125	1570478572125
REQUEST	248		SmokeTest	1570478570625	1570478572391	OK	 
USER	SmokeTest	248	END	1570478570602	1570478572392
USER	SmokeTest	253	START	1570478572392	1570478572392
REQUEST	251		SmokeTest	1570478571986	1570478573092	KO	status.find.in(200,201,202,203,204,205,206,207,208,209,304), found 400
USER	SmokeTest	251	END	1570478571985	1570478573093
USER	SmokeTest	254	START	1570478573093	1570478573093
REQUEST	252		SmokeTest	1570478572126	1570478573274	KO	status.find.in(200,201,202,203,204,205,206,207,208,209,304), found 400
USER	SmokeTest	252	END	1570478572125	1570478573276
USER	SmokeTest	255	START	1570478573276	1570478573276
REQUEST	253		SmokeTest	1570478572393	1570478573473	KO	status.find.in(200,201,202,203,204,205,206,207,208,209,304), found 400
USER	SmokeTest	253	END	1570478572392	1570478573474
USER	SmokeTest	256	START	1570478573474	1570478573474
REQUEST	254		SmokeTest	1570478573172	1570478574451	KO	status.find.in(200,201,202,203,204,205,206,207,208,209,304), found 400
USER	SmokeTest	254	END	1570478573093	1570478574453
USER	SmokeTest	257	START	1570478574453	1570478574453
REQUEST	255		SmokeTest	1570478573277	1570478574494	KO	status.find.in(200,201,202,203,204,205,206,207,208,209,304), found 400
USER	SmokeTest	255	END	1570478573276	1570478574496
USER	SmokeTest	258	START	1570478574496	1570478574496
REQUEST	256		SmokeTest	1570478573475	1570478574639	KO	status.find.in(200,201,202,203,204,205,206,207,208,209,304), found 400
USER	SmokeTest	256	END	1570478573474	1570478574642
USER	SmokeTest	259	START	1570478574642	1570478574642
REQUEST	258		SmokeTest	1570478574497	1570478575903	KO	status.find.in(200,201,202,203,204,205,206,207,208,209,304), found 400
USER	SmokeTest	258	END	1570478574496	1570478575904
USER	SmokeTest	260	START	1570478575904	1570478575904
REQUEST	259		SmokeTest	1570478574643	1570478576115	KO	status.find.in(200,201,202,203,204,205,206,207,208,209,304), found 400
USER	SmokeTest	259	END	1570478574642	1570478576116
USER	SmokeTest	261	START	1570478576116	1570478576116
REQUEST	257		SmokeTest	1570478574454	1570478576314	OK	 
USER	SmokeTest	257	END	1570478574453	1570478576315
USER	SmokeTest	262	START	1570478576315	1570478576315
REQUEST	260		SmokeTest	1570478575904	1570478576950	KO	status.find.in(200,201,202,203,204,205,206,207,208,209,304), found 400
USER	SmokeTest	260	END	1570478575904	1570478576952
USER	SmokeTest	263	START	1570478576952	1570478576952
REQUEST	261		SmokeTest	1570478576117	1570478577247	KO	status.find.in(200,201,202,203,204,205,206,207,208,209,304), found 400
USER	SmokeTest	261	END	1570478576116	1570478577248
USER	SmokeTest	264	START	1570478577248	1570478577248
REQUEST	262		SmokeTest	1570478576316	1570478577406	KO	status.find.in(200,201,202,203,204,205,206,207,208,209,304), found 400
USER	SmokeTest	262	END	1570478576315	1570478577407
USER	SmokeTest	265	START	1570478577408	1570478577408
REQUEST	263		SmokeTest	1570478576952	1570478577983	KO	status.find.in(200,201,202,203,204,205,206,207,208,209,304), found 400
USER	SmokeTest	263	END	1570478576952	1570478577984
USER	SmokeTest	266	START	1570478577984	1570478577984
REQUEST	264		SmokeTest	1570478577248	1570478578456	KO	status.find.in(200,201,202,203,204,205,206,207,208,209,304), found 400
USER	SmokeTest	264	END	1570478577248	1570478578457
USER	SmokeTest	267	START	1570478578457	1570478578457
REQUEST	265		SmokeTest	1570478577408	1570478578537	KO	status.find.in(200,201,202,203,204,205,206,207,208,209,304), found 400
USER	SmokeTest	265	END	1570478577408	1570478578538
USER	SmokeTest	268	START	1570478578538	1570478578538
