RUN	SmokeTest.getCreditLimitClient	getcreditlimitclient	1569523321358	limite	3.0.2
USER	SmokeTest	1	START	1569523323610	1569523323610
USER	SmokeTest	2	START	1569523323863	1569523323863
USER	SmokeTest	3	START	1569523324064	1569523324064
USER	SmokeTest	4	START	1569523324269	1569523324269
USER	SmokeTest	5	START	1569523324472	1569523324472
REQUEST	1		SmokeTest	1569523323642	1569523326431	KO	status.find.in(200,201,202,203,204,205,206,207,208,209,304), found 400
REQUEST	3		SmokeTest	1569523324064	1569523326431	KO	status.find.in(200,201,202,203,204,205,206,207,208,209,304), found 400
USER	SmokeTest	3	END	1569523324064	1569523326474
USER	SmokeTest	6	START	1569523326475	1569523326475
USER	SmokeTest	1	END	1569523323610	1569523326474
USER	SmokeTest	7	START	1569523326477	1569523326477
REQUEST	4		SmokeTest	1569523324271	1569523326713	KO	status.find.in(200,201,202,203,204,205,206,207,208,209,304), found 400
USER	SmokeTest	4	END	1569523324269	1569523326715
USER	SmokeTest	8	START	1569523326716	1569523326716
REQUEST	5		SmokeTest	1569523324472	1569523327312	KO	status.find.in(200,201,202,203,204,205,206,207,208,209,304), found 400
USER	SmokeTest	5	END	1569523324472	1569523327316
USER	SmokeTest	9	START	1569523327317	1569523327317
REQUEST	2		SmokeTest	1569523323864	1569523327417	KO	status.find.in(200,201,202,203,204,205,206,207,208,209,304), found 400
USER	SmokeTest	2	END	1569523323863	1569523327423
USER	SmokeTest	10	START	1569523327424	1569523327424
REQUEST	8		SmokeTest	1569523326716	1569523328320	KO	status.find.in(200,201,202,203,204,205,206,207,208,209,304), found 400
USER	SmokeTest	8	END	1569523326716	1569523328326
USER	SmokeTest	11	START	1569523328327	1569523328327
USER	SmokeTest	12	START	1569523328607	1569523328607
REQUEST	7		SmokeTest	1569523326477	1569523329113	KO	status.find.in(200,201,202,203,204,205,206,207,208,209,304), found 400
USER	SmokeTest	7	END	1569523326477	1569523329118
USER	SmokeTest	13	START	1569523329118	1569523329118
REQUEST	6		SmokeTest	1569523326476	1569523329125	KO	status.find.in(200,201,202,203,204,205,206,207,208,209,304), found 400
USER	SmokeTest	6	END	1569523326475	1569523329129
USER	SmokeTest	14	START	1569523329129	1569523329129
REQUEST	10		SmokeTest	1569523327426	1569523330424	KO	status.find.in(200,201,202,203,204,205,206,207,208,209,304), found 400
USER	SmokeTest	10	END	1569523327424	1569523330425
USER	SmokeTest	15	START	1569523330425	1569523330425
REQUEST	11		SmokeTest	1569523328330	1569523330428	KO	status.find.in(200,201,202,203,204,205,206,207,208,209,304), found 400
USER	SmokeTest	11	END	1569523328327	1569523330429
USER	SmokeTest	16	START	1569523330430	1569523330430
REQUEST	9		SmokeTest	1569523327319	1569523330515	KO	status.find.in(200,201,202,203,204,205,206,207,208,209,304), found 400
USER	SmokeTest	9	END	1569523327317	1569523330517
USER	SmokeTest	17	START	1569523330518	1569523330518
REQUEST	12		SmokeTest	1569523328609	1569523332814	KO	status.find.in(200,201,202,203,204,205,206,207,208,209,304), found 400
REQUEST	16		SmokeTest	1569523330430	1569523332849	KO	status.find.in(200,201,202,203,204,205,206,207,208,209,304), found 400
USER	SmokeTest	12	END	1569523328607	1569523332850
REQUEST	13		SmokeTest	1569523329120	1569523332849	KO	status.find.in(200,201,202,203,204,205,206,207,208,209,304), found 400
USER	SmokeTest	18	START	1569523332851	1569523332851
USER	SmokeTest	16	END	1569523330430	1569523332852
REQUEST	14		SmokeTest	1569523329131	1569523332849	KO	status.find.in(200,201,202,203,204,205,206,207,208,209,304), found 400
USER	SmokeTest	19	START	1569523332853	1569523332853
USER	SmokeTest	13	END	1569523329118	1569523332853
USER	SmokeTest	20	START	1569523332856	1569523332856
USER	SmokeTest	14	END	1569523329129	1569523332855
USER	SmokeTest	21	START	1569523332857	1569523332857
REQUEST	15		SmokeTest	1569523330426	1569523333107	KO	status.find.in(200,201,202,203,204,205,206,207,208,209,304), found 400
USER	SmokeTest	15	END	1569523330425	1569523333109
USER	SmokeTest	22	START	1569523333109	1569523333109
REQUEST	17		SmokeTest	1569523330519	1569523333620	KO	status.find.in(200,201,202,203,204,205,206,207,208,209,304), found 400
USER	SmokeTest	17	END	1569523330518	1569523333624
USER	SmokeTest	23	START	1569523333625	1569523333625
REQUEST	18		SmokeTest	1569523332852	1569523335709	KO	status.find.in(200,201,202,203,204,205,206,207,208,209,304), found 400
REQUEST	21		SmokeTest	1569523332857	1569523335709	KO	status.find.in(200,201,202,203,204,205,206,207,208,209,304), found 400
USER	SmokeTest	18	END	1569523332851	1569523335710
USER	SmokeTest	24	START	1569523335711	1569523335711
USER	SmokeTest	21	END	1569523332857	1569523335710
USER	SmokeTest	25	START	1569523335712	1569523335712
REQUEST	19		SmokeTest	1569523332855	1569523335732	KO	status.find.in(200,201,202,203,204,205,206,207,208,209,304), found 400
REQUEST	22		SmokeTest	1569523333110	1569523335750	KO	status.find.in(200,201,202,203,204,205,206,207,208,209,304), found 400
USER	SmokeTest	19	END	1569523332853	1569523335750
USER	SmokeTest	26	START	1569523335751	1569523335751
USER	SmokeTest	22	END	1569523333109	1569523335751
USER	SmokeTest	27	START	1569523335753	1569523335753
REQUEST	20		SmokeTest	1569523332856	1569523336322	KO	status.find.in(200,201,202,203,204,205,206,207,208,209,304), found 400
USER	SmokeTest	20	END	1569523332856	1569523336323
USER	SmokeTest	28	START	1569523336323	1569523336323
REQUEST	23		SmokeTest	1569523333627	1569523336621	KO	status.find.in(200,201,202,203,204,205,206,207,208,209,304), found 400
USER	SmokeTest	23	END	1569523333625	1569523336623
USER	SmokeTest	29	START	1569523336623	1569523336623
REQUEST	24		SmokeTest	1569523335711	1569523338116	KO	status.find.in(200,201,202,203,204,205,206,207,208,209,304), found 400
USER	SmokeTest	24	END	1569523335711	1569523338122
USER	SmokeTest	30	START	1569523338122	1569523338122
REQUEST	27		SmokeTest	1569523335753	1569523339115	KO	status.find.in(200,201,202,203,204,205,206,207,208,209,304), found 400
REQUEST	28		SmokeTest	1569523336324	1569523339115	KO	status.find.in(200,201,202,203,204,205,206,207,208,209,304), found 400
REQUEST	25		SmokeTest	1569523335713	1569523339119	KO	status.find.in(200,201,202,203,204,205,206,207,208,209,304), found 400
REQUEST	26		SmokeTest	1569523335752	1569523339116	KO	status.find.in(200,201,202,203,204,205,206,207,208,209,304), found 400
USER	SmokeTest	28	END	1569523336323	1569523339121
USER	SmokeTest	31	START	1569523339125	1569523339125
USER	SmokeTest	27	END	1569523335753	1569523339123
USER	SmokeTest	32	START	1569523339127	1569523339127
USER	SmokeTest	25	END	1569523335712	1569523339123
USER	SmokeTest	33	START	1569523339130	1569523339130
USER	SmokeTest	26	END	1569523335751	1569523339124
USER	SmokeTest	34	START	1569523339132	1569523339132
REQUEST	29		SmokeTest	1569523336624	1569523339418	KO	status.find.in(200,201,202,203,204,205,206,207,208,209,304), found 400
USER	SmokeTest	29	END	1569523336623	1569523339421
USER	SmokeTest	35	START	1569523339421	1569523339421
REQUEST	30		SmokeTest	1569523338124	1569523340527	KO	status.find.in(200,201,202,203,204,205,206,207,208,209,304), found 400
USER	SmokeTest	30	END	1569523338122	1569523340530
USER	SmokeTest	36	START	1569523340530	1569523340530
USER	SmokeTest	37	START	1569523340607	1569523340607
REQUEST	32		SmokeTest	1569523339129	1569523342220	KO	status.find.in(200,201,202,203,204,205,206,207,208,209,304), found 400
USER	SmokeTest	32	END	1569523339127	1569523342224
USER	SmokeTest	38	START	1569523342225	1569523342225
REQUEST	33		SmokeTest	1569523339131	1569523342613	KO	status.find.in(200,201,202,203,204,205,206,207,208,209,304), found 400
REQUEST	31		SmokeTest	1569523339126	1569523342614	KO	status.find.in(200,201,202,203,204,205,206,207,208,209,304), found 400
USER	SmokeTest	33	END	1569523339130	1569523342615
USER	SmokeTest	39	START	1569523342617	1569523342617
USER	SmokeTest	31	END	1569523339125	1569523342616
USER	SmokeTest	40	START	1569523342620	1569523342620
REQUEST	35		SmokeTest	1569523339422	1569523342711	KO	status.find.in(200,201,202,203,204,205,206,207,208,209,304), found 400
USER	SmokeTest	35	END	1569523339421	1569523342715
USER	SmokeTest	41	START	1569523342715	1569523342715
REQUEST	34		SmokeTest	1569523339133	1569523342821	KO	status.find.in(200,201,202,203,204,205,206,207,208,209,304), found 400
USER	SmokeTest	34	END	1569523339132	1569523342822
USER	SmokeTest	42	START	1569523342823	1569523342823
REQUEST	36		SmokeTest	1569523340531	1569523343219	KO	status.find.in(200,201,202,203,204,205,206,207,208,209,304), found 400
USER	SmokeTest	36	END	1569523340530	1569523343221
USER	SmokeTest	43	START	1569523343221	1569523343221
REQUEST	37		SmokeTest	1569523340609	1569523343324	KO	status.find.in(200,201,202,203,204,205,206,207,208,209,304), found 400
USER	SmokeTest	37	END	1569523340607	1569523343331
USER	SmokeTest	44	START	1569523343332	1569523343332
REQUEST	38		SmokeTest	1569523342227	1569523346417	KO	status.find.in(200,201,202,203,204,205,206,207,208,209,304), found 400
USER	SmokeTest	38	END	1569523342225	1569523346423
USER	SmokeTest	45	START	1569523346424	1569523346424
REQUEST	40		SmokeTest	1569523342620	1569523346518	KO	status.find.in(200,201,202,203,204,205,206,207,208,209,304), found 400
USER	SmokeTest	40	END	1569523342620	1569523346520
USER	SmokeTest	46	START	1569523346520	1569523346520
REQUEST	41		SmokeTest	1569523342717	1569523346910	KO	status.find.in(200,201,202,203,204,205,206,207,208,209,304), found 400
REQUEST	39		SmokeTest	1569523342618	1569523346918	KO	status.find.in(200,201,202,203,204,205,206,207,208,209,304), found 400
USER	SmokeTest	41	END	1569523342715	1569523346918
USER	SmokeTest	47	START	1569523346920	1569523346920
USER	SmokeTest	39	END	1569523342617	1569523346919
USER	SmokeTest	48	START	1569523346921	1569523346921
REQUEST	43		SmokeTest	1569523343222	1569523347021	KO	status.find.in(200,201,202,203,204,205,206,207,208,209,304), found 400
USER	SmokeTest	43	END	1569523343221	1569523347023
USER	SmokeTest	49	START	1569523347023	1569523347023
REQUEST	44		SmokeTest	1569523343334	1569523347114	KO	status.find.in(200,201,202,203,204,205,206,207,208,209,304), found 400
REQUEST	42		SmokeTest	1569523342824	1569523347115	KO	status.find.in(200,201,202,203,204,205,206,207,208,209,304), found 400
USER	SmokeTest	44	END	1569523343332	1569523347118
USER	SmokeTest	50	START	1569523347119	1569523347119
USER	SmokeTest	42	END	1569523342823	1569523347118
USER	SmokeTest	51	START	1569523347121	1569523347121
REQUEST	45		SmokeTest	1569523346424	1569523349817	KO	status.find.in(200,201,202,203,204,205,206,207,208,209,304), found 400
USER	SmokeTest	45	END	1569523346424	1569523349824
USER	SmokeTest	52	START	1569523349825	1569523349825
REQUEST	46		SmokeTest	1569523346521	1569523350014	KO	status.find.in(200,201,202,203,204,205,206,207,208,209,304), found 400
USER	SmokeTest	46	END	1569523346520	1569523350016
USER	SmokeTest	53	START	1569523350016	1569523350016
REQUEST	49		SmokeTest	1569523347023	1569523350316	KO	status.find.in(200,201,202,203,204,205,206,207,208,209,304), found 400
REQUEST	48		SmokeTest	1569523346922	1569523350318	KO	status.find.in(200,201,202,203,204,205,206,207,208,209,304), found 400
USER	SmokeTest	49	END	1569523347023	1569523350322
USER	SmokeTest	54	START	1569523350325	1569523350325
USER	SmokeTest	48	END	1569523346921	1569523350323
USER	SmokeTest	55	START	1569523350329	1569523350329
REQUEST	47		SmokeTest	1569523346920	1569523350417	KO	status.find.in(200,201,202,203,204,205,206,207,208,209,304), found 400
USER	SmokeTest	47	END	1569523346920	1569523350418
USER	SmokeTest	56	START	1569523350418	1569523350418
REQUEST	50		SmokeTest	1569523347120	1569523350727	KO	status.find.in(200,201,202,203,204,205,206,207,208,209,304), found 400
USER	SmokeTest	50	END	1569523347119	1569523350728
USER	SmokeTest	57	START	1569523350728	1569523350728
REQUEST	51		SmokeTest	1569523347122	1569523351622	KO	status.find.in(200,201,202,203,204,205,206,207,208,209,304), found 400
USER	SmokeTest	51	END	1569523347121	1569523351626
USER	SmokeTest	58	START	1569523351627	1569523351627
USER	SmokeTest	59	START	1569523352614	1569523352614
REQUEST	52		SmokeTest	1569523349827	1569523353222	KO	status.find.in(200,201,202,203,204,205,206,207,208,209,304), found 400
USER	SmokeTest	52	END	1569523349825	1569523353224
USER	SmokeTest	60	START	1569523353224	1569523353224
REQUEST	53		SmokeTest	1569523350016	1569523353811	KO	status.find.in(200,201,202,203,204,205,206,207,208,209,304), found 400
USER	SmokeTest	53	END	1569523350016	1569523353816
USER	SmokeTest	61	START	1569523353816	1569523353816
REQUEST	54		SmokeTest	1569523350327	1569523354319	KO	status.find.in(200,201,202,203,204,205,206,207,208,209,304), found 400
USER	SmokeTest	54	END	1569523350325	1569523354323
USER	SmokeTest	62	START	1569523354323	1569523354323
REQUEST	55		SmokeTest	1569523350330	1569523354712	KO	status.find.in(200,201,202,203,204,205,206,207,208,209,304), found 400
USER	SmokeTest	55	END	1569523350329	1569523354713
USER	SmokeTest	63	START	1569523354714	1569523354714
REQUEST	57		SmokeTest	1569523350729	1569523355321	KO	status.find.in(200,201,202,203,204,205,206,207,208,209,304), found 400
USER	SmokeTest	57	END	1569523350728	1569523355326
USER	SmokeTest	64	START	1569523355327	1569523355327
REQUEST	58		SmokeTest	1569523351630	1569523356218	KO	status.find.in(200,201,202,203,204,205,206,207,208,209,304), found 400
USER	SmokeTest	58	END	1569523351627	1569523356220
USER	SmokeTest	65	START	1569523356220	1569523356220
REQUEST	56		SmokeTest	1569523350418	1569523357516	KO	status.find.in(200,201,202,203,204,205,206,207,208,209,304), found 400
REQUEST	60		SmokeTest	1569523353226	1569523357516	KO	status.find.in(200,201,202,203,204,205,206,207,208,209,304), found 400
USER	SmokeTest	56	END	1569523350418	1569523357518
USER	SmokeTest	66	START	1569523357518	1569523357518
USER	SmokeTest	60	END	1569523353224	1569523357518
USER	SmokeTest	67	START	1569523357520	1569523357520
REQUEST	59		SmokeTest	1569523352615	1569523357534	KO	status.find.in(200,201,202,203,204,205,206,207,208,209,304), found 400
USER	SmokeTest	59	END	1569523352614	1569523357535
USER	SmokeTest	68	START	1569523357535	1569523357535
REQUEST	61		SmokeTest	1569523353818	1569523357718	KO	status.find.in(200,201,202,203,204,205,206,207,208,209,304), found 400
USER	SmokeTest	61	END	1569523353816	1569523357720
USER	SmokeTest	69	START	1569523357720	1569523357720
REQUEST	62		SmokeTest	1569523354325	1569523357733	KO	status.find.in(200,201,202,203,204,205,206,207,208,209,304), found 400
USER	SmokeTest	62	END	1569523354323	1569523357734
USER	SmokeTest	70	START	1569523357734	1569523357734
REQUEST	63		SmokeTest	1569523354714	1569523358308	KO	status.find.in(200,201,202,203,204,205,206,207,208,209,304), found 400
USER	SmokeTest	63	END	1569523354714	1569523358312
USER	SmokeTest	71	START	1569523358313	1569523358313
REQUEST	64		SmokeTest	1569523355332	1569523359709	KO	status.find.in(200,201,202,203,204,205,206,207,208,209,304), found 400
USER	SmokeTest	64	END	1569523355327	1569523359711
USER	SmokeTest	72	START	1569523359712	1569523359712
REQUEST	65		SmokeTest	1569523356222	1569523360020	KO	status.find.in(200,201,202,203,204,205,206,207,208,209,304), found 400
USER	SmokeTest	65	END	1569523356220	1569523360024
USER	SmokeTest	73	START	1569523360024	1569523360024
REQUEST	66		SmokeTest	1569523357519	1569523361013	KO	status.find.in(200,201,202,203,204,205,206,207,208,209,304), found 400
USER	SmokeTest	66	END	1569523357518	1569523361016
USER	SmokeTest	74	START	1569523361016	1569523361016
REQUEST	67		SmokeTest	1569523357521	1569523361422	KO	status.find.in(200,201,202,203,204,205,206,207,208,209,304), found 400
USER	SmokeTest	67	END	1569523357520	1569523361423
USER	SmokeTest	75	START	1569523361423	1569523361423
REQUEST	69		SmokeTest	1569523357721	1569523361614	KO	status.find.in(200,201,202,203,204,205,206,207,208,209,304), found 400
USER	SmokeTest	69	END	1569523357720	1569523361616
USER	SmokeTest	76	START	1569523361616	1569523361616
REQUEST	70		SmokeTest	1569523357735	1569523361622	KO	status.find.in(200,201,202,203,204,205,206,207,208,209,304), found 400
USER	SmokeTest	70	END	1569523357734	1569523361624
USER	SmokeTest	77	START	1569523361624	1569523361624
REQUEST	68		SmokeTest	1569523357536	1569523361912	KO	status.find.in(200,201,202,203,204,205,206,207,208,209,304), found 400
USER	SmokeTest	68	END	1569523357535	1569523361913
USER	SmokeTest	78	START	1569523361913	1569523361913
REQUEST	71		SmokeTest	1569523358315	1569523362015	KO	status.find.in(200,201,202,203,204,205,206,207,208,209,304), found 400
USER	SmokeTest	71	END	1569523358313	1569523362015
USER	SmokeTest	79	START	1569523362016	1569523362016
USER	SmokeTest	80	START	1569523364618	1569523364618
REQUEST	76		SmokeTest	1569523361617	1569523365110	KO	status.find.in(200,201,202,203,204,205,206,207,208,209,304), found 400
USER	SmokeTest	76	END	1569523361616	1569523365115
USER	SmokeTest	81	START	1569523365115	1569523365115
REQUEST	74		SmokeTest	1569523361017	1569523365310	KO	status.find.in(200,201,202,203,204,205,206,207,208,209,304), found 400
USER	SmokeTest	74	END	1569523361016	1569523365311
USER	SmokeTest	82	START	1569523365311	1569523365311
REQUEST	73		SmokeTest	1569523360027	1569523365707	KO	status.find.in(200,201,202,203,204,205,206,207,208,209,304), found 400
USER	SmokeTest	73	END	1569523360024	1569523365708
USER	SmokeTest	83	START	1569523365708	1569523365708
REQUEST	72		SmokeTest	1569523359713	1569523366015	KO	status.find.in(200,201,202,203,204,205,206,207,208,209,304), found 400
USER	SmokeTest	72	END	1569523359712	1569523366019
USER	SmokeTest	84	START	1569523366020	1569523366020
REQUEST	77		SmokeTest	1569523361625	1569523366420	KO	status.find.in(200,201,202,203,204,205,206,207,208,209,304), found 400
USER	SmokeTest	77	END	1569523361624	1569523366421
USER	SmokeTest	85	START	1569523366421	1569523366421
REQUEST	79		SmokeTest	1569523362016	1569523366518	KO	status.find.in(200,201,202,203,204,205,206,207,208,209,304), found 400
USER	SmokeTest	79	END	1569523362016	1569523366521
USER	SmokeTest	86	START	1569523366521	1569523366521
REQUEST	75		SmokeTest	1569523361423	1569523366612	KO	status.find.in(200,201,202,203,204,205,206,207,208,209,304), found 400
USER	SmokeTest	75	END	1569523361423	1569523366615
USER	SmokeTest	87	START	1569523366615	1569523366615
REQUEST	78		SmokeTest	1569523361914	1569523367008	KO	status.find.in(200,201,202,203,204,205,206,207,208,209,304), found 400
USER	SmokeTest	78	END	1569523361913	1569523367009
USER	SmokeTest	88	START	1569523367009	1569523367009
REQUEST	81		SmokeTest	1569523365118	1569523369014	KO	status.find.in(200,201,202,203,204,205,206,207,208,209,304), found 400
USER	SmokeTest	81	END	1569523365115	1569523369016
USER	SmokeTest	89	START	1569523369016	1569523369016
REQUEST	80		SmokeTest	1569523364620	1569523369216	KO	status.find.in(200,201,202,203,204,205,206,207,208,209,304), found 400
USER	SmokeTest	80	END	1569523364618	1569523369218
USER	SmokeTest	90	START	1569523369218	1569523369218
REQUEST	82		SmokeTest	1569523365312	1569523370419	KO	status.find.in(200,201,202,203,204,205,206,207,208,209,304), found 400
USER	SmokeTest	82	END	1569523365311	1569523370421
USER	SmokeTest	91	START	1569523370421	1569523370421
REQUEST	86		SmokeTest	1569523366523	1569523371009	KO	status.find.in(200,201,202,203,204,205,206,207,208,209,304), found 400
USER	SmokeTest	86	END	1569523366521	1569523371010
USER	SmokeTest	92	START	1569523371010	1569523371010
REQUEST	83		SmokeTest	1569523365709	1569523371037	KO	status.find.in(200,201,202,203,204,205,206,207,208,209,304), found 400
USER	SmokeTest	83	END	1569523365708	1569523371038
USER	SmokeTest	93	START	1569523371038	1569523371038
REQUEST	84		SmokeTest	1569523366022	1569523371320	KO	status.find.in(200,201,202,203,204,205,206,207,208,209,304), found 400
USER	SmokeTest	84	END	1569523366020	1569523371323
USER	SmokeTest	94	START	1569523371323	1569523371323
REQUEST	87		SmokeTest	1569523366617	1569523371413	KO	status.find.in(200,201,202,203,204,205,206,207,208,209,304), found 400
USER	SmokeTest	87	END	1569523366615	1569523371414
USER	SmokeTest	95	START	1569523371414	1569523371414
REQUEST	85		SmokeTest	1569523366421	1569523371713	KO	status.find.in(200,201,202,203,204,205,206,207,208,209,304), found 400
USER	SmokeTest	85	END	1569523366421	1569523371715
USER	SmokeTest	96	START	1569523371715	1569523371715
REQUEST	88		SmokeTest	1569523367009	1569523372713	KO	status.find.in(200,201,202,203,204,205,206,207,208,209,304), found 400
USER	SmokeTest	88	END	1569523367009	1569523372715
USER	SmokeTest	97	START	1569523372716	1569523372716
REQUEST	90		SmokeTest	1569523369219	1569523375013	KO	status.find.in(200,201,202,203,204,205,206,207,208,209,304), found 400
REQUEST	94		SmokeTest	1569523371325	1569523375015	KO	status.find.in(200,201,202,203,204,205,206,207,208,209,304), found 400
USER	SmokeTest	90	END	1569523369218	1569523375016
USER	SmokeTest	98	START	1569523375016	1569523375016
USER	SmokeTest	94	END	1569523371323	1569523375016
USER	SmokeTest	99	START	1569523375017	1569523375017
REQUEST	89		SmokeTest	1569523369017	1569523375312	KO	status.find.in(200,201,202,203,204,205,206,207,208,209,304), found 400
USER	SmokeTest	89	END	1569523369016	1569523375314
USER	SmokeTest	100	START	1569523375315	1569523375315
REQUEST	96		SmokeTest	1569523371716	1569523375814	KO	status.find.in(200,201,202,203,204,205,206,207,208,209,304), found 400
USER	SmokeTest	96	END	1569523371715	1569523375814
USER	SmokeTest	101	START	1569523375815	1569523375815
REQUEST	95		SmokeTest	1569523371415	1569523376414	KO	status.find.in(200,201,202,203,204,205,206,207,208,209,304), found 400
USER	SmokeTest	95	END	1569523371414	1569523376418
USER	SmokeTest	102	START	1569523376420	1569523376420
REQUEST	93		SmokeTest	1569523371039	1569523376512	KO	status.find.in(200,201,202,203,204,205,206,207,208,209,304), found 400
USER	SmokeTest	93	END	1569523371038	1569523376513
USER	SmokeTest	103	START	1569523376514	1569523376514
REQUEST	91		SmokeTest	1569523370422	1569523376522	KO	status.find.in(200,201,202,203,204,205,206,207,208,209,304), found 400
USER	SmokeTest	91	END	1569523370421	1569523376523
USER	SmokeTest	104	START	1569523376523	1569523376523
USER	SmokeTest	105	START	1569523376605	1569523376605
REQUEST	97		SmokeTest	1569523372717	1569523376812	KO	status.find.in(200,201,202,203,204,205,206,207,208,209,304), found 400
USER	SmokeTest	97	END	1569523372716	1569523376813
USER	SmokeTest	106	START	1569523376813	1569523376813
REQUEST	92		SmokeTest	1569523371011	1569523376929	KO	status.find.in(200,201,202,203,204,205,206,207,208,209,304), found 400
USER	SmokeTest	92	END	1569523371010	1569523376930
USER	SmokeTest	107	START	1569523376930	1569523376930
REQUEST	98		SmokeTest	1569523375017	1569523379920	KO	status.find.in(200,201,202,203,204,205,206,207,208,209,304), found 400
USER	SmokeTest	98	END	1569523375016	1569523379924
USER	SmokeTest	108	START	1569523379924	1569523379924
REQUEST	100		SmokeTest	1569523375316	1569523380412	KO	status.find.in(200,201,202,203,204,205,206,207,208,209,304), found 400
USER	SmokeTest	100	END	1569523375315	1569523380415
USER	SmokeTest	109	START	1569523380416	1569523380416
REQUEST	99		SmokeTest	1569523375018	1569523380717	KO	status.find.in(200,201,202,203,204,205,206,207,208,209,304), found 400
USER	SmokeTest	99	END	1569523375017	1569523380719
USER	SmokeTest	110	START	1569523380719	1569523380719
REQUEST	101		SmokeTest	1569523375815	1569523380816	KO	status.find.in(200,201,202,203,204,205,206,207,208,209,304), found 400
USER	SmokeTest	101	END	1569523375815	1569523380817
USER	SmokeTest	111	START	1569523380817	1569523380817
REQUEST	102		SmokeTest	1569523376422	1569523381018	KO	status.find.in(200,201,202,203,204,205,206,207,208,209,304), found 400
USER	SmokeTest	102	END	1569523376420	1569523381020
USER	SmokeTest	112	START	1569523381020	1569523381020
REQUEST	103		SmokeTest	1569523376514	1569523381309	KO	status.find.in(200,201,202,203,204,205,206,207,208,209,304), found 400
USER	SmokeTest	103	END	1569523376514	1569523381310
USER	SmokeTest	113	START	1569523381310	1569523381310
REQUEST	104		SmokeTest	1569523376523	1569523381414	KO	status.find.in(200,201,202,203,204,205,206,207,208,209,304), found 400
USER	SmokeTest	104	END	1569523376523	1569523381415
USER	SmokeTest	114	START	1569523381415	1569523381415
REQUEST	106		SmokeTest	1569523376814	1569523382127	KO	status.find.in(200,201,202,203,204,205,206,207,208,209,304), found 400
USER	SmokeTest	106	END	1569523376813	1569523382131
USER	SmokeTest	115	START	1569523382131	1569523382131
REQUEST	105		SmokeTest	1569523376608	1569523384113	KO	status.find.in(200,201,202,203,204,205,206,207,208,209,304), found 400
USER	SmokeTest	105	END	1569523376605	1569523384117
REQUEST	107		SmokeTest	1569523376931	1569523384509	KO	status.find.in(200,201,202,203,204,205,206,207,208,209,304), found 400
USER	SmokeTest	107	END	1569523376930	1569523384512
REQUEST	111		SmokeTest	1569523380817	1569523385712	KO	status.find.in(200,201,202,203,204,205,206,207,208,209,304), found 400
USER	SmokeTest	111	END	1569523380817	1569523385715
REQUEST	112		SmokeTest	1569523381020	1569523385808	KO	status.find.in(200,201,202,203,204,205,206,207,208,209,304), found 400
USER	SmokeTest	112	END	1569523381020	1569523385810
REQUEST	109		SmokeTest	1569523380417	1569523386522	KO	status.find.in(200,201,202,203,204,205,206,207,208,209,304), found 400
USER	SmokeTest	109	END	1569523380416	1569523386526
REQUEST	108		SmokeTest	1569523379925	1569523386717	KO	status.find.in(200,201,202,203,204,205,206,207,208,209,304), found 400
USER	SmokeTest	108	END	1569523379924	1569523386718
REQUEST	113		SmokeTest	1569523381311	1569523386809	KO	status.find.in(200,201,202,203,204,205,206,207,208,209,304), found 400
USER	SmokeTest	113	END	1569523381310	1569523386812
REQUEST	115		SmokeTest	1569523382134	1569523386812	KO	status.find.in(200,201,202,203,204,205,206,207,208,209,304), found 400
USER	SmokeTest	115	END	1569523382131	1569523386815
REQUEST	114		SmokeTest	1569523381415	1569523386814	KO	status.find.in(200,201,202,203,204,205,206,207,208,209,304), found 400
USER	SmokeTest	114	END	1569523381415	1569523386816
REQUEST	110		SmokeTest	1569523380720	1569523386908	KO	status.find.in(200,201,202,203,204,205,206,207,208,209,304), found 400
USER	SmokeTest	110	END	1569523380719	1569523386912
