RUN	SmokeTest.getTimeLimitInMonthsConsultar	gettimelimitinmonthsconsultar	1570465958678	 	3.0.2
USER	SmokeTest	1	START	1570465961056	1570465961056
USER	SmokeTest	2	START	1570465961423	1570465961423
USER	SmokeTest	3	START	1570465961755	1570465961755
REQUEST	1		SmokeTest	1570465961101	1570465963896	OK	 
USER	SmokeTest	1	END	1570465961056	1570465963945
USER	SmokeTest	4	START	1570465963949	1570465963949
REQUEST	2		SmokeTest	1570465961424	1570465963986	OK	 
USER	SmokeTest	2	END	1570465961423	1570465963989
USER	SmokeTest	5	START	1570465963989	1570465963989
REQUEST	3		SmokeTest	1570465961756	1570465964393	OK	 
USER	SmokeTest	3	END	1570465961755	1570465964395
USER	SmokeTest	6	START	1570465964395	1570465964395
REQUEST	5		SmokeTest	1570465963991	1570465966682	OK	 
USER	SmokeTest	5	END	1570465963989	1570465966686
USER	SmokeTest	7	START	1570465966686	1570465966686
REQUEST	4		SmokeTest	1570465963953	1570465966723	OK	 
USER	SmokeTest	4	END	1570465963949	1570465966725
USER	SmokeTest	8	START	1570465966725	1570465966725
REQUEST	6		SmokeTest	1570465964397	1570465966982	OK	 
USER	SmokeTest	6	END	1570465964395	1570465966984
USER	SmokeTest	9	START	1570465966985	1570465966985
REQUEST	7		SmokeTest	1570465966688	1570465968892	OK	 
USER	SmokeTest	7	END	1570465966686	1570465968894
USER	SmokeTest	10	START	1570465968894	1570465968894
REQUEST	8		SmokeTest	1570465966727	1570465969288	OK	 
USER	SmokeTest	8	END	1570465966725	1570465969290
USER	SmokeTest	11	START	1570465969291	1570465969291
REQUEST	9		SmokeTest	1570465966986	1570465969589	OK	 
USER	SmokeTest	9	END	1570465966985	1570465969591
USER	SmokeTest	12	START	1570465969591	1570465969591
REQUEST	10		SmokeTest	1570465968895	1570465970484	OK	 
USER	SmokeTest	10	END	1570465968894	1570465970486
USER	SmokeTest	13	START	1570465970487	1570465970487
REQUEST	11		SmokeTest	1570465969292	1570465971589	OK	 
USER	SmokeTest	11	END	1570465969291	1570465971592
USER	SmokeTest	14	START	1570465971592	1570465971592
REQUEST	12		SmokeTest	1570465969592	1570465971881	OK	 
USER	SmokeTest	12	END	1570465969591	1570465971885
USER	SmokeTest	15	START	1570465971885	1570465971885
REQUEST	13		SmokeTest	1570465970488	1570465972688	OK	 
USER	SmokeTest	13	END	1570465970487	1570465972691
USER	SmokeTest	16	START	1570465972691	1570465972691
REQUEST	14		SmokeTest	1570465971594	1570465975514	OK	 
USER	SmokeTest	14	END	1570465971592	1570465975518
USER	SmokeTest	17	START	1570465975518	1570465975518
REQUEST	15		SmokeTest	1570465971887	1570465975700	OK	 
USER	SmokeTest	15	END	1570465971885	1570465975718
USER	SmokeTest	18	START	1570465975718	1570465975718
REQUEST	16		SmokeTest	1570465972693	1570465976178	OK	 
USER	SmokeTest	16	END	1570465972691	1570465976180
USER	SmokeTest	19	START	1570465976180	1570465976180
REQUEST	17		SmokeTest	1570465975521	1570465977994	OK	 
USER	SmokeTest	17	END	1570465975518	1570465977996
USER	SmokeTest	20	START	1570465977996	1570465977996
REQUEST	18		SmokeTest	1570465975720	1570465979006	OK	 
USER	SmokeTest	18	END	1570465975718	1570465979009
USER	SmokeTest	21	START	1570465979009	1570465979009
REQUEST	19		SmokeTest	1570465976181	1570465979296	OK	 
USER	SmokeTest	19	END	1570465976180	1570465979298
USER	SmokeTest	22	START	1570465979299	1570465979299
REQUEST	20		SmokeTest	1570465977998	1570465980017	OK	 
USER	SmokeTest	20	END	1570465977996	1570465980041
USER	SmokeTest	23	START	1570465980042	1570465980042
REQUEST	21		SmokeTest	1570465979010	1570465980795	OK	 
USER	SmokeTest	21	END	1570465979009	1570465980796
USER	SmokeTest	24	START	1570465980797	1570465980797
REQUEST	22		SmokeTest	1570465979300	1570465981379	OK	 
USER	SmokeTest	22	END	1570465979299	1570465981399
USER	SmokeTest	25	START	1570465981400	1570465981400
REQUEST	23		SmokeTest	1570465980043	1570465982088	OK	 
USER	SmokeTest	23	END	1570465980042	1570465982090
USER	SmokeTest	26	START	1570465982091	1570465982091
REQUEST	24		SmokeTest	1570465980798	1570465982695	OK	 
USER	SmokeTest	24	END	1570465980797	1570465982698
USER	SmokeTest	27	START	1570465982698	1570465982698
REQUEST	25		SmokeTest	1570465981401	1570465983427	OK	 
USER	SmokeTest	25	END	1570465981400	1570465983430
USER	SmokeTest	28	START	1570465983430	1570465983430
REQUEST	26		SmokeTest	1570465982092	1570465984185	OK	 
USER	SmokeTest	26	END	1570465982091	1570465984188
USER	SmokeTest	29	START	1570465984189	1570465984189
REQUEST	27		SmokeTest	1570465982700	1570465984594	OK	 
USER	SmokeTest	27	END	1570465982698	1570465984596
USER	SmokeTest	30	START	1570465984596	1570465984596
REQUEST	29		SmokeTest	1570465984191	1570465985707	OK	 
USER	SmokeTest	29	END	1570465984189	1570465985709
USER	SmokeTest	31	START	1570465985710	1570465985710
REQUEST	28		SmokeTest	1570465983432	1570465987099	OK	 
USER	SmokeTest	28	END	1570465983430	1570465987101
USER	SmokeTest	32	START	1570465987101	1570465987101
REQUEST	30		SmokeTest	1570465984597	1570465987189	OK	 
USER	SmokeTest	30	END	1570465984596	1570465987192
USER	SmokeTest	33	START	1570465987192	1570465987192
REQUEST	31		SmokeTest	1570465985711	1570465987696	OK	 
USER	SmokeTest	31	END	1570465985710	1570465987698
USER	SmokeTest	34	START	1570465987699	1570465987699
REQUEST	32		SmokeTest	1570465987102	1570465989191	OK	 
USER	SmokeTest	32	END	1570465987101	1570465989193
USER	SmokeTest	35	START	1570465989193	1570465989193
REQUEST	33		SmokeTest	1570465987193	1570465989897	OK	 
USER	SmokeTest	33	END	1570465987192	1570465989899
USER	SmokeTest	36	START	1570465989899	1570465989899
REQUEST	34		SmokeTest	1570465987700	1570465990101	OK	 
USER	SmokeTest	34	END	1570465987699	1570465990103
USER	SmokeTest	37	START	1570465990104	1570465990104
REQUEST	35		SmokeTest	1570465989194	1570465990983	OK	 
USER	SmokeTest	35	END	1570465989193	1570465990985
USER	SmokeTest	38	START	1570465990985	1570465990985
REQUEST	37		SmokeTest	1570465990105	1570465992281	OK	 
USER	SmokeTest	37	END	1570465990104	1570465992283
USER	SmokeTest	39	START	1570465992283	1570465992283
REQUEST	36		SmokeTest	1570465989900	1570465992290	OK	 
USER	SmokeTest	36	END	1570465989899	1570465992291
USER	SmokeTest	40	START	1570465992292	1570465992292
REQUEST	38		SmokeTest	1570465990986	1570465992898	OK	 
USER	SmokeTest	38	END	1570465990985	1570465992900
USER	SmokeTest	41	START	1570465992900	1570465992900
REQUEST	40		SmokeTest	1570465992292	1570465994682	OK	 
USER	SmokeTest	40	END	1570465992292	1570465994683
USER	SmokeTest	42	START	1570465994684	1570465994684
REQUEST	39		SmokeTest	1570465992285	1570465994684	OK	 
USER	SmokeTest	39	END	1570465992283	1570465994686
USER	SmokeTest	43	START	1570465994687	1570465994687
REQUEST	41		SmokeTest	1570465992901	1570465995195	OK	 
USER	SmokeTest	41	END	1570465992900	1570465995198
USER	SmokeTest	44	START	1570465995198	1570465995198
REQUEST	42		SmokeTest	1570465994686	1570465997089	OK	 
REQUEST	43		SmokeTest	1570465994688	1570465997116	OK	 
USER	SmokeTest	42	END	1570465994684	1570465997117
USER	SmokeTest	45	START	1570465997117	1570465997117
USER	SmokeTest	43	END	1570465994687	1570465997118
USER	SmokeTest	46	START	1570465997118	1570465997118
REQUEST	44		SmokeTest	1570465995200	1570465997399	OK	 
USER	SmokeTest	44	END	1570465995198	1570465997400
USER	SmokeTest	47	START	1570465997400	1570465997400
REQUEST	46		SmokeTest	1570465997119	1570465999389	OK	 
USER	SmokeTest	46	END	1570465997118	1570465999391
USER	SmokeTest	48	START	1570465999391	1570465999391
REQUEST	45		SmokeTest	1570465997118	1570465999616	OK	 
USER	SmokeTest	45	END	1570465997117	1570465999617
USER	SmokeTest	49	START	1570465999617	1570465999617
REQUEST	47		SmokeTest	1570465997401	1570465999891	OK	 
USER	SmokeTest	47	END	1570465997400	1570465999892
USER	SmokeTest	50	START	1570465999893	1570465999893
REQUEST	48		SmokeTest	1570465999392	1570466001184	OK	 
USER	SmokeTest	48	END	1570465999391	1570466001185
USER	SmokeTest	51	START	1570466001185	1570466001185
REQUEST	49		SmokeTest	1570465999618	1570466001899	OK	 
USER	SmokeTest	49	END	1570465999617	1570466001901
USER	SmokeTest	52	START	1570466001902	1570466001902
REQUEST	50		SmokeTest	1570465999893	1570466002299	OK	 
USER	SmokeTest	50	END	1570465999893	1570466002301
USER	SmokeTest	53	START	1570466002301	1570466002301
REQUEST	51		SmokeTest	1570466001186	1570466003008	OK	 
USER	SmokeTest	51	END	1570466001185	1570466003011
USER	SmokeTest	54	START	1570466003011	1570466003011
REQUEST	52		SmokeTest	1570466001903	1570466004487	OK	 
USER	SmokeTest	52	END	1570466001902	1570466004489
USER	SmokeTest	55	START	1570466004489	1570466004489
REQUEST	53		SmokeTest	1570466002302	1570466004599	OK	 
USER	SmokeTest	53	END	1570466002301	1570466004600
USER	SmokeTest	56	START	1570466004600	1570466004600
REQUEST	54		SmokeTest	1570466003013	1570466005001	OK	 
USER	SmokeTest	54	END	1570466003011	1570466005002
USER	SmokeTest	57	START	1570466005003	1570466005003
REQUEST	55		SmokeTest	1570466004491	1570466006696	OK	 
USER	SmokeTest	55	END	1570466004489	1570466006699
USER	SmokeTest	58	START	1570466006699	1570466006699
REQUEST	56		SmokeTest	1570466004601	1570466006881	OK	 
USER	SmokeTest	56	END	1570466004600	1570466006884
USER	SmokeTest	59	START	1570466006884	1570466006884
REQUEST	57		SmokeTest	1570466005003	1570466007285	OK	 
USER	SmokeTest	57	END	1570466005003	1570466007286
USER	SmokeTest	60	START	1570466007286	1570466007286
REQUEST	58		SmokeTest	1570466006701	1570466008490	OK	 
USER	SmokeTest	58	END	1570466006699	1570466008492
USER	SmokeTest	61	START	1570466008492	1570466008492
REQUEST	59		SmokeTest	1570466006886	1570466009197	OK	 
USER	SmokeTest	59	END	1570466006884	1570466009199
USER	SmokeTest	62	START	1570466009199	1570466009199
REQUEST	60		SmokeTest	1570466007287	1570466009711	OK	 
USER	SmokeTest	60	END	1570466007286	1570466009712
USER	SmokeTest	63	START	1570466009712	1570466009712
REQUEST	61		SmokeTest	1570466008493	1570466010288	OK	 
USER	SmokeTest	61	END	1570466008492	1570466010300
USER	SmokeTest	64	START	1570466010300	1570466010300
REQUEST	62		SmokeTest	1570466009200	1570466011520	OK	 
USER	SmokeTest	62	END	1570466009199	1570466011522
USER	SmokeTest	65	START	1570466011522	1570466011522
REQUEST	63		SmokeTest	1570466009713	1570466012294	OK	 
USER	SmokeTest	63	END	1570466009712	1570466012296
USER	SmokeTest	66	START	1570466012296	1570466012296
REQUEST	64		SmokeTest	1570466010302	1570466012601	OK	 
USER	SmokeTest	64	END	1570466010300	1570466012603
USER	SmokeTest	67	START	1570466012604	1570466012604
REQUEST	65		SmokeTest	1570466011524	1570466013417	OK	 
USER	SmokeTest	65	END	1570466011522	1570466013419
USER	SmokeTest	68	START	1570466013419	1570466013419
REQUEST	66		SmokeTest	1570466012297	1570466014392	OK	 
USER	SmokeTest	66	END	1570466012296	1570466014393
USER	SmokeTest	69	START	1570466014393	1570466014393
REQUEST	67		SmokeTest	1570466012605	1570466014792	OK	 
USER	SmokeTest	67	END	1570466012604	1570466014793
USER	SmokeTest	70	START	1570466014794	1570466014794
REQUEST	68		SmokeTest	1570466013419	1570466015301	OK	 
USER	SmokeTest	68	END	1570466013419	1570466015303
USER	SmokeTest	71	START	1570466015303	1570466015303
REQUEST	69		SmokeTest	1570466014394	1570466016290	OK	 
USER	SmokeTest	69	END	1570466014393	1570466016291
USER	SmokeTest	72	START	1570466016292	1570466016292
REQUEST	70		SmokeTest	1570466014794	1570466016986	OK	 
USER	SmokeTest	70	END	1570466014794	1570466016988
USER	SmokeTest	73	START	1570466016988	1570466016988
REQUEST	71		SmokeTest	1570466015304	1570466017484	OK	 
USER	SmokeTest	71	END	1570466015303	1570466017485
USER	SmokeTest	74	START	1570466017485	1570466017485
REQUEST	72		SmokeTest	1570466016293	1570466018100	OK	 
USER	SmokeTest	72	END	1570466016292	1570466018101
USER	SmokeTest	75	START	1570466018101	1570466018101
REQUEST	73		SmokeTest	1570466016990	1570466019388	OK	 
USER	SmokeTest	73	END	1570466016988	1570466019389
USER	SmokeTest	76	START	1570466019389	1570466019389
REQUEST	74		SmokeTest	1570466017486	1570466019803	OK	 
USER	SmokeTest	74	END	1570466017485	1570466019804
USER	SmokeTest	77	START	1570466019804	1570466019804
REQUEST	75		SmokeTest	1570466018102	1570466020298	OK	 
USER	SmokeTest	75	END	1570466018101	1570466020299
USER	SmokeTest	78	START	1570466020299	1570466020299
REQUEST	76		SmokeTest	1570466019390	1570466021180	OK	 
USER	SmokeTest	76	END	1570466019389	1570466021182
USER	SmokeTest	79	START	1570466021182	1570466021182
REQUEST	77		SmokeTest	1570466019805	1570466021898	OK	 
USER	SmokeTest	77	END	1570466019804	1570466021900
USER	SmokeTest	80	START	1570466021900	1570466021900
REQUEST	78		SmokeTest	1570466020300	1570466022479	OK	 
USER	SmokeTest	78	END	1570466020299	1570466022481
USER	SmokeTest	81	START	1570466022481	1570466022481
REQUEST	79		SmokeTest	1570466021183	1570466023383	OK	 
USER	SmokeTest	79	END	1570466021182	1570466023385
USER	SmokeTest	82	START	1570466023385	1570466023385
REQUEST	80		SmokeTest	1570466021903	1570466023987	OK	 
USER	SmokeTest	80	END	1570466021900	1570466023988
USER	SmokeTest	83	START	1570466023988	1570466023988
REQUEST	81		SmokeTest	1570466022482	1570466024589	OK	 
USER	SmokeTest	81	END	1570466022481	1570466024590
USER	SmokeTest	84	START	1570466024591	1570466024591
REQUEST	82		SmokeTest	1570466023386	1570466025289	OK	 
USER	SmokeTest	82	END	1570466023385	1570466025290
USER	SmokeTest	85	START	1570466025291	1570466025291
REQUEST	83		SmokeTest	1570466023989	1570466026181	OK	 
USER	SmokeTest	83	END	1570466023988	1570466026183
USER	SmokeTest	86	START	1570466026183	1570466026183
REQUEST	84		SmokeTest	1570466024592	1570466026881	OK	 
USER	SmokeTest	84	END	1570466024591	1570466026882
USER	SmokeTest	87	START	1570466026882	1570466026882
REQUEST	85		SmokeTest	1570466025292	1570466027392	OK	 
USER	SmokeTest	85	END	1570466025291	1570466027394
USER	SmokeTest	88	START	1570466027394	1570466027394
REQUEST	86		SmokeTest	1570466026183	1570466028001	OK	 
USER	SmokeTest	86	END	1570466026183	1570466028003
USER	SmokeTest	89	START	1570466028003	1570466028003
REQUEST	87		SmokeTest	1570466026884	1570466028826	OK	 
USER	SmokeTest	87	END	1570466026882	1570466028827
USER	SmokeTest	90	START	1570466028827	1570466028827
REQUEST	88		SmokeTest	1570466027395	1570466029589	OK	 
USER	SmokeTest	88	END	1570466027394	1570466029590
USER	SmokeTest	91	START	1570466029590	1570466029590
REQUEST	89		SmokeTest	1570466028005	1570466030318	OK	 
USER	SmokeTest	89	END	1570466028003	1570466030319
USER	SmokeTest	92	START	1570466030320	1570466030320
REQUEST	90		SmokeTest	1570466028828	1570466030778	OK	 
USER	SmokeTest	90	END	1570466028827	1570466030780
USER	SmokeTest	93	START	1570466030780	1570466030780
REQUEST	91		SmokeTest	1570466029591	1570466031815	OK	 
USER	SmokeTest	91	END	1570466029590	1570466031817
USER	SmokeTest	94	START	1570466031818	1570466031818
REQUEST	92		SmokeTest	1570466030321	1570466032504	OK	 
USER	SmokeTest	92	END	1570466030320	1570466032507
USER	SmokeTest	95	START	1570466032507	1570466032507
REQUEST	93		SmokeTest	1570466030781	1570466032989	OK	 
USER	SmokeTest	93	END	1570466030780	1570466032990
USER	SmokeTest	96	START	1570466032990	1570466032990
REQUEST	94		SmokeTest	1570466031819	1570466033594	OK	 
USER	SmokeTest	94	END	1570466031818	1570466033596
USER	SmokeTest	97	START	1570466033596	1570466033596
REQUEST	95		SmokeTest	1570466032509	1570466034687	OK	 
USER	SmokeTest	95	END	1570466032507	1570466034689
USER	SmokeTest	98	START	1570466034689	1570466034689
REQUEST	96		SmokeTest	1570466032991	1570466035197	OK	 
USER	SmokeTest	96	END	1570466032990	1570466035198
USER	SmokeTest	99	START	1570466035198	1570466035198
REQUEST	97		SmokeTest	1570466033598	1570466035695	OK	 
USER	SmokeTest	97	END	1570466033596	1570466035697
USER	SmokeTest	100	START	1570466035697	1570466035697
REQUEST	98		SmokeTest	1570466034691	1570466036585	OK	 
USER	SmokeTest	98	END	1570466034689	1570466036586
USER	SmokeTest	101	START	1570466036586	1570466036586
REQUEST	99		SmokeTest	1570466035199	1570466037286	OK	 
USER	SmokeTest	99	END	1570466035198	1570466037288
USER	SmokeTest	102	START	1570466037288	1570466037288
REQUEST	101		SmokeTest	1570466036587	1570466039215	KO	status.find.in(200,201,202,203,204,205,206,207,208,209,304), found 500
REQUEST	100		SmokeTest	1570466035699	1570466039215	KO	status.find.in(200,201,202,203,204,205,206,207,208,209,304), found 500
USER	SmokeTest	101	END	1570466036586	1570466039224
USER	SmokeTest	103	START	1570466039228	1570466039228
USER	SmokeTest	100	END	1570466035697	1570466039225
USER	SmokeTest	104	START	1570466039228	1570466039228
REQUEST	104		SmokeTest	1570466039230	1570466046549	KO	status.find.in(200,201,202,203,204,205,206,207,208,209,304), found 500
USER	SmokeTest	104	END	1570466039228	1570466046551
USER	SmokeTest	105	START	1570466046552	1570466046552
REQUEST	105		SmokeTest	1570466046553	1570466048421	KO	status.find.in(200,201,202,203,204,205,206,207,208,209,304), found 500
USER	SmokeTest	105	END	1570466046552	1570466048424
USER	SmokeTest	106	START	1570466048424	1570466048424
REQUEST	103		SmokeTest	1570466039229	1570466049127	KO	status.find.in(200,201,202,203,204,205,206,207,208,209,304), found 500
USER	SmokeTest	103	END	1570466039228	1570466049129
USER	SmokeTest	107	START	1570466049129	1570466049129
REQUEST	102		SmokeTest	1570466037290	1570466052301	KO	status.find.in(200,201,202,203,204,205,206,207,208,209,304), found 500
USER	SmokeTest	102	END	1570466037288	1570466052303
USER	SmokeTest	108	START	1570466052303	1570466052303
REQUEST	107		SmokeTest	1570466049130	1570466063286	OK	 
USER	SmokeTest	107	END	1570466049129	1570466063288
USER	SmokeTest	109	START	1570466063288	1570466063288
REQUEST	108		SmokeTest	1570466052304	1570466063487	OK	 
USER	SmokeTest	108	END	1570466052303	1570466063488
USER	SmokeTest	110	START	1570466063488	1570466063488
REQUEST	109		SmokeTest	1570466063289	1570466065279	OK	 
USER	SmokeTest	109	END	1570466063288	1570466065281
USER	SmokeTest	111	START	1570466065282	1570466065282
REQUEST	110		SmokeTest	1570466063489	1570466065497	OK	 
USER	SmokeTest	110	END	1570466063488	1570466065499
USER	SmokeTest	112	START	1570466065499	1570466065499
REQUEST	111		SmokeTest	1570466065283	1570466067086	OK	 
USER	SmokeTest	111	END	1570466065282	1570466067088
USER	SmokeTest	113	START	1570466067088	1570466067088
REQUEST	112		SmokeTest	1570466065500	1570466067398	OK	 
USER	SmokeTest	112	END	1570466065499	1570466067399
USER	SmokeTest	114	START	1570466067400	1570466067400
REQUEST	113		SmokeTest	1570466067090	1570466068499	OK	 
USER	SmokeTest	113	END	1570466067088	1570466068501
USER	SmokeTest	115	START	1570466068501	1570466068501
REQUEST	114		SmokeTest	1570466067400	1570466068992	OK	 
USER	SmokeTest	114	END	1570466067400	1570466068993
USER	SmokeTest	116	START	1570466068993	1570466068993
REQUEST	115		SmokeTest	1570466068502	1570466070017	OK	 
USER	SmokeTest	115	END	1570466068501	1570466070019
USER	SmokeTest	117	START	1570466070020	1570466070020
REQUEST	116		SmokeTest	1570466068994	1570466070498	OK	 
USER	SmokeTest	116	END	1570466068993	1570466070499
USER	SmokeTest	118	START	1570466070499	1570466070499
REQUEST	106		SmokeTest	1570466048426	1570466071193	OK	 
USER	SmokeTest	106	END	1570466048424	1570466071194
USER	SmokeTest	119	START	1570466071194	1570466071194
REQUEST	117		SmokeTest	1570466070021	1570466071989	OK	 
USER	SmokeTest	117	END	1570466070020	1570466071990
USER	SmokeTest	120	START	1570466071990	1570466071990
REQUEST	118		SmokeTest	1570466070500	1570466072581	OK	 
USER	SmokeTest	118	END	1570466070499	1570466072582
USER	SmokeTest	121	START	1570466072582	1570466072582
REQUEST	119		SmokeTest	1570466071195	1570466073286	OK	 
USER	SmokeTest	119	END	1570466071194	1570466073287
USER	SmokeTest	122	START	1570466073287	1570466073287
REQUEST	120		SmokeTest	1570466071991	1570466073890	OK	 
USER	SmokeTest	120	END	1570466071990	1570466073892
USER	SmokeTest	123	START	1570466073892	1570466073892
REQUEST	121		SmokeTest	1570466072583	1570466074492	OK	 
USER	SmokeTest	121	END	1570466072582	1570466074496
USER	SmokeTest	124	START	1570466074497	1570466074497
REQUEST	122		SmokeTest	1570466073288	1570466075189	OK	 
USER	SmokeTest	122	END	1570466073287	1570466075191
USER	SmokeTest	125	START	1570466075191	1570466075191
REQUEST	123		SmokeTest	1570466073893	1570466075885	OK	 
USER	SmokeTest	123	END	1570466073892	1570466075886
USER	SmokeTest	126	START	1570466075887	1570466075887
REQUEST	124		SmokeTest	1570466074499	1570466076497	OK	 
USER	SmokeTest	124	END	1570466074497	1570466076498
USER	SmokeTest	127	START	1570466076498	1570466076498
REQUEST	125		SmokeTest	1570466075192	1570466077390	OK	 
USER	SmokeTest	125	END	1570466075191	1570466077391
USER	SmokeTest	128	START	1570466077391	1570466077391
REQUEST	126		SmokeTest	1570466075929	1570466078594	OK	 
USER	SmokeTest	126	END	1570466075887	1570466078596
USER	SmokeTest	129	START	1570466078596	1570466078596
REQUEST	127		SmokeTest	1570466076500	1570466079277	OK	 
USER	SmokeTest	127	END	1570466076498	1570466079280
USER	SmokeTest	130	START	1570466079280	1570466079280
REQUEST	128		SmokeTest	1570466077393	1570466079589	OK	 
USER	SmokeTest	128	END	1570466077391	1570466079591
USER	SmokeTest	131	START	1570466079591	1570466079591
REQUEST	129		SmokeTest	1570466078598	1570466080187	OK	 
USER	SmokeTest	129	END	1570466078596	1570466080189
USER	SmokeTest	132	START	1570466080190	1570466080190
REQUEST	130		SmokeTest	1570466079281	1570466080888	OK	 
USER	SmokeTest	130	END	1570466079280	1570466080890
USER	SmokeTest	133	START	1570466080890	1570466080890
