RUN	SmokeTest.CrearCredito	crearcredito	1570467339395	 	3.0.2
USER	SmokeTest	1	START	1570467342840	1570467342840
USER	SmokeTest	2	START	1570467343201	1570467343201
USER	SmokeTest	3	START	1570467343534	1570467343534
REQUEST	1		SmokeTest	1570467342876	1570467346490	OK	 
REQUEST	1		SmokeTest	1570467346621	1570467350795	OK	 
USER	SmokeTest	1	END	1570467342840	1570467350810
USER	SmokeTest	4	START	1570467350811	1570467350811
REQUEST	3		SmokeTest	1570467343537	1570467350868	KO	jsonPath($.data.token.value).find.exists, found nothing
REQUEST	2		SmokeTest	1570467343202	1570467350880	OK	 
ERROR	SmokeTest: Failed to build request: No attribute named 'value' is defined 	1570467350887
USER	SmokeTest	3	END	1570467343534	1570467350887
USER	SmokeTest	5	START	1570467350889	1570467350889
REQUEST	5		SmokeTest	1570467350890	1570467354371	OK	 
REQUEST	4		SmokeTest	1570467350813	1570467354372	OK	 
REQUEST	2		SmokeTest	1570467350889	1570467354628	OK	 
USER	SmokeTest	2	END	1570467343201	1570467354631
USER	SmokeTest	6	START	1570467354631	1570467354631
REQUEST	5		SmokeTest	1570467354375	1570467356622	KO	status.find.in(200,201,202,203,204,205,206,207,208,209,304), found 400
USER	SmokeTest	5	END	1570467350889	1570467356624
USER	SmokeTest	7	START	1570467356624	1570467356624
REQUEST	4		SmokeTest	1570467354377	1570467356666	KO	status.find.in(200,201,202,203,204,205,206,207,208,209,304), found 400
USER	SmokeTest	4	END	1570467350811	1570467356668
USER	SmokeTest	8	START	1570467356668	1570467356668
REQUEST	6		SmokeTest	1570467354632	1570467356881	OK	 
REQUEST	8		SmokeTest	1570467356669	1570467359869	OK	 
REQUEST	7		SmokeTest	1570467356625	1570467360095	OK	 
REQUEST	6		SmokeTest	1570467356883	1570467360571	OK	 
USER	SmokeTest	6	END	1570467354631	1570467360575
USER	SmokeTest	9	START	1570467360576	1570467360576
REQUEST	8		SmokeTest	1570467359872	1570467361907	KO	status.find.in(200,201,202,203,204,205,206,207,208,209,304), found 400
USER	SmokeTest	8	END	1570467356668	1570467361910
USER	SmokeTest	10	START	1570467361911	1570467361911
REQUEST	7		SmokeTest	1570467360097	1570467362075	KO	status.find.in(200,201,202,203,204,205,206,207,208,209,304), found 400
USER	SmokeTest	7	END	1570467356624	1570467362079
USER	SmokeTest	11	START	1570467362079	1570467362079
REQUEST	9		SmokeTest	1570467360580	1570467363025	OK	 
REQUEST	10		SmokeTest	1570467361913	1570467364384	OK	 
REQUEST	11		SmokeTest	1570467362082	1570467364667	OK	 
REQUEST	9		SmokeTest	1570467363030	1570467371098	OK	 
USER	SmokeTest	9	END	1570467360576	1570467371100
USER	SmokeTest	12	START	1570467371100	1570467371100
REQUEST	10		SmokeTest	1570467364387	1570467371284	OK	 
USER	SmokeTest	10	END	1570467361911	1570467371287
USER	SmokeTest	13	START	1570467371287	1570467371287
REQUEST	11		SmokeTest	1570467364670	1570467371439	OK	 
USER	SmokeTest	11	END	1570467362079	1570467371441
USER	SmokeTest	14	START	1570467371441	1570467371441
REQUEST	14		SmokeTest	1570467371443	1570467377214	OK	 
REQUEST	13		SmokeTest	1570467371289	1570467377270	OK	 
REQUEST	12		SmokeTest	1570467371102	1570467377290	OK	 
REQUEST	13		SmokeTest	1570467377272	1570467380023	KO	status.find.in(200,201,202,203,204,205,206,207,208,209,304), found 400
USER	SmokeTest	13	END	1570467371287	1570467380026
USER	SmokeTest	15	START	1570467380026	1570467380026
REQUEST	12		SmokeTest	1570467377292	1570467380177	KO	status.find.in(200,201,202,203,204,205,206,207,208,209,304), found 400
USER	SmokeTest	12	END	1570467371100	1570467380179
USER	SmokeTest	16	START	1570467380179	1570467380179
REQUEST	14		SmokeTest	1570467377217	1570467380793	OK	 
USER	SmokeTest	14	END	1570467371441	1570467380797
USER	SmokeTest	17	START	1570467380798	1570467380798
REQUEST	16		SmokeTest	1570467380180	1570467383182	KO	jsonPath($.data.token.value).find.exists, found nothing
ERROR	SmokeTest: Failed to build request: No attribute named 'value' is defined 	1570467383185
USER	SmokeTest	16	END	1570467380179	1570467383186
USER	SmokeTest	18	START	1570467383186	1570467383186
REQUEST	15		SmokeTest	1570467380029	1570467383306	OK	 
REQUEST	17		SmokeTest	1570467380800	1570467383567	OK	 
REQUEST	15		SmokeTest	1570467383310	1570467385622	KO	status.find.in(200,201,202,203,204,205,206,207,208,209,304), found 400
USER	SmokeTest	15	END	1570467380026	1570467385626
USER	SmokeTest	19	START	1570467385627	1570467385627
REQUEST	18		SmokeTest	1570467383189	1570467386107	OK	 
REQUEST	17		SmokeTest	1570467383570	1570467388410	OK	 
USER	SmokeTest	17	END	1570467380798	1570467388412
USER	SmokeTest	20	START	1570467388412	1570467388412
REQUEST	19		SmokeTest	1570467385630	1570467388773	OK	 
REQUEST	18		SmokeTest	1570467386109	1570467390067	OK	 
USER	SmokeTest	18	END	1570467383186	1570467390069
USER	SmokeTest	21	START	1570467390070	1570467390070
REQUEST	20		SmokeTest	1570467388414	1570467391380	OK	 
REQUEST	19		SmokeTest	1570467388775	1570467392584	OK	 
USER	SmokeTest	19	END	1570467385627	1570467392588
USER	SmokeTest	22	START	1570467392588	1570467392588
REQUEST	21		SmokeTest	1570467390071	1570467393574	OK	 
REQUEST	22		SmokeTest	1570467392590	1570467396378	OK	 
REQUEST	20		SmokeTest	1570467391386	1570467396673	OK	 
USER	SmokeTest	20	END	1570467388412	1570467396675
USER	SmokeTest	23	START	1570467396676	1570467396676
REQUEST	21		SmokeTest	1570467393577	1570467398267	OK	 
USER	SmokeTest	21	END	1570467390070	1570467398269
USER	SmokeTest	24	START	1570467398269	1570467398269
REQUEST	23		SmokeTest	1570467396677	1570467399678	OK	 
REQUEST	22		SmokeTest	1570467396380	1570467399966	OK	 
USER	SmokeTest	22	END	1570467392588	1570467399968
USER	SmokeTest	25	START	1570467399968	1570467399968
REQUEST	24		SmokeTest	1570467398270	1570467401071	OK	 
REQUEST	25		SmokeTest	1570467399970	1570467403266	OK	 
REQUEST	23		SmokeTest	1570467399682	1570467404268	OK	 
USER	SmokeTest	23	END	1570467396676	1570467404270
USER	SmokeTest	26	START	1570467404270	1570467404270
REQUEST	24		SmokeTest	1570467401073	1570467406366	OK	 
USER	SmokeTest	24	END	1570467398269	1570467406367
USER	SmokeTest	27	START	1570467406368	1570467406368
REQUEST	26		SmokeTest	1570467404271	1570467407378	OK	 
REQUEST	25		SmokeTest	1570467403269	1570467407526	OK	 
USER	SmokeTest	25	END	1570467399968	1570467407527
USER	SmokeTest	28	START	1570467407528	1570467407528
REQUEST	27		SmokeTest	1570467406369	1570467409392	OK	 
REQUEST	28		SmokeTest	1570467407529	1570467411166	OK	 
REQUEST	26		SmokeTest	1570467407381	1570467412174	OK	 
USER	SmokeTest	26	END	1570467404270	1570467412176
USER	SmokeTest	29	START	1570467412176	1570467412176
REQUEST	27		SmokeTest	1570467409396	1570467414467	OK	 
USER	SmokeTest	27	END	1570467406368	1570467414468
USER	SmokeTest	30	START	1570467414468	1570467414468
REQUEST	29		SmokeTest	1570467412177	1570467415467	KO	jsonPath($.data.token.value).find.exists, found nothing
ERROR	SmokeTest: Failed to build request: No attribute named 'value' is defined 	1570467415469
USER	SmokeTest	29	END	1570467412176	1570467415476
USER	SmokeTest	31	START	1570467415476	1570467415476
REQUEST	28		SmokeTest	1570467411168	1570467415538	OK	 
USER	SmokeTest	28	END	1570467407528	1570467415539
USER	SmokeTest	32	START	1570467415539	1570467415539
REQUEST	30		SmokeTest	1570467414469	1570467416487	OK	 
REQUEST	31		SmokeTest	1570467415477	1570467418773	OK	 
REQUEST	32		SmokeTest	1570467415540	1570467419001	OK	 
REQUEST	30		SmokeTest	1570467416489	1570467421467	OK	 
USER	SmokeTest	30	END	1570467414468	1570467421470
USER	SmokeTest	33	START	1570467421470	1570467421470
REQUEST	31		SmokeTest	1570467418777	1570467423671	OK	 
USER	SmokeTest	31	END	1570467415476	1570467423673
USER	SmokeTest	34	START	1570467423674	1570467423674
REQUEST	32		SmokeTest	1570467419003	1570467423787	OK	 
USER	SmokeTest	32	END	1570467415539	1570467423788
USER	SmokeTest	35	START	1570467423789	1570467423789
REQUEST	33		SmokeTest	1570467421472	1570467424381	OK	 
REQUEST	34		SmokeTest	1570467423675	1570467427072	OK	 
REQUEST	35		SmokeTest	1570467423790	1570467427175	OK	 
REQUEST	33		SmokeTest	1570467424383	1570467429703	OK	 
USER	SmokeTest	33	END	1570467421470	1570467429705
USER	SmokeTest	36	START	1570467429705	1570467429705
REQUEST	35		SmokeTest	1570467427177	1570467431667	OK	 
USER	SmokeTest	35	END	1570467423789	1570467431669
USER	SmokeTest	37	START	1570467431669	1570467431669
REQUEST	34		SmokeTest	1570467427074	1570467431717	OK	 
USER	SmokeTest	34	END	1570467423674	1570467431719
USER	SmokeTest	38	START	1570467431719	1570467431719
REQUEST	36		SmokeTest	1570467429706	1570467432370	OK	 
REQUEST	38		SmokeTest	1570467431720	1570467434685	OK	 
REQUEST	37		SmokeTest	1570467431670	1570467434866	OK	 
REQUEST	36		SmokeTest	1570467432372	1570467437425	OK	 
USER	SmokeTest	36	END	1570467429705	1570467437427
USER	SmokeTest	39	START	1570467437427	1570467437427
REQUEST	38		SmokeTest	1570467434689	1570467437514	KO	status.find.in(200,201,202,203,204,205,206,207,208,209,304), found 400
USER	SmokeTest	38	END	1570467431719	1570467437517
USER	SmokeTest	40	START	1570467437517	1570467437517
REQUEST	37		SmokeTest	1570467434869	1570467437521	KO	status.find.in(200,201,202,203,204,205,206,207,208,209,304), found 400
USER	SmokeTest	37	END	1570467431669	1570467437523
USER	SmokeTest	41	START	1570467437525	1570467437525
REQUEST	41		SmokeTest	1570467437526	1570467445681	OK	 
REQUEST	40		SmokeTest	1570467437518	1570467448874	OK	 
REQUEST	39		SmokeTest	1570467437428	1570467448890	OK	 
REQUEST	40		SmokeTest	1570467448877	1570467457851	KO	status.find.in(200,201,202,203,204,205,206,207,208,209,304), found 400
USER	SmokeTest	40	END	1570467437517	1570467457854
USER	SmokeTest	42	START	1570467457854	1570467457854
REQUEST	39		SmokeTest	1570467448892	1570467457972	KO	status.find.in(200,201,202,203,204,205,206,207,208,209,304), found 400
USER	SmokeTest	39	END	1570467437427	1570467457974
USER	SmokeTest	43	START	1570467457974	1570467457974
