RUN	SmokeTest.getCreditDetails	getcreditdetails	1570466522090	 	3.0.2
USER	SmokeTest	1	START	1570466525399	1570466525399
USER	SmokeTest	2	START	1570466525769	1570466525769
USER	SmokeTest	3	START	1570466526094	1570466526094
REQUEST	1		SmokeTest	1570466525449	1570466529485	OK	 
REQUEST	2		SmokeTest	1570466525773	1570466529516	OK	 
USER	SmokeTest	2	END	1570466525769	1570466529529
USER	SmokeTest	4	START	1570466529530	1570466529530
USER	SmokeTest	1	END	1570466525399	1570466529529
USER	SmokeTest	5	START	1570466529531	1570466529531
REQUEST	3		SmokeTest	1570466526096	1570466529597	KO	status.find.in(200,201,202,203,204,205,206,207,208,209,304), found 400
USER	SmokeTest	3	END	1570466526094	1570466529603
USER	SmokeTest	6	START	1570466529604	1570466529604
REQUEST	5		SmokeTest	1570466529532	1570466532881	OK	 
USER	SmokeTest	5	END	1570466529531	1570466532883
USER	SmokeTest	7	START	1570466532884	1570466532884
REQUEST	4		SmokeTest	1570466529531	1570466532888	OK	 
REQUEST	6		SmokeTest	1570466529605	1570466532889	OK	 
USER	SmokeTest	6	END	1570466529604	1570466532891
USER	SmokeTest	8	START	1570466532891	1570466532891
USER	SmokeTest	4	END	1570466529530	1570466532891
USER	SmokeTest	9	START	1570466532892	1570466532892
REQUEST	8		SmokeTest	1570466532892	1570466535880	OK	 
USER	SmokeTest	8	END	1570466532891	1570466535884
USER	SmokeTest	10	START	1570466535885	1570466535885
REQUEST	7		SmokeTest	1570466532885	1570466535892	OK	 
USER	SmokeTest	7	END	1570466532884	1570466535895
USER	SmokeTest	11	START	1570466535896	1570466535896
REQUEST	9		SmokeTest	1570466532893	1570466535896	OK	 
USER	SmokeTest	9	END	1570466532892	1570466535899
USER	SmokeTest	12	START	1570466535900	1570466535900
REQUEST	11		SmokeTest	1570466535898	1570466538592	OK	 
USER	SmokeTest	11	END	1570466535896	1570466538595
USER	SmokeTest	13	START	1570466538596	1570466538596
REQUEST	12		SmokeTest	1570466535901	1570466538782	OK	 
USER	SmokeTest	12	END	1570466535900	1570466538786
USER	SmokeTest	14	START	1570466538787	1570466538787
REQUEST	10		SmokeTest	1570466535889	1570466538789	OK	 
USER	SmokeTest	10	END	1570466535885	1570466538793
USER	SmokeTest	15	START	1570466538793	1570466538793
REQUEST	13		SmokeTest	1570466538597	1570466540621	OK	 
USER	SmokeTest	13	END	1570466538596	1570466540623
USER	SmokeTest	16	START	1570466540623	1570466540623
REQUEST	14		SmokeTest	1570466538789	1570466541386	OK	 
USER	SmokeTest	14	END	1570466538787	1570466541389
USER	SmokeTest	17	START	1570466541389	1570466541389
REQUEST	15		SmokeTest	1570466538794	1570466541580	OK	 
USER	SmokeTest	15	END	1570466538793	1570466541585
USER	SmokeTest	18	START	1570466541585	1570466541585
REQUEST	16		SmokeTest	1570466540624	1570466542181	KO	status.find.in(200,201,202,203,204,205,206,207,208,209,304), found 400
USER	SmokeTest	16	END	1570466540623	1570466542183
USER	SmokeTest	19	START	1570466542183	1570466542183
REQUEST	17		SmokeTest	1570466541390	1570466543583	OK	 
USER	SmokeTest	17	END	1570466541389	1570466543586
USER	SmokeTest	20	START	1570466543587	1570466543587
REQUEST	18		SmokeTest	1570466541586	1570466544087	OK	 
USER	SmokeTest	18	END	1570466541585	1570466544091
USER	SmokeTest	21	START	1570466544093	1570466544093
REQUEST	19		SmokeTest	1570466542184	1570466544688	OK	 
USER	SmokeTest	19	END	1570466542183	1570466544689
USER	SmokeTest	22	START	1570466544690	1570466544690
REQUEST	20		SmokeTest	1570466543588	1570466545390	OK	 
USER	SmokeTest	20	END	1570466543587	1570466545393
USER	SmokeTest	23	START	1570466545393	1570466545393
REQUEST	21		SmokeTest	1570466544094	1570466546095	OK	 
USER	SmokeTest	21	END	1570466544093	1570466546099
USER	SmokeTest	24	START	1570466546100	1570466546100
REQUEST	22		SmokeTest	1570466544691	1570466546674	OK	 
USER	SmokeTest	22	END	1570466544690	1570466546678
USER	SmokeTest	25	START	1570466546679	1570466546679
REQUEST	23		SmokeTest	1570466545395	1570466547206	OK	 
USER	SmokeTest	23	END	1570466545393	1570466547208
USER	SmokeTest	26	START	1570466547208	1570466547208
REQUEST	24		SmokeTest	1570466546104	1570466548079	OK	 
USER	SmokeTest	24	END	1570466546100	1570466548082
USER	SmokeTest	27	START	1570466548082	1570466548082
REQUEST	25		SmokeTest	1570466546681	1570466548780	OK	 
USER	SmokeTest	25	END	1570466546679	1570466548785
USER	SmokeTest	28	START	1570466548786	1570466548786
REQUEST	26		SmokeTest	1570466547209	1570466549236	OK	 
USER	SmokeTest	26	END	1570466547208	1570466549238
USER	SmokeTest	29	START	1570466549238	1570466549238
REQUEST	27		SmokeTest	1570466548083	1570466549881	OK	 
USER	SmokeTest	27	END	1570466548082	1570466549883
USER	SmokeTest	30	START	1570466549884	1570466549884
REQUEST	28		SmokeTest	1570466548789	1570466551176	OK	 
USER	SmokeTest	28	END	1570466548786	1570466551180
REQUEST	29		SmokeTest	1570466549239	1570466551178	KO	status.find.in(200,201,202,203,204,205,206,207,208,209,304), found 400
USER	SmokeTest	31	START	1570466551181	1570466551181
USER	SmokeTest	29	END	1570466549238	1570466551182
USER	SmokeTest	32	START	1570466551182	1570466551182
REQUEST	30		SmokeTest	1570466549885	1570466552176	OK	 
USER	SmokeTest	30	END	1570466549884	1570466552179
USER	SmokeTest	33	START	1570466552180	1570466552180
REQUEST	32		SmokeTest	1570466551185	1570466553303	OK	 
USER	SmokeTest	32	END	1570466551182	1570466553307
REQUEST	31		SmokeTest	1570466551184	1570466553305	OK	 
USER	SmokeTest	34	START	1570466553307	1570466553307
USER	SmokeTest	31	END	1570466551181	1570466553309
USER	SmokeTest	35	START	1570466553310	1570466553310
REQUEST	33		SmokeTest	1570466552182	1570466553818	OK	 
USER	SmokeTest	33	END	1570466552180	1570466553820
USER	SmokeTest	36	START	1570466553821	1570466553821
REQUEST	34		SmokeTest	1570466553309	1570466555279	OK	 
USER	SmokeTest	34	END	1570466553307	1570466555282
USER	SmokeTest	37	START	1570466555283	1570466555283
REQUEST	35		SmokeTest	1570466553312	1570466555308	OK	 
USER	SmokeTest	35	END	1570466553310	1570466555311
USER	SmokeTest	38	START	1570466555312	1570466555312
REQUEST	36		SmokeTest	1570466553822	1570466555888	OK	 
USER	SmokeTest	36	END	1570466553821	1570466555889
USER	SmokeTest	39	START	1570466555889	1570466555889
REQUEST	38		SmokeTest	1570466555313	1570466557219	OK	 
REQUEST	37		SmokeTest	1570466555285	1570466557219	OK	 
USER	SmokeTest	37	END	1570466555283	1570466557221
USER	SmokeTest	40	START	1570466557222	1570466557222
USER	SmokeTest	38	END	1570466555312	1570466557221
USER	SmokeTest	41	START	1570466557223	1570466557223
REQUEST	39		SmokeTest	1570466555890	1570466557801	OK	 
USER	SmokeTest	39	END	1570466555889	1570466557803
USER	SmokeTest	42	START	1570466557804	1570466557804
REQUEST	40		SmokeTest	1570466557224	1570466559486	OK	 
USER	SmokeTest	40	END	1570466557222	1570466559489
USER	SmokeTest	43	START	1570466559489	1570466559489
REQUEST	41		SmokeTest	1570466557225	1570466559500	OK	 
USER	SmokeTest	41	END	1570466557223	1570466559501
USER	SmokeTest	44	START	1570466559501	1570466559501
REQUEST	42		SmokeTest	1570466557805	1570466560099	KO	status.find.in(200,201,202,203,204,205,206,207,208,209,304), found 400
USER	SmokeTest	42	END	1570466557804	1570466560121
USER	SmokeTest	45	START	1570466560121	1570466560121
REQUEST	44		SmokeTest	1570466559502	1570466561719	OK	 
USER	SmokeTest	44	END	1570466559501	1570466561722
USER	SmokeTest	46	START	1570466561723	1570466561723
REQUEST	43		SmokeTest	1570466559490	1570466561792	OK	 
USER	SmokeTest	43	END	1570466559489	1570466561794
USER	SmokeTest	47	START	1570466561794	1570466561794
REQUEST	45		SmokeTest	1570466560122	1570466562301	OK	 
USER	SmokeTest	45	END	1570466560121	1570466562302
USER	SmokeTest	48	START	1570466562303	1570466562303
REQUEST	46		SmokeTest	1570466561724	1570466563779	OK	 
USER	SmokeTest	46	END	1570466561723	1570466563781
USER	SmokeTest	49	START	1570466563781	1570466563781
REQUEST	47		SmokeTest	1570466561796	1570466563916	OK	 
USER	SmokeTest	47	END	1570466561794	1570466563918
USER	SmokeTest	50	START	1570466563918	1570466563918
REQUEST	48		SmokeTest	1570466562303	1570466564403	OK	 
USER	SmokeTest	48	END	1570466562303	1570466564404
USER	SmokeTest	51	START	1570466564405	1570466564405
REQUEST	49		SmokeTest	1570466563783	1570466565592	OK	 
USER	SmokeTest	49	END	1570466563781	1570466565593
USER	SmokeTest	52	START	1570466565593	1570466565593
REQUEST	50		SmokeTest	1570466563921	1570466566073	OK	 
USER	SmokeTest	50	END	1570466563918	1570466566076
USER	SmokeTest	53	START	1570466566076	1570466566076
REQUEST	51		SmokeTest	1570466564406	1570466566498	OK	 
USER	SmokeTest	51	END	1570466564405	1570466566501
USER	SmokeTest	54	START	1570466566501	1570466566501
REQUEST	52		SmokeTest	1570466565594	1570466567197	OK	 
USER	SmokeTest	52	END	1570466565593	1570466567211
USER	SmokeTest	55	START	1570466567211	1570466567211
REQUEST	53		SmokeTest	1570466566078	1570466568913	OK	 
USER	SmokeTest	53	END	1570466566076	1570466568915
USER	SmokeTest	56	START	1570466568915	1570466568915
REQUEST	54		SmokeTest	1570466566503	1570466569286	OK	 
USER	SmokeTest	54	END	1570466566501	1570466569287
USER	SmokeTest	57	START	1570466569287	1570466569287
REQUEST	55		SmokeTest	1570466567213	1570466569583	KO	status.find.in(200,201,202,203,204,205,206,207,208,209,304), found 400
USER	SmokeTest	55	END	1570466567211	1570466569584
USER	SmokeTest	58	START	1570466569584	1570466569584
REQUEST	56		SmokeTest	1570466568917	1570466570378	OK	 
USER	SmokeTest	56	END	1570466568915	1570466570380
USER	SmokeTest	59	START	1570466570380	1570466570380
REQUEST	57		SmokeTest	1570466569288	1570466571292	OK	 
USER	SmokeTest	57	END	1570466569287	1570466571293
USER	SmokeTest	60	START	1570466571293	1570466571293
REQUEST	58		SmokeTest	1570466569585	1570466571786	OK	 
USER	SmokeTest	58	END	1570466569584	1570466571788
USER	SmokeTest	61	START	1570466571788	1570466571788
REQUEST	59		SmokeTest	1570466570382	1570466572380	OK	 
USER	SmokeTest	59	END	1570466570380	1570466572383
USER	SmokeTest	62	START	1570466572383	1570466572383
REQUEST	60		SmokeTest	1570466571294	1570466573090	OK	 
USER	SmokeTest	60	END	1570466571293	1570466573092
USER	SmokeTest	63	START	1570466573092	1570466573092
REQUEST	61		SmokeTest	1570466571790	1570466573793	OK	 
USER	SmokeTest	61	END	1570466571788	1570466573795
USER	SmokeTest	64	START	1570466573795	1570466573795
REQUEST	62		SmokeTest	1570466572384	1570466574480	OK	 
USER	SmokeTest	62	END	1570466572383	1570466574482
USER	SmokeTest	65	START	1570466574482	1570466574482
REQUEST	63		SmokeTest	1570466573093	1570466575190	OK	 
USER	SmokeTest	63	END	1570466573092	1570466575192
USER	SmokeTest	66	START	1570466575192	1570466575192
REQUEST	64		SmokeTest	1570466573797	1570466575793	OK	 
USER	SmokeTest	64	END	1570466573795	1570466575794
USER	SmokeTest	67	START	1570466575794	1570466575794
REQUEST	65		SmokeTest	1570466574484	1570466576496	OK	 
USER	SmokeTest	65	END	1570466574482	1570466576498
USER	SmokeTest	68	START	1570466576498	1570466576498
REQUEST	66		SmokeTest	1570466575192	1570466577686	OK	 
USER	SmokeTest	66	END	1570466575192	1570466577687
USER	SmokeTest	69	START	1570466577687	1570466577687
REQUEST	67		SmokeTest	1570466575795	1570466578104	OK	 
USER	SmokeTest	67	END	1570466575794	1570466578106
USER	SmokeTest	70	START	1570466578106	1570466578106
REQUEST	68		SmokeTest	1570466576499	1570466578780	KO	status.find.in(200,201,202,203,204,205,206,207,208,209,304), found 400
USER	SmokeTest	68	END	1570466576498	1570466578784
USER	SmokeTest	71	START	1570466578784	1570466578784
REQUEST	69		SmokeTest	1570466577689	1570466579783	OK	 
USER	SmokeTest	69	END	1570466577687	1570466579785
USER	SmokeTest	72	START	1570466579785	1570466579785
REQUEST	70		SmokeTest	1570466578106	1570466580185	OK	 
USER	SmokeTest	70	END	1570466578106	1570466580186
USER	SmokeTest	73	START	1570466580186	1570466580186
REQUEST	71		SmokeTest	1570466578786	1570466580700	OK	 
USER	SmokeTest	71	END	1570466578784	1570466580702
USER	SmokeTest	74	START	1570466580702	1570466580702
REQUEST	72		SmokeTest	1570466579786	1570466581479	OK	 
USER	SmokeTest	72	END	1570466579785	1570466581480
USER	SmokeTest	75	START	1570466581480	1570466581480
REQUEST	73		SmokeTest	1570466580187	1570466582284	OK	 
USER	SmokeTest	73	END	1570466580186	1570466582287
USER	SmokeTest	76	START	1570466582287	1570466582287
REQUEST	74		SmokeTest	1570466580704	1570466582911	OK	 
USER	SmokeTest	74	END	1570466580702	1570466582912
USER	SmokeTest	77	START	1570466582913	1570466582913
REQUEST	75		SmokeTest	1570466581482	1570466583473	OK	 
USER	SmokeTest	75	END	1570466581480	1570466583475
USER	SmokeTest	78	START	1570466583475	1570466583475
REQUEST	76		SmokeTest	1570466582288	1570466584177	OK	 
USER	SmokeTest	76	END	1570466582287	1570466584178
USER	SmokeTest	79	START	1570466584178	1570466584178
REQUEST	77		SmokeTest	1570466582914	1570466584783	OK	 
USER	SmokeTest	77	END	1570466582913	1570466584786
USER	SmokeTest	80	START	1570466584787	1570466584787
REQUEST	78		SmokeTest	1570466583477	1570466585474	OK	 
USER	SmokeTest	78	END	1570466583475	1570466585477
USER	SmokeTest	81	START	1570466585477	1570466585477
REQUEST	79		SmokeTest	1570466584179	1570466586175	OK	 
USER	SmokeTest	79	END	1570466584178	1570466586176
USER	SmokeTest	82	START	1570466586177	1570466586177
REQUEST	80		SmokeTest	1570466584789	1570466586885	OK	 
USER	SmokeTest	80	END	1570466584787	1570466586886
USER	SmokeTest	83	START	1570466586886	1570466586886
REQUEST	81		SmokeTest	1570466585479	1570466587887	KO	status.find.in(200,201,202,203,204,205,206,207,208,209,304), found 400
USER	SmokeTest	81	END	1570466585477	1570466587889
USER	SmokeTest	84	START	1570466587889	1570466587889
REQUEST	82		SmokeTest	1570466586178	1570466588590	OK	 
USER	SmokeTest	82	END	1570466586177	1570466588592
USER	SmokeTest	85	START	1570466588592	1570466588592
REQUEST	83		SmokeTest	1570466586887	1570466589075	OK	 
USER	SmokeTest	83	END	1570466586886	1570466589076
USER	SmokeTest	86	START	1570466589076	1570466589076
REQUEST	84		SmokeTest	1570466587890	1570466589694	OK	 
USER	SmokeTest	84	END	1570466587889	1570466589695
USER	SmokeTest	87	START	1570466589695	1570466589695
REQUEST	85		SmokeTest	1570466588593	1570466590500	OK	 
USER	SmokeTest	85	END	1570466588592	1570466590501
USER	SmokeTest	88	START	1570466590502	1570466590502
REQUEST	86		SmokeTest	1570466589077	1570466591278	OK	 
USER	SmokeTest	86	END	1570466589076	1570466591280
USER	SmokeTest	89	START	1570466591280	1570466591280
REQUEST	87		SmokeTest	1570466589696	1570466591795	OK	 
USER	SmokeTest	87	END	1570466589695	1570466591797
USER	SmokeTest	90	START	1570466591798	1570466591798
REQUEST	88		SmokeTest	1570466590503	1570466592388	OK	 
USER	SmokeTest	88	END	1570466590502	1570466592390
USER	SmokeTest	91	START	1570466592392	1570466592392
REQUEST	89		SmokeTest	1570466591281	1570466593180	OK	 
USER	SmokeTest	89	END	1570466591280	1570466593182
USER	SmokeTest	92	START	1570466593182	1570466593182
REQUEST	90		SmokeTest	1570466591801	1570466593789	OK	 
USER	SmokeTest	90	END	1570466591798	1570466593791
USER	SmokeTest	93	START	1570466593791	1570466593791
REQUEST	91		SmokeTest	1570466592393	1570466594520	OK	 
USER	SmokeTest	91	END	1570466592392	1570466594523
USER	SmokeTest	94	START	1570466594523	1570466594523
REQUEST	92		SmokeTest	1570466593182	1570466595187	OK	 
USER	SmokeTest	92	END	1570466593182	1570466595188
USER	SmokeTest	95	START	1570466595188	1570466595188
REQUEST	93		SmokeTest	1570466593793	1570466595882	OK	 
USER	SmokeTest	93	END	1570466593791	1570466595883
USER	SmokeTest	96	START	1570466595883	1570466595883
REQUEST	94		SmokeTest	1570466594525	1570466596574	KO	status.find.in(200,201,202,203,204,205,206,207,208,209,304), found 400
USER	SmokeTest	94	END	1570466594523	1570466596575
USER	SmokeTest	97	START	1570466596576	1570466596576
REQUEST	95		SmokeTest	1570466595189	1570466597594	OK	 
USER	SmokeTest	95	END	1570466595188	1570466597595
USER	SmokeTest	98	START	1570466597595	1570466597595
REQUEST	96		SmokeTest	1570466595884	1570466598499	OK	 
USER	SmokeTest	96	END	1570466595883	1570466598502
USER	SmokeTest	99	START	1570466598502	1570466598502
REQUEST	97		SmokeTest	1570466596577	1570466598892	OK	 
USER	SmokeTest	97	END	1570466596576	1570466598893
USER	SmokeTest	100	START	1570466598893	1570466598893
REQUEST	98		SmokeTest	1570466597596	1570466599483	OK	 
USER	SmokeTest	98	END	1570466597595	1570466599485
USER	SmokeTest	101	START	1570466599485	1570466599485
REQUEST	99		SmokeTest	1570466598503	1570466600290	OK	 
USER	SmokeTest	99	END	1570466598502	1570466600291
USER	SmokeTest	102	START	1570466600292	1570466600292
REQUEST	100		SmokeTest	1570466598894	1570466601077	OK	 
USER	SmokeTest	100	END	1570466598893	1570466601079
USER	SmokeTest	103	START	1570466601079	1570466601079
REQUEST	101		SmokeTest	1570466599488	1570466601591	OK	 
USER	SmokeTest	101	END	1570466599485	1570466601593
USER	SmokeTest	104	START	1570466601594	1570466601594
REQUEST	102		SmokeTest	1570466600293	1570466602105	OK	 
USER	SmokeTest	102	END	1570466600292	1570466602106
USER	SmokeTest	105	START	1570466602106	1570466602106
REQUEST	103		SmokeTest	1570466601081	1570466602995	OK	 
USER	SmokeTest	103	END	1570466601079	1570466602996
USER	SmokeTest	106	START	1570466602997	1570466602997
REQUEST	104		SmokeTest	1570466601595	1570466604173	OK	 
USER	SmokeTest	104	END	1570466601594	1570466604175
USER	SmokeTest	107	START	1570466604175	1570466604175
REQUEST	105		SmokeTest	1570466602107	1570466604217	OK	 
USER	SmokeTest	105	END	1570466602106	1570466604218
USER	SmokeTest	108	START	1570466604218	1570466604218
REQUEST	106		SmokeTest	1570466602997	1570466604806	OK	 
USER	SmokeTest	106	END	1570466602997	1570466604808
USER	SmokeTest	109	START	1570466604808	1570466604808
REQUEST	108		SmokeTest	1570466604219	1570466606397	OK	 
USER	SmokeTest	108	END	1570466604218	1570466606398
USER	SmokeTest	110	START	1570466606398	1570466606398
REQUEST	107		SmokeTest	1570466604176	1570466606524	KO	status.find.in(200,201,202,203,204,205,206,207,208,209,304), found 400
USER	SmokeTest	107	END	1570466604175	1570466606525
USER	SmokeTest	111	START	1570466606526	1570466606526
REQUEST	109		SmokeTest	1570466604809	1570466607100	OK	 
USER	SmokeTest	109	END	1570466604808	1570466607102
USER	SmokeTest	112	START	1570466607103	1570466607103
REQUEST	110		SmokeTest	1570466606399	1570466608891	OK	 
USER	SmokeTest	110	END	1570466606398	1570466608894
USER	SmokeTest	113	START	1570466608894	1570466608894
REQUEST	111		SmokeTest	1570466606526	1570466609087	OK	 
USER	SmokeTest	111	END	1570466606526	1570466609088
USER	SmokeTest	114	START	1570466609088	1570466609088
REQUEST	112		SmokeTest	1570466607105	1570466609409	OK	 
USER	SmokeTest	112	END	1570466607103	1570466609411
USER	SmokeTest	115	START	1570466609411	1570466609411
REQUEST	113		SmokeTest	1570466608897	1570466610397	OK	 
USER	SmokeTest	113	END	1570466608894	1570466610399
USER	SmokeTest	116	START	1570466610399	1570466610399
REQUEST	114		SmokeTest	1570466609089	1570466611483	OK	 
USER	SmokeTest	114	END	1570466609088	1570466611484
USER	SmokeTest	117	START	1570466611484	1570466611484
REQUEST	115		SmokeTest	1570466609411	1570466611678	OK	 
USER	SmokeTest	115	END	1570466609411	1570466611679
USER	SmokeTest	118	START	1570466611679	1570466611679
REQUEST	116		SmokeTest	1570466610401	1570466612208	OK	 
USER	SmokeTest	116	END	1570466610399	1570466612209
USER	SmokeTest	119	START	1570466612210	1570466612210
REQUEST	117		SmokeTest	1570466611485	1570466612898	OK	 
USER	SmokeTest	117	END	1570466611484	1570466612899
USER	SmokeTest	120	START	1570466612900	1570466612900
REQUEST	118		SmokeTest	1570466611680	1570466613579	OK	 
USER	SmokeTest	118	END	1570466611679	1570466613580
USER	SmokeTest	121	START	1570466613580	1570466613580
REQUEST	119		SmokeTest	1570466612211	1570466614513	OK	 
USER	SmokeTest	119	END	1570466612210	1570466614514
USER	SmokeTest	122	START	1570466614515	1570466614515
REQUEST	120		SmokeTest	1570466612901	1570466614896	KO	status.find.in(200,201,202,203,204,205,206,207,208,209,304), found 400
USER	SmokeTest	120	END	1570466612900	1570466614898
USER	SmokeTest	123	START	1570466614900	1570466614900
REQUEST	121		SmokeTest	1570466613581	1570466615507	OK	 
USER	SmokeTest	121	END	1570466613580	1570466615512
USER	SmokeTest	124	START	1570466615512	1570466615512
REQUEST	122		SmokeTest	1570466614515	1570466616485	OK	 
USER	SmokeTest	122	END	1570466614515	1570466616489
USER	SmokeTest	125	START	1570466616489	1570466616489
REQUEST	123		SmokeTest	1570466614904	1570466616990	OK	 
USER	SmokeTest	123	END	1570466614900	1570466616991
USER	SmokeTest	126	START	1570466616992	1570466616992
REQUEST	124		SmokeTest	1570466615516	1570466617882	OK	 
USER	SmokeTest	124	END	1570466615512	1570466617884
USER	SmokeTest	127	START	1570466617884	1570466617884
REQUEST	125		SmokeTest	1570466616492	1570466619387	OK	 
USER	SmokeTest	125	END	1570466616489	1570466619388
USER	SmokeTest	128	START	1570466619388	1570466619388
REQUEST	126		SmokeTest	1570466616993	1570466619478	OK	 
USER	SmokeTest	126	END	1570466616992	1570466619479
USER	SmokeTest	129	START	1570466619479	1570466619479
REQUEST	127		SmokeTest	1570466617885	1570466620003	OK	 
USER	SmokeTest	127	END	1570466617884	1570466620006
USER	SmokeTest	130	START	1570466620006	1570466620006
REQUEST	128		SmokeTest	1570466619390	1570466621211	OK	 
USER	SmokeTest	128	END	1570466619388	1570466621213
USER	SmokeTest	131	START	1570466621213	1570466621213
REQUEST	129		SmokeTest	1570466619480	1570466621779	OK	 
USER	SmokeTest	129	END	1570466619479	1570466621781
USER	SmokeTest	132	START	1570466621781	1570466621781
REQUEST	130		SmokeTest	1570466620007	1570466622377	OK	 
USER	SmokeTest	130	END	1570466620006	1570466622378
USER	SmokeTest	133	START	1570466622378	1570466622378
REQUEST	131		SmokeTest	1570466621214	1570466623078	OK	 
USER	SmokeTest	131	END	1570466621213	1570466623079
USER	SmokeTest	134	START	1570466623079	1570466623079
REQUEST	132		SmokeTest	1570466621783	1570466624082	OK	 
USER	SmokeTest	132	END	1570466621781	1570466624084
USER	SmokeTest	135	START	1570466624084	1570466624084
REQUEST	133		SmokeTest	1570466622379	1570466624580	KO	status.find.in(200,201,202,203,204,205,206,207,208,209,304), found 400
USER	SmokeTest	133	END	1570466622378	1570466624581
USER	SmokeTest	136	START	1570466624581	1570466624581
REQUEST	134		SmokeTest	1570466623080	1570466625085	OK	 
USER	SmokeTest	134	END	1570466623079	1570466625086
USER	SmokeTest	137	START	1570466625086	1570466625086
REQUEST	135		SmokeTest	1570466624084	1570466625792	OK	 
USER	SmokeTest	135	END	1570466624084	1570466625793
USER	SmokeTest	138	START	1570466625793	1570466625793
REQUEST	136		SmokeTest	1570466624582	1570466626872	OK	 
USER	SmokeTest	136	END	1570466624581	1570466626874
USER	SmokeTest	139	START	1570466626874	1570466626874
REQUEST	137		SmokeTest	1570466625087	1570466627188	OK	 
USER	SmokeTest	137	END	1570466625086	1570466627190
USER	SmokeTest	140	START	1570466627190	1570466627190
REQUEST	138		SmokeTest	1570466625794	1570466627787	OK	 
USER	SmokeTest	138	END	1570466625793	1570466627789
USER	SmokeTest	141	START	1570466627789	1570466627789
REQUEST	139		SmokeTest	1570466626875	1570466629314	OK	 
USER	SmokeTest	139	END	1570466626874	1570466629316
USER	SmokeTest	142	START	1570466629316	1570466629316
REQUEST	140		SmokeTest	1570466627191	1570466629888	OK	 
USER	SmokeTest	140	END	1570466627190	1570466629889
USER	SmokeTest	143	START	1570466629889	1570466629889
REQUEST	141		SmokeTest	1570466627789	1570466630200	OK	 
USER	SmokeTest	141	END	1570466627789	1570466630204
USER	SmokeTest	144	START	1570466630204	1570466630204
REQUEST	142		SmokeTest	1570466629317	1570466630893	OK	 
USER	SmokeTest	142	END	1570466629316	1570466630894
USER	SmokeTest	145	START	1570466630894	1570466630894
REQUEST	143		SmokeTest	1570466629890	1570466631589	OK	 
USER	SmokeTest	143	END	1570466629889	1570466631592
USER	SmokeTest	146	START	1570466631593	1570466631593
REQUEST	144		SmokeTest	1570466630206	1570466632391	OK	 
USER	SmokeTest	144	END	1570466630204	1570466632392
USER	SmokeTest	147	START	1570466632392	1570466632392
REQUEST	145		SmokeTest	1570466630895	1570466632981	OK	 
USER	SmokeTest	145	END	1570466630894	1570466632983
USER	SmokeTest	148	START	1570466632983	1570466632983
REQUEST	146		SmokeTest	1570466631594	1570466633676	OK	 
USER	SmokeTest	146	END	1570466631593	1570466633677
USER	SmokeTest	149	START	1570466633678	1570466633678
REQUEST	147		SmokeTest	1570466632393	1570466634475	OK	 
USER	SmokeTest	147	END	1570466632392	1570466634476
USER	SmokeTest	150	START	1570466634476	1570466634476
REQUEST	148		SmokeTest	1570466632983	1570466635179	OK	 
USER	SmokeTest	148	END	1570466632983	1570466635180
USER	SmokeTest	151	START	1570466635180	1570466635180
REQUEST	149		SmokeTest	1570466633679	1570466635674	OK	 
USER	SmokeTest	149	END	1570466633678	1570466635676
USER	SmokeTest	152	START	1570466635676	1570466635676
REQUEST	150		SmokeTest	1570466634477	1570466636274	OK	 
USER	SmokeTest	150	END	1570466634476	1570466636277
USER	SmokeTest	153	START	1570466636282	1570466636282
REQUEST	151		SmokeTest	1570466635181	1570466636881	OK	 
USER	SmokeTest	151	END	1570466635180	1570466636883
USER	SmokeTest	154	START	1570466636883	1570466636883
REQUEST	152		SmokeTest	1570466635677	1570466638074	OK	 
USER	SmokeTest	152	END	1570466635676	1570466638076
USER	SmokeTest	155	START	1570466638076	1570466638076
REQUEST	153		SmokeTest	1570466636287	1570466638385	OK	 
USER	SmokeTest	153	END	1570466636282	1570466638386
USER	SmokeTest	156	START	1570466638386	1570466638386
REQUEST	154		SmokeTest	1570466636885	1570466639488	OK	 
USER	SmokeTest	154	END	1570466636883	1570466639489
USER	SmokeTest	157	START	1570466639489	1570466639489
REQUEST	155		SmokeTest	1570466638077	1570466640193	OK	 
USER	SmokeTest	155	END	1570466638076	1570466640195
USER	SmokeTest	158	START	1570466640195	1570466640195
REQUEST	156		SmokeTest	1570466638387	1570466640600	OK	 
USER	SmokeTest	156	END	1570466638386	1570466640601
USER	SmokeTest	159	START	1570466640601	1570466640601
REQUEST	157		SmokeTest	1570466639490	1570466641195	OK	 
USER	SmokeTest	157	END	1570466639489	1570466641196
USER	SmokeTest	160	START	1570466641196	1570466641196
REQUEST	158		SmokeTest	1570466640196	1570466642076	OK	 
USER	SmokeTest	158	END	1570466640195	1570466642077
USER	SmokeTest	161	START	1570466642077	1570466642077
REQUEST	159		SmokeTest	1570466640602	1570466642777	OK	 
USER	SmokeTest	159	END	1570466640601	1570466642778
USER	SmokeTest	162	START	1570466642778	1570466642778
REQUEST	160		SmokeTest	1570466641196	1570466643196	OK	 
USER	SmokeTest	160	END	1570466641196	1570466643197
USER	SmokeTest	163	START	1570466643197	1570466643197
REQUEST	161		SmokeTest	1570466642078	1570466643897	OK	 
USER	SmokeTest	161	END	1570466642077	1570466643898
USER	SmokeTest	164	START	1570466643898	1570466643898
REQUEST	162		SmokeTest	1570466642779	1570466645080	OK	 
USER	SmokeTest	162	END	1570466642778	1570466645083
USER	SmokeTest	165	START	1570466645083	1570466645083
