RUN	SmokeTest.getCreditDetails	getcreditdetails	1570467023496	 	3.0.2
USER	SmokeTest	1	START	1570467025661	1570467025661
USER	SmokeTest	2	START	1570467026019	1570467026019
USER	SmokeTest	3	START	1570467026353	1570467026353
REQUEST	2		SmokeTest	1570467026021	1570467028078	OK	 
REQUEST	1		SmokeTest	1570467025699	1570467028082	OK	 
USER	SmokeTest	1	END	1570467025661	1570467028137
USER	SmokeTest	4	START	1570467028138	1570467028138
USER	SmokeTest	2	END	1570467026019	1570467028137
USER	SmokeTest	5	START	1570467028139	1570467028139
REQUEST	3		SmokeTest	1570467026355	1570467028707	KO	status.find.in(200,201,202,203,204,205,206,207,208,209,304), found 400
USER	SmokeTest	3	END	1570467026353	1570467028713
USER	SmokeTest	6	START	1570467028713	1570467028713
REQUEST	5		SmokeTest	1570467028141	1570467030276	OK	 
USER	SmokeTest	5	END	1570467028139	1570467030278
USER	SmokeTest	7	START	1570467030278	1570467030278
REQUEST	4		SmokeTest	1570467028140	1570467030402	OK	 
USER	SmokeTest	4	END	1570467028138	1570467030404
USER	SmokeTest	8	START	1570467030405	1570467030405
REQUEST	6		SmokeTest	1570467028714	1570467031036	OK	 
USER	SmokeTest	6	END	1570467028713	1570467031040
USER	SmokeTest	9	START	1570467031041	1570467031041
REQUEST	7		SmokeTest	1570467030279	1570467032082	OK	 
USER	SmokeTest	7	END	1570467030278	1570467032088
USER	SmokeTest	10	START	1570467032088	1570467032088
REQUEST	8		SmokeTest	1570467030406	1570467032670	OK	 
USER	SmokeTest	8	END	1570467030405	1570467032674
USER	SmokeTest	11	START	1570467032675	1570467032675
REQUEST	9		SmokeTest	1570467031043	1570467033289	OK	 
USER	SmokeTest	9	END	1570467031041	1570467033292
USER	SmokeTest	12	START	1570467033292	1570467033292
REQUEST	10		SmokeTest	1570467032091	1570467034078	OK	 
USER	SmokeTest	10	END	1570467032088	1570467034080
USER	SmokeTest	13	START	1570467034081	1570467034081
REQUEST	11		SmokeTest	1570467032677	1570467034693	OK	 
USER	SmokeTest	11	END	1570467032675	1570467034696
USER	SmokeTest	14	START	1570467034697	1570467034697
REQUEST	12		SmokeTest	1570467033294	1570467035393	OK	 
USER	SmokeTest	12	END	1570467033292	1570467035395
USER	SmokeTest	15	START	1570467035396	1570467035396
REQUEST	13		SmokeTest	1570467034082	1570467036269	OK	 
USER	SmokeTest	13	END	1570467034081	1570467036272
USER	SmokeTest	16	START	1570467036272	1570467036272
REQUEST	14		SmokeTest	1570467034698	1570467036890	OK	 
USER	SmokeTest	14	END	1570467034697	1570467036892
USER	SmokeTest	17	START	1570467036892	1570467036892
REQUEST	15		SmokeTest	1570467035397	1570467037476	OK	 
USER	SmokeTest	15	END	1570467035396	1570467037479
USER	SmokeTest	18	START	1570467037479	1570467037479
REQUEST	16		SmokeTest	1570467036274	1570467038175	KO	status.find.in(200,201,202,203,204,205,206,207,208,209,304), found 400
USER	SmokeTest	16	END	1570467036272	1570467038178
USER	SmokeTest	19	START	1570467038178	1570467038178
REQUEST	17		SmokeTest	1570467036893	1570467038892	OK	 
USER	SmokeTest	17	END	1570467036892	1570467038894
USER	SmokeTest	20	START	1570467038894	1570467038894
REQUEST	18		SmokeTest	1570467037481	1570467040177	OK	 
USER	SmokeTest	18	END	1570467037479	1570467040179
USER	SmokeTest	21	START	1570467040179	1570467040179
REQUEST	19		SmokeTest	1570467038180	1570467040972	OK	 
USER	SmokeTest	19	END	1570467038178	1570467040974
USER	SmokeTest	22	START	1570467040975	1570467040975
REQUEST	20		SmokeTest	1570467038895	1570467041387	OK	 
USER	SmokeTest	20	END	1570467038894	1570467041389
USER	SmokeTest	23	START	1570467041389	1570467041389
REQUEST	21		SmokeTest	1570467040181	1570467041997	OK	 
USER	SmokeTest	21	END	1570467040179	1570467042001
USER	SmokeTest	24	START	1570467042001	1570467042001
REQUEST	22		SmokeTest	1570467040976	1570467043178	OK	 
USER	SmokeTest	22	END	1570467040975	1570467043180
USER	SmokeTest	25	START	1570467043181	1570467043181
REQUEST	23		SmokeTest	1570467041390	1570467043574	OK	 
USER	SmokeTest	23	END	1570467041389	1570467043577
USER	SmokeTest	26	START	1570467043578	1570467043578
REQUEST	24		SmokeTest	1570467042003	1570467044090	OK	 
USER	SmokeTest	24	END	1570467042001	1570467044092
USER	SmokeTest	27	START	1570467044092	1570467044092
REQUEST	25		SmokeTest	1570467043182	1570467044984	OK	 
USER	SmokeTest	25	END	1570467043181	1570467044986
USER	SmokeTest	28	START	1570467044986	1570467044986
REQUEST	26		SmokeTest	1570467043579	1570467045772	OK	 
USER	SmokeTest	26	END	1570467043578	1570467045776
USER	SmokeTest	29	START	1570467045776	1570467045776
REQUEST	27		SmokeTest	1570467044093	1570467046413	OK	 
USER	SmokeTest	27	END	1570467044092	1570467046417
USER	SmokeTest	30	START	1570467046417	1570467046417
REQUEST	28		SmokeTest	1570467044988	1570467046899	OK	 
USER	SmokeTest	28	END	1570467044986	1570467046902
USER	SmokeTest	31	START	1570467046903	1570467046903
REQUEST	29		SmokeTest	1570467045779	1570467047712	KO	status.find.in(200,201,202,203,204,205,206,207,208,209,304), found 400
USER	SmokeTest	29	END	1570467045776	1570467047716
USER	SmokeTest	32	START	1570467047717	1570467047717
REQUEST	30		SmokeTest	1570467046419	1570467048676	OK	 
USER	SmokeTest	30	END	1570467046417	1570467048679
USER	SmokeTest	33	START	1570467048694	1570467048694
REQUEST	31		SmokeTest	1570467046905	1570467049088	OK	 
USER	SmokeTest	31	END	1570467046903	1570467049090
USER	SmokeTest	34	START	1570467049090	1570467049090
REQUEST	32		SmokeTest	1570467047719	1570467049698	OK	 
USER	SmokeTest	32	END	1570467047717	1570467049701
USER	SmokeTest	35	START	1570467049701	1570467049701
REQUEST	33		SmokeTest	1570467048695	1570467050977	OK	 
USER	SmokeTest	33	END	1570467048694	1570467050979
USER	SmokeTest	36	START	1570467050980	1570467050980
REQUEST	34		SmokeTest	1570467049092	1570467051679	OK	 
USER	SmokeTest	34	END	1570467049090	1570467051682
USER	SmokeTest	37	START	1570467051683	1570467051683
REQUEST	35		SmokeTest	1570467049703	1570467052187	OK	 
USER	SmokeTest	35	END	1570467049701	1570467052190
USER	SmokeTest	38	START	1570467052190	1570467052190
REQUEST	36		SmokeTest	1570467050981	1570467052796	OK	 
USER	SmokeTest	36	END	1570467050980	1570467052799
USER	SmokeTest	39	START	1570467052800	1570467052800
REQUEST	37		SmokeTest	1570467051684	1570467053784	OK	 
USER	SmokeTest	37	END	1570467051683	1570467053786
USER	SmokeTest	40	START	1570467053787	1570467053787
REQUEST	38		SmokeTest	1570467052192	1570467054371	OK	 
USER	SmokeTest	38	END	1570467052190	1570467054373
USER	SmokeTest	41	START	1570467054373	1570467054373
REQUEST	39		SmokeTest	1570467052802	1570467054886	OK	 
USER	SmokeTest	39	END	1570467052800	1570467054889
USER	SmokeTest	42	START	1570467054889	1570467054889
REQUEST	40		SmokeTest	1570467053788	1570467055619	OK	 
USER	SmokeTest	40	END	1570467053787	1570467055623
USER	SmokeTest	43	START	1570467055623	1570467055623
REQUEST	41		SmokeTest	1570467054374	1570467056385	OK	 
USER	SmokeTest	41	END	1570467054373	1570467056388
USER	SmokeTest	44	START	1570467056388	1570467056388
REQUEST	42		SmokeTest	1570467054890	1570467056997	KO	status.find.in(200,201,202,203,204,205,206,207,208,209,304), found 400
USER	SmokeTest	42	END	1570467054889	1570467056999
USER	SmokeTest	45	START	1570467057000	1570467057000
REQUEST	43		SmokeTest	1570467055625	1570467057577	OK	 
USER	SmokeTest	43	END	1570467055623	1570467057584
USER	SmokeTest	46	START	1570467057585	1570467057585
REQUEST	44		SmokeTest	1570467056390	1570467058481	OK	 
USER	SmokeTest	44	END	1570467056388	1570467058484
USER	SmokeTest	47	START	1570467058484	1570467058484
REQUEST	45		SmokeTest	1570467057000	1570467059074	OK	 
USER	SmokeTest	45	END	1570467057000	1570467059077
USER	SmokeTest	48	START	1570467059077	1570467059077
REQUEST	46		SmokeTest	1570467057586	1570467059606	OK	 
USER	SmokeTest	46	END	1570467057585	1570467059609
USER	SmokeTest	49	START	1570467059609	1570467059609
REQUEST	47		SmokeTest	1570467058486	1570467060383	OK	 
USER	SmokeTest	47	END	1570467058484	1570467060386
USER	SmokeTest	50	START	1570467060386	1570467060386
REQUEST	48		SmokeTest	1570467059079	1570467061587	OK	 
USER	SmokeTest	48	END	1570467059077	1570467061589
USER	SmokeTest	51	START	1570467061590	1570467061590
REQUEST	49		SmokeTest	1570467059611	1570467062072	OK	 
USER	SmokeTest	49	END	1570467059609	1570467062073
USER	SmokeTest	52	START	1570467062073	1570467062073
REQUEST	52		SmokeTest	1570467062075	1570467064482	OK	 
USER	SmokeTest	52	END	1570467062073	1570467064483
USER	SmokeTest	53	START	1570467064484	1570467064484
REQUEST	51		SmokeTest	1570467061591	1570467064697	OK	 
USER	SmokeTest	51	END	1570467061590	1570467064699
USER	SmokeTest	54	START	1570467064699	1570467064699
REQUEST	50		SmokeTest	1570467060387	1570467064913	OK	 
USER	SmokeTest	50	END	1570467060386	1570467064915
USER	SmokeTest	55	START	1570467064915	1570467064915
REQUEST	53		SmokeTest	1570467064485	1570467066000	OK	 
USER	SmokeTest	53	END	1570467064484	1570467066002
USER	SmokeTest	56	START	1570467066002	1570467066002
REQUEST	55		SmokeTest	1570467064916	1570467067381	KO	status.find.in(200,201,202,203,204,205,206,207,208,209,304), found 400
USER	SmokeTest	55	END	1570467064915	1570467067383
USER	SmokeTest	57	START	1570467067383	1570467067383
REQUEST	54		SmokeTest	1570467064701	1570467067406	OK	 
USER	SmokeTest	54	END	1570467064699	1570467067408
USER	SmokeTest	58	START	1570467067409	1570467067409
REQUEST	56		SmokeTest	1570467066003	1570467068004	OK	 
USER	SmokeTest	56	END	1570467066002	1570467068006
USER	SmokeTest	59	START	1570467068006	1570467068006
REQUEST	57		SmokeTest	1570467067385	1570467070085	OK	 
USER	SmokeTest	57	END	1570467067383	1570467070088
USER	SmokeTest	60	START	1570467070088	1570467070088
REQUEST	58		SmokeTest	1570467067410	1570467070585	OK	 
USER	SmokeTest	58	END	1570467067409	1570467070587
USER	SmokeTest	61	START	1570467070587	1570467070587
REQUEST	59		SmokeTest	1570467068007	1570467070841	OK	 
USER	SmokeTest	59	END	1570467068006	1570467070843
USER	SmokeTest	62	START	1570467070843	1570467070843
REQUEST	60		SmokeTest	1570467070090	1570467071575	OK	 
USER	SmokeTest	60	END	1570467070088	1570467071577
USER	SmokeTest	63	START	1570467071578	1570467071578
REQUEST	63		SmokeTest	1570467071580	1570467076080	OK	 
USER	SmokeTest	63	END	1570467071578	1570467076082
USER	SmokeTest	64	START	1570467076082	1570467076082
REQUEST	62		SmokeTest	1570467070844	1570467076183	OK	 
USER	SmokeTest	62	END	1570467070843	1570467076185
USER	SmokeTest	65	START	1570467076185	1570467076185
REQUEST	61		SmokeTest	1570467070588	1570467076194	OK	 
USER	SmokeTest	61	END	1570467070587	1570467076196
USER	SmokeTest	66	START	1570467076196	1570467076196
REQUEST	64		SmokeTest	1570467076084	1570467078377	OK	 
USER	SmokeTest	64	END	1570467076082	1570467078380
USER	SmokeTest	67	START	1570467078380	1570467078380
REQUEST	66		SmokeTest	1570467076198	1570467078674	OK	 
USER	SmokeTest	66	END	1570467076196	1570467078675
USER	SmokeTest	68	START	1570467078675	1570467078675
REQUEST	65		SmokeTest	1570467076187	1570467078893	OK	 
USER	SmokeTest	65	END	1570467076185	1570467078894
USER	SmokeTest	69	START	1570467078894	1570467078894
REQUEST	67		SmokeTest	1570467078382	1570467080314	OK	 
USER	SmokeTest	67	END	1570467078380	1570467080317
USER	SmokeTest	70	START	1570467080317	1570467080317
REQUEST	68		SmokeTest	1570467078676	1570467080978	KO	status.find.in(200,201,202,203,204,205,206,207,208,209,304), found 400
USER	SmokeTest	68	END	1570467078675	1570467080981
USER	SmokeTest	71	START	1570467080981	1570467080981
REQUEST	69		SmokeTest	1570467078895	1570467081396	OK	 
USER	SmokeTest	69	END	1570467078894	1570467081397
USER	SmokeTest	72	START	1570467081398	1570467081398
REQUEST	70		SmokeTest	1570467080319	1570467082075	OK	 
USER	SmokeTest	70	END	1570467080317	1570467082077
USER	SmokeTest	73	START	1570467082077	1570467082077
REQUEST	71		SmokeTest	1570467080982	1570467083177	OK	 
USER	SmokeTest	71	END	1570467080981	1570467083181
USER	SmokeTest	74	START	1570467083184	1570467083184
REQUEST	72		SmokeTest	1570467081398	1570467083479	OK	 
USER	SmokeTest	72	END	1570467081398	1570467083480
USER	SmokeTest	75	START	1570467083481	1570467083481
REQUEST	73		SmokeTest	1570467082079	1570467084207	OK	 
USER	SmokeTest	73	END	1570467082077	1570467084209
USER	SmokeTest	76	START	1570467084209	1570467084209
REQUEST	74		SmokeTest	1570467083186	1570467085474	OK	 
USER	SmokeTest	74	END	1570467083184	1570467085476
USER	SmokeTest	77	START	1570467085476	1570467085476
REQUEST	75		SmokeTest	1570467083482	1570467085785	OK	 
USER	SmokeTest	75	END	1570467083481	1570467085786
USER	SmokeTest	78	START	1570467085787	1570467085787
REQUEST	76		SmokeTest	1570467084211	1570467086286	OK	 
USER	SmokeTest	76	END	1570467084209	1570467086290
USER	SmokeTest	79	START	1570467086290	1570467086290
REQUEST	77		SmokeTest	1570467085477	1570467087082	OK	 
USER	SmokeTest	77	END	1570467085476	1570467087084
USER	SmokeTest	80	START	1570467087084	1570467087084
REQUEST	78		SmokeTest	1570467085787	1570467088119	OK	 
USER	SmokeTest	78	END	1570467085787	1570467088121
USER	SmokeTest	81	START	1570467088121	1570467088121
REQUEST	79		SmokeTest	1570467086292	1570467088387	OK	 
USER	SmokeTest	79	END	1570467086290	1570467088388
USER	SmokeTest	82	START	1570467088389	1570467088389
REQUEST	80		SmokeTest	1570467087085	1570467088997	OK	 
USER	SmokeTest	80	END	1570467087084	1570467089000
USER	SmokeTest	83	START	1570467089000	1570467089000
REQUEST	81		SmokeTest	1570467088122	1570467090182	KO	status.find.in(200,201,202,203,204,205,206,207,208,209,304), found 400
USER	SmokeTest	81	END	1570467088121	1570467090185
USER	SmokeTest	84	START	1570467090185	1570467090185
REQUEST	82		SmokeTest	1570467088390	1570467090396	OK	 
USER	SmokeTest	82	END	1570467088389	1570467090397
USER	SmokeTest	85	START	1570467090397	1570467090397
REQUEST	83		SmokeTest	1570467089002	1570467091087	OK	 
USER	SmokeTest	83	END	1570467089000	1570467091088
USER	SmokeTest	86	START	1570467091088	1570467091088
REQUEST	84		SmokeTest	1570467090188	1570467092396	OK	 
USER	SmokeTest	84	END	1570467090185	1570467092399
USER	SmokeTest	87	START	1570467092399	1570467092399
REQUEST	85		SmokeTest	1570467090399	1570467092492	OK	 
USER	SmokeTest	85	END	1570467090397	1570467092495
USER	SmokeTest	88	START	1570467092495	1570467092495
REQUEST	86		SmokeTest	1570467091090	1570467093503	OK	 
USER	SmokeTest	86	END	1570467091088	1570467093504
USER	SmokeTest	89	START	1570467093504	1570467093504
REQUEST	88		SmokeTest	1570467092498	1570467094894	OK	 
USER	SmokeTest	88	END	1570467092495	1570467094896
USER	SmokeTest	90	START	1570467094896	1570467094896
REQUEST	87		SmokeTest	1570467092401	1570467094973	OK	 
USER	SmokeTest	87	END	1570467092399	1570467094975
USER	SmokeTest	91	START	1570467094975	1570467094975
REQUEST	89		SmokeTest	1570467093505	1570467095653	OK	 
USER	SmokeTest	89	END	1570467093504	1570467095655
USER	SmokeTest	92	START	1570467095655	1570467095655
REQUEST	90		SmokeTest	1570467094899	1570467096883	OK	 
USER	SmokeTest	90	END	1570467094896	1570467096884
USER	SmokeTest	93	START	1570467096884	1570467096884
REQUEST	91		SmokeTest	1570467094976	1570467097082	OK	 
USER	SmokeTest	91	END	1570467094975	1570467097084
USER	SmokeTest	94	START	1570467097084	1570467097084
REQUEST	92		SmokeTest	1570467095656	1570467097713	OK	 
USER	SmokeTest	92	END	1570467095655	1570467097714
USER	SmokeTest	95	START	1570467097714	1570467097714
REQUEST	93		SmokeTest	1570467096885	1570467098581	OK	 
USER	SmokeTest	93	END	1570467096884	1570467098584
USER	SmokeTest	96	START	1570467098585	1570467098585
REQUEST	94		SmokeTest	1570467097085	1570467099489	KO	status.find.in(200,201,202,203,204,205,206,207,208,209,304), found 400
USER	SmokeTest	94	END	1570467097084	1570467099491
USER	SmokeTest	97	START	1570467099491	1570467099491
REQUEST	95		SmokeTest	1570467097715	1570467099599	OK	 
USER	SmokeTest	95	END	1570467097714	1570467099601
USER	SmokeTest	98	START	1570467099601	1570467099601
REQUEST	96		SmokeTest	1570467098588	1570467100187	OK	 
USER	SmokeTest	96	END	1570467098585	1570467100188
USER	SmokeTest	99	START	1570467100188	1570467100188
REQUEST	97		SmokeTest	1570467099493	1570467101886	OK	 
REQUEST	98		SmokeTest	1570467099602	1570467101886	OK	 
USER	SmokeTest	97	END	1570467099491	1570467101887
USER	SmokeTest	100	START	1570467101888	1570467101888
USER	SmokeTest	98	END	1570467099601	1570467101888
USER	SmokeTest	101	START	1570467101889	1570467101889
REQUEST	99		SmokeTest	1570467100189	1570467102414	OK	 
USER	SmokeTest	99	END	1570467100188	1570467102416
USER	SmokeTest	102	START	1570467102417	1570467102417
REQUEST	101		SmokeTest	1570467101891	1570467103872	OK	 
USER	SmokeTest	101	END	1570467101889	1570467103874
USER	SmokeTest	103	START	1570467103874	1570467103874
REQUEST	100		SmokeTest	1570467101890	1570467103899	OK	 
USER	SmokeTest	100	END	1570467101888	1570467103900
USER	SmokeTest	104	START	1570467103900	1570467103900
REQUEST	102		SmokeTest	1570467102418	1570467104506	OK	 
USER	SmokeTest	102	END	1570467102417	1570467104507
USER	SmokeTest	105	START	1570467104508	1570467104508
REQUEST	104		SmokeTest	1570467103901	1570467105275	OK	 
USER	SmokeTest	104	END	1570467103900	1570467105276
USER	SmokeTest	106	START	1570467105277	1570467105277
REQUEST	103		SmokeTest	1570467103875	1570467106289	OK	 
USER	SmokeTest	103	END	1570467103874	1570467106291
USER	SmokeTest	107	START	1570467106292	1570467106292
REQUEST	105		SmokeTest	1570467104509	1570467106473	OK	 
USER	SmokeTest	105	END	1570467104508	1570467106475
USER	SmokeTest	108	START	1570467106475	1570467106475
REQUEST	106		SmokeTest	1570467105278	1570467107105	OK	 
USER	SmokeTest	106	END	1570467105277	1570467107106
USER	SmokeTest	109	START	1570467107106	1570467107106
REQUEST	107		SmokeTest	1570467106294	1570467108696	KO	status.find.in(200,201,202,203,204,205,206,207,208,209,304), found 400
REQUEST	108		SmokeTest	1570467106477	1570467108698	OK	 
USER	SmokeTest	107	END	1570467106292	1570467108697
USER	SmokeTest	110	START	1570467108706	1570467108706
USER	SmokeTest	108	END	1570467106475	1570467108705
USER	SmokeTest	111	START	1570467108706	1570467108706
REQUEST	109		SmokeTest	1570467107107	1570467109083	OK	 
USER	SmokeTest	109	END	1570467107106	1570467109085
USER	SmokeTest	112	START	1570467109085	1570467109085
REQUEST	111		SmokeTest	1570467108707	1570467110992	OK	 
REQUEST	110		SmokeTest	1570467108707	1570467110993	OK	 
USER	SmokeTest	111	END	1570467108706	1570467110994
USER	SmokeTest	113	START	1570467110995	1570467110995
USER	SmokeTest	110	END	1570467108706	1570467110994
USER	SmokeTest	114	START	1570467110995	1570467110995
REQUEST	112		SmokeTest	1570467109087	1570467111594	OK	 
USER	SmokeTest	112	END	1570467109085	1570467111596
USER	SmokeTest	115	START	1570467111596	1570467111596
REQUEST	114		SmokeTest	1570467110997	1570467113086	OK	 
USER	SmokeTest	114	END	1570467110995	1570467113087
USER	SmokeTest	116	START	1570467113087	1570467113087
REQUEST	113		SmokeTest	1570467110996	1570467113088	OK	 
USER	SmokeTest	113	END	1570467110995	1570467113093
USER	SmokeTest	117	START	1570467113094	1570467113094
REQUEST	115		SmokeTest	1570467111597	1570467113776	OK	 
USER	SmokeTest	115	END	1570467111596	1570467113777
USER	SmokeTest	118	START	1570467113778	1570467113778
REQUEST	116		SmokeTest	1570467113088	1570467115191	OK	 
USER	SmokeTest	116	END	1570467113087	1570467115200
USER	SmokeTest	119	START	1570467115200	1570467115200
REQUEST	117		SmokeTest	1570467113095	1570467115201	OK	 
USER	SmokeTest	117	END	1570467113094	1570467115202
USER	SmokeTest	120	START	1570467115202	1570467115202
REQUEST	118		SmokeTest	1570467113779	1570467115870	OK	 
USER	SmokeTest	118	END	1570467113778	1570467115872
USER	SmokeTest	121	START	1570467115872	1570467115872
REQUEST	120		SmokeTest	1570467115203	1570467117186	KO	status.find.in(200,201,202,203,204,205,206,207,208,209,304), found 400
USER	SmokeTest	120	END	1570467115202	1570467117189
USER	SmokeTest	122	START	1570467117189	1570467117189
REQUEST	119		SmokeTest	1570467115201	1570467117223	OK	 
USER	SmokeTest	119	END	1570467115200	1570467117224
USER	SmokeTest	123	START	1570467117224	1570467117224
REQUEST	121		SmokeTest	1570467115873	1570467117799	OK	 
USER	SmokeTest	121	END	1570467115872	1570467117800
USER	SmokeTest	124	START	1570467117800	1570467117800
REQUEST	122		SmokeTest	1570467117190	1570467118901	OK	 
USER	SmokeTest	122	END	1570467117189	1570467118903
USER	SmokeTest	125	START	1570467118903	1570467118903
REQUEST	123		SmokeTest	1570467117225	1570467119575	OK	 
USER	SmokeTest	123	END	1570467117224	1570467119577
USER	SmokeTest	126	START	1570467119577	1570467119577
REQUEST	124		SmokeTest	1570467117800	1570467120180	OK	 
USER	SmokeTest	124	END	1570467117800	1570467120182
USER	SmokeTest	127	START	1570467120182	1570467120182
REQUEST	125		SmokeTest	1570467118903	1570467120883	OK	 
USER	SmokeTest	125	END	1570467118903	1570467120884
USER	SmokeTest	128	START	1570467120885	1570467120885
REQUEST	126		SmokeTest	1570467119624	1570467121483	OK	 
USER	SmokeTest	126	END	1570467119577	1570467121484
USER	SmokeTest	129	START	1570467121484	1570467121484
REQUEST	127		SmokeTest	1570467120184	1570467122091	OK	 
USER	SmokeTest	127	END	1570467120182	1570467122093
USER	SmokeTest	130	START	1570467122093	1570467122093
REQUEST	128		SmokeTest	1570467120886	1570467122744	OK	 
USER	SmokeTest	128	END	1570467120885	1570467122745
USER	SmokeTest	131	START	1570467122746	1570467122746
REQUEST	129		SmokeTest	1570467121485	1570467123381	OK	 
USER	SmokeTest	129	END	1570467121484	1570467123382
USER	SmokeTest	132	START	1570467123382	1570467123382
REQUEST	130		SmokeTest	1570467122095	1570467123998	OK	 
USER	SmokeTest	130	END	1570467122093	1570467123999
USER	SmokeTest	133	START	1570467123999	1570467123999
REQUEST	131		SmokeTest	1570467122747	1570467124604	OK	 
USER	SmokeTest	131	END	1570467122746	1570467124605
USER	SmokeTest	134	START	1570467124605	1570467124605
REQUEST	132		SmokeTest	1570467123383	1570467125208	OK	 
USER	SmokeTest	132	END	1570467123382	1570467125208
USER	SmokeTest	135	START	1570467125209	1570467125209
REQUEST	133		SmokeTest	1570467124000	1570467126000	KO	status.find.in(200,201,202,203,204,205,206,207,208,209,304), found 400
USER	SmokeTest	133	END	1570467123999	1570467126001
USER	SmokeTest	136	START	1570467126001	1570467126001
REQUEST	134		SmokeTest	1570467124605	1570467127174	OK	 
USER	SmokeTest	134	END	1570467124605	1570467127176
USER	SmokeTest	137	START	1570467127176	1570467127176
REQUEST	135		SmokeTest	1570467125209	1570467127183	OK	 
USER	SmokeTest	135	END	1570467125209	1570467127185
USER	SmokeTest	138	START	1570467127185	1570467127185
REQUEST	136		SmokeTest	1570467126002	1570467128047	OK	 
USER	SmokeTest	136	END	1570467126001	1570467128048
USER	SmokeTest	139	START	1570467128048	1570467128048
REQUEST	138		SmokeTest	1570467127186	1570467129277	OK	 
USER	SmokeTest	138	END	1570467127185	1570467129278
USER	SmokeTest	140	START	1570467129278	1570467129278
REQUEST	137		SmokeTest	1570467127177	1570467129301	OK	 
USER	SmokeTest	137	END	1570467127176	1570467129303
USER	SmokeTest	141	START	1570467129303	1570467129303
REQUEST	139		SmokeTest	1570467128049	1570467129875	OK	 
USER	SmokeTest	139	END	1570467128048	1570467129877
USER	SmokeTest	142	START	1570467129878	1570467129878
REQUEST	140		SmokeTest	1570467129279	1570467130706	OK	 
USER	SmokeTest	140	END	1570467129278	1570467130707
USER	SmokeTest	143	START	1570467130708	1570467130708
REQUEST	142		SmokeTest	1570467129879	1570467132113	OK	 
USER	SmokeTest	142	END	1570467129878	1570467132115
USER	SmokeTest	144	START	1570467132115	1570467132115
REQUEST	141		SmokeTest	1570467129303	1570467132146	OK	 
USER	SmokeTest	141	END	1570467129303	1570467132147
USER	SmokeTest	145	START	1570467132147	1570467132147
REQUEST	143		SmokeTest	1570467130708	1570467132902	OK	 
USER	SmokeTest	143	END	1570467130708	1570467132903
USER	SmokeTest	146	START	1570467132903	1570467132903
REQUEST	144		SmokeTest	1570467132115	1570467134098	OK	 
USER	SmokeTest	144	END	1570467132115	1570467134099
USER	SmokeTest	147	START	1570467134100	1570467134100
REQUEST	145		SmokeTest	1570467132147	1570467134108	OK	 
USER	SmokeTest	145	END	1570467132147	1570467134109
USER	SmokeTest	148	START	1570467134109	1570467134109
REQUEST	146		SmokeTest	1570467132904	1570467134694	OK	 
USER	SmokeTest	146	END	1570467132903	1570467134695
USER	SmokeTest	149	START	1570467134696	1570467134696
REQUEST	147		SmokeTest	1570467134100	1570467136004	OK	 
USER	SmokeTest	147	END	1570467134100	1570467136005
USER	SmokeTest	150	START	1570467136005	1570467136005
REQUEST	148		SmokeTest	1570467134110	1570467136010	OK	 
USER	SmokeTest	148	END	1570467134109	1570467136011
USER	SmokeTest	151	START	1570467136012	1570467136012
REQUEST	149		SmokeTest	1570467134697	1570467136681	OK	 
USER	SmokeTest	149	END	1570467134696	1570467136682
USER	SmokeTest	152	START	1570467136682	1570467136682
REQUEST	151		SmokeTest	1570467136012	1570467137985	OK	 
USER	SmokeTest	151	END	1570467136012	1570467137987
USER	SmokeTest	153	START	1570467137987	1570467137987
REQUEST	150		SmokeTest	1570467136006	1570467137991	OK	 
USER	SmokeTest	150	END	1570467136005	1570467137994
USER	SmokeTest	154	START	1570467137995	1570467137995
REQUEST	152		SmokeTest	1570467136683	1570467138690	OK	 
USER	SmokeTest	152	END	1570467136682	1570467138691
USER	SmokeTest	155	START	1570467138691	1570467138691
REQUEST	153		SmokeTest	1570467137988	1570467139985	OK	 
USER	SmokeTest	153	END	1570467137987	1570467139986
USER	SmokeTest	156	START	1570467139986	1570467139986
REQUEST	154		SmokeTest	1570467137996	1570467139992	OK	 
USER	SmokeTest	154	END	1570467137995	1570467139993
USER	SmokeTest	157	START	1570467139993	1570467139993
REQUEST	155		SmokeTest	1570467138691	1570467140682	OK	 
USER	SmokeTest	155	END	1570467138691	1570467140683
USER	SmokeTest	158	START	1570467140683	1570467140683
REQUEST	156		SmokeTest	1570467139986	1570467141404	OK	 
USER	SmokeTest	156	END	1570467139986	1570467141405
USER	SmokeTest	159	START	1570467141405	1570467141405
REQUEST	157		SmokeTest	1570467139994	1570467142108	OK	 
USER	SmokeTest	157	END	1570467139993	1570467142109
USER	SmokeTest	160	START	1570467142109	1570467142109
REQUEST	158		SmokeTest	1570467140684	1570467142690	OK	 
USER	SmokeTest	158	END	1570467140683	1570467142691
USER	SmokeTest	161	START	1570467142691	1570467142691
REQUEST	159		SmokeTest	1570467141406	1570467143389	OK	 
USER	SmokeTest	159	END	1570467141405	1570467143390
USER	SmokeTest	162	START	1570467143390	1570467143390
REQUEST	160		SmokeTest	1570467142110	1570467144479	OK	 
REQUEST	161		SmokeTest	1570467142692	1570467144479	OK	 
USER	SmokeTest	161	END	1570467142691	1570467144481
USER	SmokeTest	163	START	1570467144481	1570467144481
USER	SmokeTest	160	END	1570467142109	1570467144481
USER	SmokeTest	164	START	1570467144482	1570467144482
REQUEST	162		SmokeTest	1570467143391	1570467145504	OK	 
USER	SmokeTest	162	END	1570467143390	1570467145505
USER	SmokeTest	165	START	1570467145505	1570467145505
